Tue, 26 Jul 2022 16:23:22-root-DBHelper.py-[line:33]-INFO-[日志信息]: mongodb://127.0.0.1:27017
Tue, 26 Jul 2022 16:23:26-root-tcpservser.py-[line:157]-DEBUG-[日志信息]: 客户端连接。
Tue, 26 Jul 2022 16:23:26-urllib3.connectionpool-connectionpool.py-[line:228]-DEBUG-[日志信息]: Starting new HTTP connection (1): 127.0.0.1:5000
Tue, 26 Jul 2022 16:23:26-urllib3.connectionpool-connectionpool.py-[line:456]-DEBUG-[日志信息]: http://127.0.0.1:5000 "POST /api/login HTTP/1.1" 200 339
Tue, 26 Jul 2022 16:23:26-root-tcpservser.py-[line:128]-DEBUG-[日志信息]: 收到包头:b'\x00\x00\x80?\xdd\x00\x00\x00'
Tue, 26 Jul 2022 16:23:26-root-tcpservser.py-[line:133]-DEBUG-[日志信息]: 收到包体:b'{"method": "4001", "body": {"token": "eyJhbGciOiJIUzI1NiIsInR5cCI6IkpXVCJ9.eyJleHAiOjE2NTk0Mjg2MDYuNzc5MzAyNiwidXNlcmlkIjoiYmEwYjdkZjAtYTdjYS00YTMxLTkzZDYtZTBiY2VmYzQxZGRjIn0.aKuPwH-KPsVQxqU-m9cD3G4Q_fFMSJu9GZ1R5XBLxCw"}}'
Tue, 26 Jul 2022 16:23:26-root-tcpservser.py-[line:77]-INFO-[日志信息]: 解析头耗时：0.001995086669921875
Tue, 26 Jul 2022 16:23:26-root-tcpservser.py-[line:165]-INFO-[日志信息]: 耗时：0.002991199493408203
Tue, 26 Jul 2022 16:23:26-root-tcpservser.py-[line:181]-DEBUG-[日志信息]: 客户端可写。
Tue, 26 Jul 2022 16:23:28-root-MessageQueue.py-[line:60]-DEBUG-[日志信息]: there are no request data, queue is empty.
Tue, 26 Jul 2022 16:23:29-root-MessageQueue.py-[line:60]-DEBUG-[日志信息]: there are no request data, queue is empty.
Tue, 26 Jul 2022 16:23:30-root-MessageQueue.py-[line:60]-DEBUG-[日志信息]: there are no request data, queue is empty.
Tue, 26 Jul 2022 16:23:31-root-MessageQueue.py-[line:60]-DEBUG-[日志信息]: there are no request data, queue is empty.
Tue, 26 Jul 2022 16:23:32-root-MessageQueue.py-[line:60]-DEBUG-[日志信息]: there are no request data, queue is empty.
Tue, 26 Jul 2022 16:23:33-root-MessageQueue.py-[line:60]-DEBUG-[日志信息]: there are no request data, queue is empty.
Tue, 26 Jul 2022 16:23:34-root-MessageQueue.py-[line:60]-DEBUG-[日志信息]: there are no request data, queue is empty.
Tue, 26 Jul 2022 16:23:35-root-MessageQueue.py-[line:60]-DEBUG-[日志信息]: there are no request data, queue is empty.
Tue, 26 Jul 2022 16:23:36-root-MessageQueue.py-[line:60]-DEBUG-[日志信息]: there are no request data, queue is empty.
Tue, 26 Jul 2022 16:23:37-root-MessageQueue.py-[line:60]-DEBUG-[日志信息]: there are no request data, queue is empty.
Tue, 26 Jul 2022 16:23:38-root-MessageQueue.py-[line:60]-DEBUG-[日志信息]: there are no request data, queue is empty.
Tue, 26 Jul 2022 16:23:39-root-MessageQueue.py-[line:60]-DEBUG-[日志信息]: there are no request data, queue is empty.
Tue, 26 Jul 2022 16:23:40-root-MessageQueue.py-[line:60]-DEBUG-[日志信息]: there are no request data, queue is empty.
Tue, 26 Jul 2022 16:23:41-root-MessageQueue.py-[line:60]-DEBUG-[日志信息]: there are no request data, queue is empty.
Tue, 26 Jul 2022 16:23:42-root-MessageQueue.py-[line:60]-DEBUG-[日志信息]: there are no request data, queue is empty.
Tue, 26 Jul 2022 16:23:43-root-MessageQueue.py-[line:60]-DEBUG-[日志信息]: there are no request data, queue is empty.
Tue, 26 Jul 2022 16:23:44-root-MessageQueue.py-[line:60]-DEBUG-[日志信息]: there are no request data, queue is empty.
Tue, 26 Jul 2022 16:23:45-root-MessageQueue.py-[line:60]-DEBUG-[日志信息]: there are no request data, queue is empty.
Tue, 26 Jul 2022 16:23:46-root-MessageQueue.py-[line:60]-DEBUG-[日志信息]: there are no request data, queue is empty.
Tue, 26 Jul 2022 16:23:47-root-MessageQueue.py-[line:60]-DEBUG-[日志信息]: there are no request data, queue is empty.
Tue, 26 Jul 2022 16:23:48-root-MessageQueue.py-[line:60]-DEBUG-[日志信息]: there are no request data, queue is empty.
Tue, 26 Jul 2022 16:23:49-root-MessageQueue.py-[line:60]-DEBUG-[日志信息]: there are no request data, queue is empty.
Tue, 26 Jul 2022 16:23:50-root-MessageQueue.py-[line:60]-DEBUG-[日志信息]: there are no request data, queue is empty.
Tue, 26 Jul 2022 16:23:51-root-MessageQueue.py-[line:60]-DEBUG-[日志信息]: there are no request data, queue is empty.
Tue, 26 Jul 2022 16:23:52-root-MessageQueue.py-[line:60]-DEBUG-[日志信息]: there are no request data, queue is empty.
Tue, 26 Jul 2022 16:23:53-root-MessageQueue.py-[line:60]-DEBUG-[日志信息]: there are no request data, queue is empty.
Tue, 26 Jul 2022 16:23:54-root-MessageQueue.py-[line:60]-DEBUG-[日志信息]: there are no request data, queue is empty.
Tue, 26 Jul 2022 16:23:56-root-MessageQueue.py-[line:60]-DEBUG-[日志信息]: there are no request data, queue is empty.
Tue, 26 Jul 2022 16:23:57-root-MessageQueue.py-[line:60]-DEBUG-[日志信息]: there are no request data, queue is empty.
Tue, 26 Jul 2022 16:23:58-root-MessageQueue.py-[line:60]-DEBUG-[日志信息]: there are no request data, queue is empty.
Tue, 26 Jul 2022 16:23:59-root-MessageQueue.py-[line:60]-DEBUG-[日志信息]: there are no request data, queue is empty.
Tue, 26 Jul 2022 16:24:00-root-MessageQueue.py-[line:60]-DEBUG-[日志信息]: there are no request data, queue is empty.
Tue, 26 Jul 2022 16:24:01-root-MessageQueue.py-[line:60]-DEBUG-[日志信息]: there are no request data, queue is empty.
Tue, 26 Jul 2022 16:24:02-root-MessageQueue.py-[line:60]-DEBUG-[日志信息]: there are no request data, queue is empty.
Tue, 26 Jul 2022 16:24:03-root-MessageQueue.py-[line:60]-DEBUG-[日志信息]: there are no request data, queue is empty.
Tue, 26 Jul 2022 16:24:04-root-MessageQueue.py-[line:60]-DEBUG-[日志信息]: there are no request data, queue is empty.
Tue, 26 Jul 2022 16:24:05-root-MessageQueue.py-[line:60]-DEBUG-[日志信息]: there are no request data, queue is empty.
Tue, 26 Jul 2022 16:24:06-root-MessageQueue.py-[line:60]-DEBUG-[日志信息]: there are no request data, queue is empty.
Tue, 26 Jul 2022 16:24:06-root-tcpservser.py-[line:157]-DEBUG-[日志信息]: 客户端连接。
Tue, 26 Jul 2022 16:24:06-urllib3.connectionpool-connectionpool.py-[line:228]-DEBUG-[日志信息]: Starting new HTTP connection (1): 127.0.0.1:5000
Tue, 26 Jul 2022 16:24:07-root-MessageQueue.py-[line:60]-DEBUG-[日志信息]: there are no request data, queue is empty.
Tue, 26 Jul 2022 16:24:07-urllib3.connectionpool-connectionpool.py-[line:456]-DEBUG-[日志信息]: http://127.0.0.1:5000 "POST /api/login HTTP/1.1" 200 337
Tue, 26 Jul 2022 16:24:07-root-tcpservser.py-[line:128]-DEBUG-[日志信息]: 收到包头:b'\x00\x00\x80?\xdd\x00\x00\x00'
Tue, 26 Jul 2022 16:24:07-root-tcpservser.py-[line:133]-DEBUG-[日志信息]: 收到包体:b'{"method": "4001", "body": {"token": "eyJhbGciOiJIUzI1NiIsInR5cCI6IkpXVCJ9.eyJleHAiOjE2NTk0Mjg2NDcuMTI4MDk5NywidXNlcmlkIjoiZjY5MmI1MTMtOGUxYy00MTBhLTkyN2ItNTg2ODdiODVkY2M4In0.De0fzVZFGNk27XKQuGXtWm9ilKg3P2ZbtWwrN4I2tNE"}}'
Tue, 26 Jul 2022 16:24:07-root-tcpservser.py-[line:77]-INFO-[日志信息]: 解析头耗时：0.0010230541229248047
Tue, 26 Jul 2022 16:24:07-root-tcpservser.py-[line:165]-INFO-[日志信息]: 耗时：0.0029914379119873047
Tue, 26 Jul 2022 16:24:07-root-tcpservser.py-[line:181]-DEBUG-[日志信息]: 客户端可写。
Tue, 26 Jul 2022 16:24:08-root-MessageQueue.py-[line:60]-DEBUG-[日志信息]: there are no request data, queue is empty.
Tue, 26 Jul 2022 16:24:09-root-MessageQueue.py-[line:60]-DEBUG-[日志信息]: there are no request data, queue is empty.
Tue, 26 Jul 2022 16:24:09-root-MessageQueue.py-[line:60]-DEBUG-[日志信息]: there are no request data, queue is empty.
Tue, 26 Jul 2022 16:24:10-root-MessageQueue.py-[line:60]-DEBUG-[日志信息]: there are no request data, queue is empty.
Tue, 26 Jul 2022 16:24:10-root-MessageQueue.py-[line:60]-DEBUG-[日志信息]: there are no request data, queue is empty.
Tue, 26 Jul 2022 16:24:11-root-MessageQueue.py-[line:60]-DEBUG-[日志信息]: there are no request data, queue is empty.
Tue, 26 Jul 2022 16:24:11-root-MessageQueue.py-[line:60]-DEBUG-[日志信息]: there are no request data, queue is empty.
Tue, 26 Jul 2022 16:24:11-root-tcpservser.py-[line:128]-DEBUG-[日志信息]: 收到包头:b'\x00\x00\x80?\x18\x01\x00\x00'
Tue, 26 Jul 2022 16:24:11-root-tcpservser.py-[line:133]-DEBUG-[日志信息]: 收到包体:b'{"method": "4003", "body": {"token": "eyJhbGciOiJIUzI1NiIsInR5cCI6IkpXVCJ9.eyJleHAiOjE2NTk0Mjg2NDcuMTI4MDk5NywidXNlcmlkIjoiZjY5MmI1MTMtOGUxYy00MTBhLTkyN2ItNTg2ODdiODVkY2M4In0.De0fzVZFGNk27XKQuGXtWm9ilKg3P2ZbtWwrN4I2tNE", "msg": "hi", "to": "ba0b7df0-a7ca-4a31-93d6-e0bcefc41ddc"}}'
Tue, 26 Jul 2022 16:24:11-root-tcpservser.py-[line:88]-INFO-[日志信息]: 解析包体耗时：0.000997304916381836
Tue, 26 Jul 2022 16:24:11-root-tcpservser.py-[line:165]-INFO-[日志信息]: 耗时：0.0039882659912109375
Tue, 26 Jul 2022 16:24:11-root-tcpservser.py-[line:181]-DEBUG-[日志信息]: 客户端可写。
Tue, 26 Jul 2022 16:24:12-root-MessageQueue.py-[line:60]-DEBUG-[日志信息]: there are no request data, queue is empty.
Tue, 26 Jul 2022 16:24:20-root-tcpservser.py-[line:128]-DEBUG-[日志信息]: 收到包头:b'\x00\x00\x80?\x1b\x01\x00\x00'
Tue, 26 Jul 2022 16:24:20-root-tcpservser.py-[line:133]-DEBUG-[日志信息]: 收到包体:b'{"method": "4003", "body": {"token": "eyJhbGciOiJIUzI1NiIsInR5cCI6IkpXVCJ9.eyJleHAiOjE2NTk0Mjg2MDYuNzc5MzAyNiwidXNlcmlkIjoiYmEwYjdkZjAtYTdjYS00YTMxLTkzZDYtZTBiY2VmYzQxZGRjIn0.aKuPwH-KPsVQxqU-m9cD3G4Q_fFMSJu9GZ1R5XBLxCw", "msg": "hello", "to": "f692b513-8e1c-410a-927b-58687b85dcc8"}}'
Tue, 26 Jul 2022 16:24:20-root-tcpservser.py-[line:88]-INFO-[日志信息]: 解析包体耗时：0.0009999275207519531
Tue, 26 Jul 2022 16:24:20-root-tcpservser.py-[line:165]-INFO-[日志信息]: 耗时：0.002048015594482422
Tue, 26 Jul 2022 16:24:20-root-tcpservser.py-[line:181]-DEBUG-[日志信息]: 客户端可写。
Tue, 26 Jul 2022 16:25:03-root-DBHelper.py-[line:33]-INFO-[日志信息]: mongodb://127.0.0.1:27017
Tue, 26 Jul 2022 16:25:04-root-tcpservser.py-[line:157]-DEBUG-[日志信息]: 客户端连接。
Tue, 26 Jul 2022 16:25:04-urllib3.connectionpool-connectionpool.py-[line:228]-DEBUG-[日志信息]: Starting new HTTP connection (1): 127.0.0.1:5000
Tue, 26 Jul 2022 16:25:04-urllib3.connectionpool-connectionpool.py-[line:456]-DEBUG-[日志信息]: http://127.0.0.1:5000 "POST /api/login HTTP/1.1" 200 337
Tue, 26 Jul 2022 16:25:04-root-tcpservser.py-[line:128]-DEBUG-[日志信息]: 收到包头:b'\x00\x00\x80?\xdd\x00\x00\x00'
Tue, 26 Jul 2022 16:25:04-root-tcpservser.py-[line:133]-DEBUG-[日志信息]: 收到包体:b'{"method": "4001", "body": {"token": "eyJhbGciOiJIUzI1NiIsInR5cCI6IkpXVCJ9.eyJleHAiOjE2NTk0Mjg3MDQuOTczMDA3NCwidXNlcmlkIjoiZjY5MmI1MTMtOGUxYy00MTBhLTkyN2ItNTg2ODdiODVkY2M4In0.rVCwQoBaUyCtJgAXIiQ-ghp1CHLG55uTQqsx2iJgInk"}}'
Tue, 26 Jul 2022 16:25:04-root-tcpservser.py-[line:77]-INFO-[日志信息]: 解析头耗时：0.0009975433349609375
Tue, 26 Jul 2022 16:25:04-root-tcpservser.py-[line:165]-INFO-[日志信息]: 耗时：0.0019953250885009766
Tue, 26 Jul 2022 16:25:04-root-tcpservser.py-[line:181]-DEBUG-[日志信息]: 客户端可写。
Tue, 26 Jul 2022 16:25:06-root-MessageQueue.py-[line:60]-DEBUG-[日志信息]: there are no request data, queue is empty.
Tue, 26 Jul 2022 16:25:07-root-MessageQueue.py-[line:60]-DEBUG-[日志信息]: there are no request data, queue is empty.
Tue, 26 Jul 2022 16:25:07-root-tcpservser.py-[line:157]-DEBUG-[日志信息]: 客户端连接。
Tue, 26 Jul 2022 16:25:07-urllib3.connectionpool-connectionpool.py-[line:228]-DEBUG-[日志信息]: Starting new HTTP connection (1): 127.0.0.1:5000
Tue, 26 Jul 2022 16:25:08-urllib3.connectionpool-connectionpool.py-[line:456]-DEBUG-[日志信息]: http://127.0.0.1:5000 "POST /api/login HTTP/1.1" 200 339
Tue, 26 Jul 2022 16:25:08-root-tcpservser.py-[line:128]-DEBUG-[日志信息]: 收到包头:b'\x00\x00\x80?\xdd\x00\x00\x00'
Tue, 26 Jul 2022 16:25:08-root-tcpservser.py-[line:133]-DEBUG-[日志信息]: 收到包体:b'{"method": "4001", "body": {"token": "eyJhbGciOiJIUzI1NiIsInR5cCI6IkpXVCJ9.eyJleHAiOjE2NTk0Mjg3MDguMDU4MTUwOCwidXNlcmlkIjoiYmEwYjdkZjAtYTdjYS00YTMxLTkzZDYtZTBiY2VmYzQxZGRjIn0.wwK3UCBN3GkW_hdx4biiU-_rVKry-KJAGs9u-H_LaOc"}}'
Tue, 26 Jul 2022 16:25:08-root-tcpservser.py-[line:77]-INFO-[日志信息]: 解析头耗时：0.0009965896606445312
Tue, 26 Jul 2022 16:25:08-root-tcpservser.py-[line:165]-INFO-[日志信息]: 耗时：0.0019943714141845703
Tue, 26 Jul 2022 16:25:08-root-tcpservser.py-[line:181]-DEBUG-[日志信息]: 客户端可写。
Tue, 26 Jul 2022 16:25:08-root-MessageQueue.py-[line:60]-DEBUG-[日志信息]: there are no request data, queue is empty.
Tue, 26 Jul 2022 16:25:09-root-MessageQueue.py-[line:60]-DEBUG-[日志信息]: there are no request data, queue is empty.
Tue, 26 Jul 2022 16:25:09-root-MessageQueue.py-[line:60]-DEBUG-[日志信息]: there are no request data, queue is empty.
Tue, 26 Jul 2022 16:25:10-root-MessageQueue.py-[line:60]-DEBUG-[日志信息]: there are no request data, queue is empty.
Tue, 26 Jul 2022 16:25:10-root-MessageQueue.py-[line:60]-DEBUG-[日志信息]: there are no request data, queue is empty.
Tue, 26 Jul 2022 16:25:11-root-tcpservser.py-[line:128]-DEBUG-[日志信息]: 收到包头:b'\x00\x00\x80?\x18\x01\x00\x00'
Tue, 26 Jul 2022 16:25:11-root-tcpservser.py-[line:133]-DEBUG-[日志信息]: 收到包体:b'{"method": "4003", "body": {"token": "eyJhbGciOiJIUzI1NiIsInR5cCI6IkpXVCJ9.eyJleHAiOjE2NTk0Mjg3MDguMDU4MTUwOCwidXNlcmlkIjoiYmEwYjdkZjAtYTdjYS00YTMxLTkzZDYtZTBiY2VmYzQxZGRjIn0.wwK3UCBN3GkW_hdx4biiU-_rVKry-KJAGs9u-H_LaOc", "msg": "hi", "to": "f692b513-8e1c-410a-927b-58687b85dcc8"}}'
Tue, 26 Jul 2022 16:25:11-root-tcpservser.py-[line:88]-INFO-[日志信息]: 解析包体耗时：0.000995635986328125
Tue, 26 Jul 2022 16:25:11-root-tcpservser.py-[line:165]-INFO-[日志信息]: 耗时：0.0019936561584472656
Tue, 26 Jul 2022 16:25:11-root-tcpservser.py-[line:181]-DEBUG-[日志信息]: 客户端可写。
Tue, 26 Jul 2022 16:25:11-root-MessageQueue.py-[line:60]-DEBUG-[日志信息]: there are no request data, queue is empty.
Tue, 26 Jul 2022 16:25:11-root-DBHelper.py-[line:270]-INFO-[日志信息]: insert into message(id,user_id,content,from_u,groupid,is_send,create_at)values("4018a1a3-c224-40aa-a09c-c09e95e48432","f692b513-8e1c-410a-927b-58687b85dcc8","hi","ba0b7df0-a7ca-4a31-93d6-e0bcefc41ddc"," ",1,now())
Tue, 26 Jul 2022 16:25:12-root-MessageQueue.py-[line:60]-DEBUG-[日志信息]: there are no request data, queue is empty.
Tue, 26 Jul 2022 16:25:12-root-MessageQueue.py-[line:60]-DEBUG-[日志信息]: there are no request data, queue is empty.
Tue, 26 Jul 2022 16:25:13-root-MessageQueue.py-[line:60]-DEBUG-[日志信息]: there are no request data, queue is empty.
Tue, 26 Jul 2022 16:25:13-root-MessageQueue.py-[line:60]-DEBUG-[日志信息]: there are no request data, queue is empty.
Tue, 26 Jul 2022 16:25:14-root-MessageQueue.py-[line:60]-DEBUG-[日志信息]: there are no request data, queue is empty.
Tue, 26 Jul 2022 16:25:14-root-MessageQueue.py-[line:60]-DEBUG-[日志信息]: there are no request data, queue is empty.
Tue, 26 Jul 2022 16:25:15-root-MessageQueue.py-[line:60]-DEBUG-[日志信息]: there are no request data, queue is empty.
Tue, 26 Jul 2022 16:25:15-root-MessageQueue.py-[line:60]-DEBUG-[日志信息]: there are no request data, queue is empty.
Tue, 26 Jul 2022 16:25:16-root-MessageQueue.py-[line:60]-DEBUG-[日志信息]: there are no request data, queue is empty.
Tue, 26 Jul 2022 16:25:16-root-MessageQueue.py-[line:60]-DEBUG-[日志信息]: there are no request data, queue is empty.
Tue, 26 Jul 2022 16:25:17-root-MessageQueue.py-[line:60]-DEBUG-[日志信息]: there are no request data, queue is empty.
Tue, 26 Jul 2022 16:25:17-root-MessageQueue.py-[line:60]-DEBUG-[日志信息]: there are no request data, queue is empty.
Tue, 26 Jul 2022 16:25:18-root-MessageQueue.py-[line:60]-DEBUG-[日志信息]: there are no request data, queue is empty.
Tue, 26 Jul 2022 16:25:18-root-MessageQueue.py-[line:60]-DEBUG-[日志信息]: there are no request data, queue is empty.
Tue, 26 Jul 2022 16:25:19-root-MessageQueue.py-[line:60]-DEBUG-[日志信息]: there are no request data, queue is empty.
Tue, 26 Jul 2022 16:25:19-root-MessageQueue.py-[line:60]-DEBUG-[日志信息]: there are no request data, queue is empty.
Tue, 26 Jul 2022 16:25:20-root-MessageQueue.py-[line:60]-DEBUG-[日志信息]: there are no request data, queue is empty.
Tue, 26 Jul 2022 16:25:20-root-MessageQueue.py-[line:60]-DEBUG-[日志信息]: there are no request data, queue is empty.
Tue, 26 Jul 2022 16:25:21-root-MessageQueue.py-[line:60]-DEBUG-[日志信息]: there are no request data, queue is empty.
Tue, 26 Jul 2022 16:25:21-root-MessageQueue.py-[line:60]-DEBUG-[日志信息]: there are no request data, queue is empty.
Tue, 26 Jul 2022 16:25:22-root-MessageQueue.py-[line:60]-DEBUG-[日志信息]: there are no request data, queue is empty.
Tue, 26 Jul 2022 16:25:22-root-MessageQueue.py-[line:60]-DEBUG-[日志信息]: there are no request data, queue is empty.
Tue, 26 Jul 2022 16:25:23-root-MessageQueue.py-[line:60]-DEBUG-[日志信息]: there are no request data, queue is empty.
Tue, 26 Jul 2022 16:25:23-root-MessageQueue.py-[line:60]-DEBUG-[日志信息]: there are no request data, queue is empty.
Tue, 26 Jul 2022 16:25:24-root-MessageQueue.py-[line:60]-DEBUG-[日志信息]: there are no request data, queue is empty.
Tue, 26 Jul 2022 16:25:24-root-MessageQueue.py-[line:60]-DEBUG-[日志信息]: there are no request data, queue is empty.
Tue, 26 Jul 2022 16:25:25-root-MessageQueue.py-[line:60]-DEBUG-[日志信息]: there are no request data, queue is empty.
Tue, 26 Jul 2022 16:25:25-root-MessageQueue.py-[line:60]-DEBUG-[日志信息]: there are no request data, queue is empty.
Tue, 26 Jul 2022 16:25:26-root-MessageQueue.py-[line:60]-DEBUG-[日志信息]: there are no request data, queue is empty.
Tue, 26 Jul 2022 16:25:26-root-MessageQueue.py-[line:60]-DEBUG-[日志信息]: there are no request data, queue is empty.
Tue, 26 Jul 2022 16:25:27-root-MessageQueue.py-[line:60]-DEBUG-[日志信息]: there are no request data, queue is empty.
Tue, 26 Jul 2022 16:25:27-root-MessageQueue.py-[line:60]-DEBUG-[日志信息]: there are no request data, queue is empty.
Tue, 26 Jul 2022 16:25:28-root-MessageQueue.py-[line:60]-DEBUG-[日志信息]: there are no request data, queue is empty.
Tue, 26 Jul 2022 16:25:28-root-MessageQueue.py-[line:60]-DEBUG-[日志信息]: there are no request data, queue is empty.
Tue, 26 Jul 2022 16:25:29-root-MessageQueue.py-[line:60]-DEBUG-[日志信息]: there are no request data, queue is empty.
Tue, 26 Jul 2022 16:25:29-root-MessageQueue.py-[line:60]-DEBUG-[日志信息]: there are no request data, queue is empty.
Tue, 26 Jul 2022 16:25:30-root-MessageQueue.py-[line:60]-DEBUG-[日志信息]: there are no request data, queue is empty.
Tue, 26 Jul 2022 16:25:30-root-MessageQueue.py-[line:60]-DEBUG-[日志信息]: there are no request data, queue is empty.
Tue, 26 Jul 2022 16:25:31-root-MessageQueue.py-[line:60]-DEBUG-[日志信息]: there are no request data, queue is empty.
Tue, 26 Jul 2022 16:25:31-root-MessageQueue.py-[line:60]-DEBUG-[日志信息]: there are no request data, queue is empty.
Tue, 26 Jul 2022 16:25:32-root-MessageQueue.py-[line:60]-DEBUG-[日志信息]: there are no request data, queue is empty.
Tue, 26 Jul 2022 16:25:32-root-MessageQueue.py-[line:60]-DEBUG-[日志信息]: there are no request data, queue is empty.
Tue, 26 Jul 2022 16:25:33-root-MessageQueue.py-[line:60]-DEBUG-[日志信息]: there are no request data, queue is empty.
Tue, 26 Jul 2022 16:25:33-root-MessageQueue.py-[line:60]-DEBUG-[日志信息]: there are no request data, queue is empty.
Tue, 26 Jul 2022 16:25:34-root-MessageQueue.py-[line:60]-DEBUG-[日志信息]: there are no request data, queue is empty.
Tue, 26 Jul 2022 16:25:34-root-MessageQueue.py-[line:60]-DEBUG-[日志信息]: there are no request data, queue is empty.
Tue, 26 Jul 2022 16:25:35-root-MessageQueue.py-[line:60]-DEBUG-[日志信息]: there are no request data, queue is empty.
Tue, 26 Jul 2022 16:25:35-root-MessageQueue.py-[line:60]-DEBUG-[日志信息]: there are no request data, queue is empty.
Tue, 26 Jul 2022 16:25:36-root-MessageQueue.py-[line:60]-DEBUG-[日志信息]: there are no request data, queue is empty.
Tue, 26 Jul 2022 16:25:36-root-MessageQueue.py-[line:60]-DEBUG-[日志信息]: there are no request data, queue is empty.
Tue, 26 Jul 2022 16:25:37-root-MessageQueue.py-[line:60]-DEBUG-[日志信息]: there are no request data, queue is empty.
Tue, 26 Jul 2022 16:25:37-root-MessageQueue.py-[line:60]-DEBUG-[日志信息]: there are no request data, queue is empty.
Tue, 26 Jul 2022 16:25:38-root-MessageQueue.py-[line:60]-DEBUG-[日志信息]: there are no request data, queue is empty.
Tue, 26 Jul 2022 16:25:38-root-MessageQueue.py-[line:60]-DEBUG-[日志信息]: there are no request data, queue is empty.
Tue, 26 Jul 2022 16:25:39-root-MessageQueue.py-[line:60]-DEBUG-[日志信息]: there are no request data, queue is empty.
Tue, 26 Jul 2022 16:25:39-root-MessageQueue.py-[line:60]-DEBUG-[日志信息]: there are no request data, queue is empty.
Tue, 26 Jul 2022 16:25:40-root-MessageQueue.py-[line:60]-DEBUG-[日志信息]: there are no request data, queue is empty.
Tue, 26 Jul 2022 16:25:40-root-MessageQueue.py-[line:60]-DEBUG-[日志信息]: there are no request data, queue is empty.
Tue, 26 Jul 2022 16:25:41-root-MessageQueue.py-[line:60]-DEBUG-[日志信息]: there are no request data, queue is empty.
Tue, 26 Jul 2022 16:25:41-root-MessageQueue.py-[line:60]-DEBUG-[日志信息]: there are no request data, queue is empty.
Tue, 26 Jul 2022 16:25:42-root-MessageQueue.py-[line:60]-DEBUG-[日志信息]: there are no request data, queue is empty.
Tue, 26 Jul 2022 16:25:42-root-MessageQueue.py-[line:60]-DEBUG-[日志信息]: there are no request data, queue is empty.
Tue, 26 Jul 2022 16:25:43-root-MessageQueue.py-[line:60]-DEBUG-[日志信息]: there are no request data, queue is empty.
Tue, 26 Jul 2022 16:25:43-root-MessageQueue.py-[line:60]-DEBUG-[日志信息]: there are no request data, queue is empty.
Tue, 26 Jul 2022 16:25:44-root-MessageQueue.py-[line:60]-DEBUG-[日志信息]: there are no request data, queue is empty.
Tue, 26 Jul 2022 16:25:44-root-MessageQueue.py-[line:60]-DEBUG-[日志信息]: there are no request data, queue is empty.
Tue, 26 Jul 2022 16:25:45-root-MessageQueue.py-[line:60]-DEBUG-[日志信息]: there are no request data, queue is empty.
Tue, 26 Jul 2022 16:25:45-root-MessageQueue.py-[line:60]-DEBUG-[日志信息]: there are no request data, queue is empty.
Tue, 26 Jul 2022 16:25:46-root-MessageQueue.py-[line:60]-DEBUG-[日志信息]: there are no request data, queue is empty.
Tue, 26 Jul 2022 16:25:46-root-MessageQueue.py-[line:60]-DEBUG-[日志信息]: there are no request data, queue is empty.
Tue, 26 Jul 2022 16:25:47-root-MessageQueue.py-[line:60]-DEBUG-[日志信息]: there are no request data, queue is empty.
Tue, 26 Jul 2022 16:25:47-root-MessageQueue.py-[line:60]-DEBUG-[日志信息]: there are no request data, queue is empty.
Tue, 26 Jul 2022 16:25:48-root-MessageQueue.py-[line:60]-DEBUG-[日志信息]: there are no request data, queue is empty.
Tue, 26 Jul 2022 16:25:48-root-MessageQueue.py-[line:60]-DEBUG-[日志信息]: there are no request data, queue is empty.
Tue, 26 Jul 2022 16:25:49-root-MessageQueue.py-[line:60]-DEBUG-[日志信息]: there are no request data, queue is empty.
Tue, 26 Jul 2022 16:25:49-root-MessageQueue.py-[line:60]-DEBUG-[日志信息]: there are no request data, queue is empty.
Tue, 26 Jul 2022 16:25:50-root-MessageQueue.py-[line:60]-DEBUG-[日志信息]: there are no request data, queue is empty.
Tue, 26 Jul 2022 16:25:50-root-MessageQueue.py-[line:60]-DEBUG-[日志信息]: there are no request data, queue is empty.
Tue, 26 Jul 2022 16:25:51-root-MessageQueue.py-[line:60]-DEBUG-[日志信息]: there are no request data, queue is empty.
Tue, 26 Jul 2022 16:25:51-root-MessageQueue.py-[line:60]-DEBUG-[日志信息]: there are no request data, queue is empty.
Tue, 26 Jul 2022 16:25:52-root-MessageQueue.py-[line:60]-DEBUG-[日志信息]: there are no request data, queue is empty.
Tue, 26 Jul 2022 16:25:52-root-MessageQueue.py-[line:60]-DEBUG-[日志信息]: there are no request data, queue is empty.
Tue, 26 Jul 2022 16:25:53-root-MessageQueue.py-[line:60]-DEBUG-[日志信息]: there are no request data, queue is empty.
Tue, 26 Jul 2022 16:25:53-root-MessageQueue.py-[line:60]-DEBUG-[日志信息]: there are no request data, queue is empty.
Tue, 26 Jul 2022 16:25:54-root-MessageQueue.py-[line:60]-DEBUG-[日志信息]: there are no request data, queue is empty.
Tue, 26 Jul 2022 16:25:54-root-MessageQueue.py-[line:60]-DEBUG-[日志信息]: there are no request data, queue is empty.
Tue, 26 Jul 2022 16:25:55-root-MessageQueue.py-[line:60]-DEBUG-[日志信息]: there are no request data, queue is empty.
Tue, 26 Jul 2022 16:25:55-root-MessageQueue.py-[line:60]-DEBUG-[日志信息]: there are no request data, queue is empty.
Tue, 26 Jul 2022 16:25:56-root-MessageQueue.py-[line:60]-DEBUG-[日志信息]: there are no request data, queue is empty.
Tue, 26 Jul 2022 16:25:56-root-MessageQueue.py-[line:60]-DEBUG-[日志信息]: there are no request data, queue is empty.
Tue, 26 Jul 2022 16:25:57-root-MessageQueue.py-[line:60]-DEBUG-[日志信息]: there are no request data, queue is empty.
Tue, 26 Jul 2022 16:25:57-root-MessageQueue.py-[line:60]-DEBUG-[日志信息]: there are no request data, queue is empty.
Tue, 26 Jul 2022 16:25:58-root-MessageQueue.py-[line:60]-DEBUG-[日志信息]: there are no request data, queue is empty.
Tue, 26 Jul 2022 16:25:58-root-MessageQueue.py-[line:60]-DEBUG-[日志信息]: there are no request data, queue is empty.
Tue, 26 Jul 2022 16:25:59-root-MessageQueue.py-[line:60]-DEBUG-[日志信息]: there are no request data, queue is empty.
Tue, 26 Jul 2022 16:25:59-root-MessageQueue.py-[line:60]-DEBUG-[日志信息]: there are no request data, queue is empty.
Tue, 26 Jul 2022 16:26:00-root-MessageQueue.py-[line:60]-DEBUG-[日志信息]: there are no request data, queue is empty.
Tue, 26 Jul 2022 16:26:00-root-MessageQueue.py-[line:60]-DEBUG-[日志信息]: there are no request data, queue is empty.
Tue, 26 Jul 2022 16:26:01-root-MessageQueue.py-[line:60]-DEBUG-[日志信息]: there are no request data, queue is empty.
Tue, 26 Jul 2022 16:26:01-root-MessageQueue.py-[line:60]-DEBUG-[日志信息]: there are no request data, queue is empty.
Tue, 26 Jul 2022 16:26:02-root-MessageQueue.py-[line:60]-DEBUG-[日志信息]: there are no request data, queue is empty.
Tue, 26 Jul 2022 16:26:02-root-MessageQueue.py-[line:60]-DEBUG-[日志信息]: there are no request data, queue is empty.
Tue, 26 Jul 2022 16:26:03-root-MessageQueue.py-[line:60]-DEBUG-[日志信息]: there are no request data, queue is empty.
Tue, 26 Jul 2022 16:26:03-root-MessageQueue.py-[line:60]-DEBUG-[日志信息]: there are no request data, queue is empty.
Tue, 26 Jul 2022 16:26:04-root-MessageQueue.py-[line:60]-DEBUG-[日志信息]: there are no request data, queue is empty.
Tue, 26 Jul 2022 16:26:04-root-MessageQueue.py-[line:60]-DEBUG-[日志信息]: there are no request data, queue is empty.
Tue, 26 Jul 2022 16:26:05-root-MessageQueue.py-[line:60]-DEBUG-[日志信息]: there are no request data, queue is empty.
Tue, 26 Jul 2022 16:26:05-root-MessageQueue.py-[line:60]-DEBUG-[日志信息]: there are no request data, queue is empty.
Tue, 26 Jul 2022 16:26:06-root-MessageQueue.py-[line:60]-DEBUG-[日志信息]: there are no request data, queue is empty.
Tue, 26 Jul 2022 16:26:06-root-MessageQueue.py-[line:60]-DEBUG-[日志信息]: there are no request data, queue is empty.
Tue, 26 Jul 2022 16:26:07-root-MessageQueue.py-[line:60]-DEBUG-[日志信息]: there are no request data, queue is empty.
Tue, 26 Jul 2022 16:26:07-root-MessageQueue.py-[line:60]-DEBUG-[日志信息]: there are no request data, queue is empty.
Tue, 26 Jul 2022 16:26:08-root-MessageQueue.py-[line:60]-DEBUG-[日志信息]: there are no request data, queue is empty.
Tue, 26 Jul 2022 16:26:08-root-MessageQueue.py-[line:60]-DEBUG-[日志信息]: there are no request data, queue is empty.
Tue, 26 Jul 2022 16:26:09-root-MessageQueue.py-[line:60]-DEBUG-[日志信息]: there are no request data, queue is empty.
Tue, 26 Jul 2022 16:26:09-root-MessageQueue.py-[line:60]-DEBUG-[日志信息]: there are no request data, queue is empty.
Tue, 26 Jul 2022 16:26:11-root-MessageQueue.py-[line:60]-DEBUG-[日志信息]: there are no request data, queue is empty.
Tue, 26 Jul 2022 16:26:11-root-MessageQueue.py-[line:60]-DEBUG-[日志信息]: there are no request data, queue is empty.
Tue, 26 Jul 2022 16:26:12-root-MessageQueue.py-[line:60]-DEBUG-[日志信息]: there are no request data, queue is empty.
Tue, 26 Jul 2022 16:26:12-root-MessageQueue.py-[line:60]-DEBUG-[日志信息]: there are no request data, queue is empty.
Tue, 26 Jul 2022 16:26:13-root-MessageQueue.py-[line:60]-DEBUG-[日志信息]: there are no request data, queue is empty.
Tue, 26 Jul 2022 16:26:13-root-MessageQueue.py-[line:60]-DEBUG-[日志信息]: there are no request data, queue is empty.
Tue, 26 Jul 2022 16:26:13-root-tcpservser.py-[line:124]-DEBUG-[日志信息]: [WinError 10054] 远程主机强迫关闭了一个现有的连接。
Tue, 26 Jul 2022 16:26:13-root-tcpservser.py-[line:165]-INFO-[日志信息]: 耗时：0.0009970664978027344
Tue, 26 Jul 2022 16:26:13-root-tcpservser.py-[line:171]-DEBUG-[日志信息]: recv failed:
Tue, 26 Jul 2022 16:26:14-root-MessageQueue.py-[line:60]-DEBUG-[日志信息]: there are no request data, queue is empty.
Tue, 26 Jul 2022 16:26:14-root-tcpservser.py-[line:157]-DEBUG-[日志信息]: 客户端连接。
Tue, 26 Jul 2022 16:26:14-urllib3.connectionpool-connectionpool.py-[line:228]-DEBUG-[日志信息]: Starting new HTTP connection (1): 127.0.0.1:5000
Tue, 26 Jul 2022 16:26:14-urllib3.connectionpool-connectionpool.py-[line:456]-DEBUG-[日志信息]: http://127.0.0.1:5000 "POST /api/login HTTP/1.1" 200 336
Tue, 26 Jul 2022 16:26:14-root-tcpservser.py-[line:128]-DEBUG-[日志信息]: 收到包头:b'\x00\x00\x80?\xdc\x00\x00\x00'
Tue, 26 Jul 2022 16:26:14-root-tcpservser.py-[line:133]-DEBUG-[日志信息]: 收到包体:b'{"method": "4001", "body": {"token": "eyJhbGciOiJIUzI1NiIsInR5cCI6IkpXVCJ9.eyJleHAiOjE2NTk0Mjg3NzQuOTgxMDU1LCJ1c2VyaWQiOiJmNjkyYjUxMy04ZTFjLTQxMGEtOTI3Yi01ODY4N2I4NWRjYzgifQ.VRc6radhcJULdRPTnl02SL82DSIh5BxxCJ88l7Q-o3I"}}'
Tue, 26 Jul 2022 16:26:14-root-tcpservser.py-[line:77]-INFO-[日志信息]: 解析头耗时：0.0009970664978027344
Tue, 26 Jul 2022 16:26:14-root-tcpservser.py-[line:165]-INFO-[日志信息]: 耗时：0.001940011978149414
Tue, 26 Jul 2022 16:26:14-root-tcpservser.py-[line:181]-DEBUG-[日志信息]: 客户端可写。
Tue, 26 Jul 2022 16:26:15-root-MessageQueue.py-[line:60]-DEBUG-[日志信息]: there are no request data, queue is empty.
Tue, 26 Jul 2022 16:26:15-root-tcpservser.py-[line:128]-DEBUG-[日志信息]: 收到包头:b''
Tue, 26 Jul 2022 16:26:15-root-tcpservser.py-[line:165]-INFO-[日志信息]: 耗时：0.0009629726409912109
Tue, 26 Jul 2022 16:26:15-root-tcpservser.py-[line:171]-DEBUG-[日志信息]: recv failed:
Tue, 26 Jul 2022 16:26:16-root-MessageQueue.py-[line:60]-DEBUG-[日志信息]: there are no request data, queue is empty.
Tue, 26 Jul 2022 16:26:17-root-MessageQueue.py-[line:60]-DEBUG-[日志信息]: there are no request data, queue is empty.
Tue, 26 Jul 2022 16:26:18-root-MessageQueue.py-[line:60]-DEBUG-[日志信息]: there are no request data, queue is empty.
Tue, 26 Jul 2022 16:26:19-root-MessageQueue.py-[line:60]-DEBUG-[日志信息]: there are no request data, queue is empty.
Tue, 26 Jul 2022 16:26:20-root-MessageQueue.py-[line:60]-DEBUG-[日志信息]: there are no request data, queue is empty.
Tue, 26 Jul 2022 16:26:21-root-MessageQueue.py-[line:60]-DEBUG-[日志信息]: there are no request data, queue is empty.
Tue, 26 Jul 2022 16:26:22-root-MessageQueue.py-[line:60]-DEBUG-[日志信息]: there are no request data, queue is empty.
Tue, 26 Jul 2022 16:26:23-root-MessageQueue.py-[line:60]-DEBUG-[日志信息]: there are no request data, queue is empty.
Tue, 26 Jul 2022 16:26:24-root-MessageQueue.py-[line:60]-DEBUG-[日志信息]: there are no request data, queue is empty.
Tue, 26 Jul 2022 16:26:25-root-MessageQueue.py-[line:60]-DEBUG-[日志信息]: there are no request data, queue is empty.
Tue, 26 Jul 2022 16:26:26-root-MessageQueue.py-[line:60]-DEBUG-[日志信息]: there are no request data, queue is empty.
Tue, 26 Jul 2022 16:26:27-root-MessageQueue.py-[line:60]-DEBUG-[日志信息]: there are no request data, queue is empty.
Tue, 26 Jul 2022 16:26:28-root-MessageQueue.py-[line:60]-DEBUG-[日志信息]: there are no request data, queue is empty.
Tue, 26 Jul 2022 16:26:29-root-MessageQueue.py-[line:60]-DEBUG-[日志信息]: there are no request data, queue is empty.
Tue, 26 Jul 2022 16:26:30-root-MessageQueue.py-[line:60]-DEBUG-[日志信息]: there are no request data, queue is empty.
Tue, 26 Jul 2022 16:26:31-root-MessageQueue.py-[line:60]-DEBUG-[日志信息]: there are no request data, queue is empty.
Tue, 26 Jul 2022 16:26:32-root-MessageQueue.py-[line:60]-DEBUG-[日志信息]: there are no request data, queue is empty.
Tue, 26 Jul 2022 16:26:33-root-MessageQueue.py-[line:60]-DEBUG-[日志信息]: there are no request data, queue is empty.
Tue, 26 Jul 2022 16:26:34-root-MessageQueue.py-[line:60]-DEBUG-[日志信息]: there are no request data, queue is empty.
Tue, 26 Jul 2022 16:26:35-root-MessageQueue.py-[line:60]-DEBUG-[日志信息]: there are no request data, queue is empty.
Tue, 26 Jul 2022 16:26:36-root-MessageQueue.py-[line:60]-DEBUG-[日志信息]: there are no request data, queue is empty.
Tue, 26 Jul 2022 16:26:37-root-MessageQueue.py-[line:60]-DEBUG-[日志信息]: there are no request data, queue is empty.
Tue, 26 Jul 2022 16:26:38-root-MessageQueue.py-[line:60]-DEBUG-[日志信息]: there are no request data, queue is empty.
Tue, 26 Jul 2022 16:26:39-root-MessageQueue.py-[line:60]-DEBUG-[日志信息]: there are no request data, queue is empty.
Tue, 26 Jul 2022 16:26:40-root-MessageQueue.py-[line:60]-DEBUG-[日志信息]: there are no request data, queue is empty.
Tue, 26 Jul 2022 16:26:41-root-MessageQueue.py-[line:60]-DEBUG-[日志信息]: there are no request data, queue is empty.
Tue, 26 Jul 2022 16:26:42-root-MessageQueue.py-[line:60]-DEBUG-[日志信息]: there are no request data, queue is empty.
Tue, 26 Jul 2022 16:26:43-root-MessageQueue.py-[line:60]-DEBUG-[日志信息]: there are no request data, queue is empty.
Tue, 26 Jul 2022 16:26:44-root-MessageQueue.py-[line:60]-DEBUG-[日志信息]: there are no request data, queue is empty.
Tue, 26 Jul 2022 16:26:45-root-MessageQueue.py-[line:60]-DEBUG-[日志信息]: there are no request data, queue is empty.
Tue, 26 Jul 2022 16:26:46-root-MessageQueue.py-[line:60]-DEBUG-[日志信息]: there are no request data, queue is empty.
Tue, 26 Jul 2022 16:26:47-root-MessageQueue.py-[line:60]-DEBUG-[日志信息]: there are no request data, queue is empty.
Tue, 26 Jul 2022 16:26:48-root-MessageQueue.py-[line:60]-DEBUG-[日志信息]: there are no request data, queue is empty.
Tue, 26 Jul 2022 16:26:49-root-MessageQueue.py-[line:60]-DEBUG-[日志信息]: there are no request data, queue is empty.
Tue, 26 Jul 2022 16:26:50-root-MessageQueue.py-[line:60]-DEBUG-[日志信息]: there are no request data, queue is empty.
Tue, 26 Jul 2022 16:26:51-root-MessageQueue.py-[line:60]-DEBUG-[日志信息]: there are no request data, queue is empty.
Tue, 26 Jul 2022 16:26:52-root-MessageQueue.py-[line:60]-DEBUG-[日志信息]: there are no request data, queue is empty.
Tue, 26 Jul 2022 16:26:53-root-MessageQueue.py-[line:60]-DEBUG-[日志信息]: there are no request data, queue is empty.
Tue, 26 Jul 2022 16:26:54-root-MessageQueue.py-[line:60]-DEBUG-[日志信息]: there are no request data, queue is empty.
Tue, 26 Jul 2022 16:26:54-root-tcpservser.py-[line:157]-DEBUG-[日志信息]: 客户端连接。
Tue, 26 Jul 2022 16:26:54-urllib3.connectionpool-connectionpool.py-[line:228]-DEBUG-[日志信息]: Starting new HTTP connection (1): 127.0.0.1:5000
Tue, 26 Jul 2022 16:26:54-urllib3.connectionpool-connectionpool.py-[line:456]-DEBUG-[日志信息]: http://127.0.0.1:5000 "POST /api/login HTTP/1.1" 200 337
Tue, 26 Jul 2022 16:26:54-root-tcpservser.py-[line:128]-DEBUG-[日志信息]: 收到包头:b'\x00\x00\x80?\xdd\x00\x00\x00'
Tue, 26 Jul 2022 16:26:54-root-tcpservser.py-[line:133]-DEBUG-[日志信息]: 收到包体:b'{"method": "4001", "body": {"token": "eyJhbGciOiJIUzI1NiIsInR5cCI6IkpXVCJ9.eyJleHAiOjE2NTk0Mjg4MTQuODc1MjY2MywidXNlcmlkIjoiZjY5MmI1MTMtOGUxYy00MTBhLTkyN2ItNTg2ODdiODVkY2M4In0.c2Hsc-qLdhY2dbGfoy8nb3cK1QVdoa1YgA1dUNCwGPM"}}'
Tue, 26 Jul 2022 16:26:54-root-tcpservser.py-[line:77]-INFO-[日志信息]: 解析头耗时：0.0010271072387695312
Tue, 26 Jul 2022 16:26:54-root-tcpservser.py-[line:165]-INFO-[日志信息]: 耗时：0.0010271072387695312
Tue, 26 Jul 2022 16:26:54-root-tcpservser.py-[line:181]-DEBUG-[日志信息]: 客户端可写。
Tue, 26 Jul 2022 16:26:55-root-MessageQueue.py-[line:60]-DEBUG-[日志信息]: there are no request data, queue is empty.
Tue, 26 Jul 2022 16:26:55-root-tcpservser.py-[line:128]-DEBUG-[日志信息]: 收到包头:b''
Tue, 26 Jul 2022 16:26:55-root-tcpservser.py-[line:165]-INFO-[日志信息]: 耗时：0.0008108615875244141
Tue, 26 Jul 2022 16:26:55-root-tcpservser.py-[line:171]-DEBUG-[日志信息]: recv failed:
Tue, 26 Jul 2022 16:26:56-root-MessageQueue.py-[line:60]-DEBUG-[日志信息]: there are no request data, queue is empty.
Tue, 26 Jul 2022 16:26:57-root-MessageQueue.py-[line:60]-DEBUG-[日志信息]: there are no request data, queue is empty.
Tue, 26 Jul 2022 16:26:58-root-MessageQueue.py-[line:60]-DEBUG-[日志信息]: there are no request data, queue is empty.
Tue, 26 Jul 2022 16:26:59-root-MessageQueue.py-[line:60]-DEBUG-[日志信息]: there are no request data, queue is empty.
Tue, 26 Jul 2022 16:27:00-root-MessageQueue.py-[line:60]-DEBUG-[日志信息]: there are no request data, queue is empty.
Tue, 26 Jul 2022 16:27:01-root-MessageQueue.py-[line:60]-DEBUG-[日志信息]: there are no request data, queue is empty.
Tue, 26 Jul 2022 16:27:02-root-MessageQueue.py-[line:60]-DEBUG-[日志信息]: there are no request data, queue is empty.
Tue, 26 Jul 2022 16:27:03-root-MessageQueue.py-[line:60]-DEBUG-[日志信息]: there are no request data, queue is empty.
Tue, 26 Jul 2022 16:27:04-root-MessageQueue.py-[line:60]-DEBUG-[日志信息]: there are no request data, queue is empty.
Tue, 26 Jul 2022 16:27:05-root-MessageQueue.py-[line:60]-DEBUG-[日志信息]: there are no request data, queue is empty.
Tue, 26 Jul 2022 16:27:06-root-MessageQueue.py-[line:60]-DEBUG-[日志信息]: there are no request data, queue is empty.
Tue, 26 Jul 2022 16:27:07-root-MessageQueue.py-[line:60]-DEBUG-[日志信息]: there are no request data, queue is empty.
Tue, 26 Jul 2022 16:27:08-root-MessageQueue.py-[line:60]-DEBUG-[日志信息]: there are no request data, queue is empty.
Tue, 26 Jul 2022 16:27:09-root-MessageQueue.py-[line:60]-DEBUG-[日志信息]: there are no request data, queue is empty.
Tue, 26 Jul 2022 16:27:10-root-MessageQueue.py-[line:60]-DEBUG-[日志信息]: there are no request data, queue is empty.
Tue, 26 Jul 2022 16:27:11-root-MessageQueue.py-[line:60]-DEBUG-[日志信息]: there are no request data, queue is empty.
Tue, 26 Jul 2022 16:27:12-root-MessageQueue.py-[line:60]-DEBUG-[日志信息]: there are no request data, queue is empty.
Tue, 26 Jul 2022 16:27:13-root-MessageQueue.py-[line:60]-DEBUG-[日志信息]: there are no request data, queue is empty.
Tue, 26 Jul 2022 16:27:14-root-MessageQueue.py-[line:60]-DEBUG-[日志信息]: there are no request data, queue is empty.
Tue, 26 Jul 2022 16:27:15-root-MessageQueue.py-[line:60]-DEBUG-[日志信息]: there are no request data, queue is empty.
Tue, 26 Jul 2022 16:27:16-root-MessageQueue.py-[line:60]-DEBUG-[日志信息]: there are no request data, queue is empty.
Tue, 26 Jul 2022 16:27:17-root-MessageQueue.py-[line:60]-DEBUG-[日志信息]: there are no request data, queue is empty.
Tue, 26 Jul 2022 16:27:18-root-MessageQueue.py-[line:60]-DEBUG-[日志信息]: there are no request data, queue is empty.
Tue, 26 Jul 2022 16:27:19-root-MessageQueue.py-[line:60]-DEBUG-[日志信息]: there are no request data, queue is empty.
Tue, 26 Jul 2022 16:27:20-root-MessageQueue.py-[line:60]-DEBUG-[日志信息]: there are no request data, queue is empty.
Tue, 26 Jul 2022 16:27:21-root-MessageQueue.py-[line:60]-DEBUG-[日志信息]: there are no request data, queue is empty.
Tue, 26 Jul 2022 16:27:22-root-MessageQueue.py-[line:60]-DEBUG-[日志信息]: there are no request data, queue is empty.
Tue, 26 Jul 2022 16:27:23-root-MessageQueue.py-[line:60]-DEBUG-[日志信息]: there are no request data, queue is empty.
Tue, 26 Jul 2022 16:27:24-root-MessageQueue.py-[line:60]-DEBUG-[日志信息]: there are no request data, queue is empty.
Tue, 26 Jul 2022 16:27:25-root-MessageQueue.py-[line:60]-DEBUG-[日志信息]: there are no request data, queue is empty.
Tue, 26 Jul 2022 16:27:26-root-MessageQueue.py-[line:60]-DEBUG-[日志信息]: there are no request data, queue is empty.
Tue, 26 Jul 2022 16:27:27-root-MessageQueue.py-[line:60]-DEBUG-[日志信息]: there are no request data, queue is empty.
Tue, 26 Jul 2022 16:27:28-root-MessageQueue.py-[line:60]-DEBUG-[日志信息]: there are no request data, queue is empty.
Tue, 26 Jul 2022 16:27:29-root-MessageQueue.py-[line:60]-DEBUG-[日志信息]: there are no request data, queue is empty.
Tue, 26 Jul 2022 16:27:30-root-MessageQueue.py-[line:60]-DEBUG-[日志信息]: there are no request data, queue is empty.
Tue, 26 Jul 2022 16:27:31-root-MessageQueue.py-[line:60]-DEBUG-[日志信息]: there are no request data, queue is empty.
Tue, 26 Jul 2022 16:27:32-root-MessageQueue.py-[line:60]-DEBUG-[日志信息]: there are no request data, queue is empty.
Tue, 26 Jul 2022 16:27:33-root-MessageQueue.py-[line:60]-DEBUG-[日志信息]: there are no request data, queue is empty.
Tue, 26 Jul 2022 16:27:34-root-MessageQueue.py-[line:60]-DEBUG-[日志信息]: there are no request data, queue is empty.
Tue, 26 Jul 2022 16:27:35-root-MessageQueue.py-[line:60]-DEBUG-[日志信息]: there are no request data, queue is empty.
Tue, 26 Jul 2022 16:27:36-root-MessageQueue.py-[line:60]-DEBUG-[日志信息]: there are no request data, queue is empty.
Tue, 26 Jul 2022 16:27:38-root-MessageQueue.py-[line:60]-DEBUG-[日志信息]: there are no request data, queue is empty.
Tue, 26 Jul 2022 16:27:39-root-MessageQueue.py-[line:60]-DEBUG-[日志信息]: there are no request data, queue is empty.
Tue, 26 Jul 2022 16:27:40-root-MessageQueue.py-[line:60]-DEBUG-[日志信息]: there are no request data, queue is empty.
Tue, 26 Jul 2022 16:27:41-root-MessageQueue.py-[line:60]-DEBUG-[日志信息]: there are no request data, queue is empty.
Tue, 26 Jul 2022 16:27:42-root-MessageQueue.py-[line:60]-DEBUG-[日志信息]: there are no request data, queue is empty.
Tue, 26 Jul 2022 16:27:43-root-MessageQueue.py-[line:60]-DEBUG-[日志信息]: there are no request data, queue is empty.
Tue, 26 Jul 2022 16:27:44-root-MessageQueue.py-[line:60]-DEBUG-[日志信息]: there are no request data, queue is empty.
Tue, 26 Jul 2022 16:27:45-root-MessageQueue.py-[line:60]-DEBUG-[日志信息]: there are no request data, queue is empty.
Tue, 26 Jul 2022 16:27:46-root-MessageQueue.py-[line:60]-DEBUG-[日志信息]: there are no request data, queue is empty.
Tue, 26 Jul 2022 16:27:47-root-MessageQueue.py-[line:60]-DEBUG-[日志信息]: there are no request data, queue is empty.
Tue, 26 Jul 2022 16:27:48-root-MessageQueue.py-[line:60]-DEBUG-[日志信息]: there are no request data, queue is empty.
Tue, 26 Jul 2022 16:27:49-root-MessageQueue.py-[line:60]-DEBUG-[日志信息]: there are no request data, queue is empty.
Tue, 26 Jul 2022 16:27:50-root-MessageQueue.py-[line:60]-DEBUG-[日志信息]: there are no request data, queue is empty.
Tue, 26 Jul 2022 16:27:51-root-MessageQueue.py-[line:60]-DEBUG-[日志信息]: there are no request data, queue is empty.
Tue, 26 Jul 2022 16:27:52-root-MessageQueue.py-[line:60]-DEBUG-[日志信息]: there are no request data, queue is empty.
Tue, 26 Jul 2022 16:27:53-root-MessageQueue.py-[line:60]-DEBUG-[日志信息]: there are no request data, queue is empty.
Tue, 26 Jul 2022 16:27:54-root-MessageQueue.py-[line:60]-DEBUG-[日志信息]: there are no request data, queue is empty.
Tue, 26 Jul 2022 16:27:55-root-MessageQueue.py-[line:60]-DEBUG-[日志信息]: there are no request data, queue is empty.
Tue, 26 Jul 2022 16:27:56-root-MessageQueue.py-[line:60]-DEBUG-[日志信息]: there are no request data, queue is empty.
Tue, 26 Jul 2022 16:27:57-root-MessageQueue.py-[line:60]-DEBUG-[日志信息]: there are no request data, queue is empty.
Tue, 26 Jul 2022 16:27:58-root-MessageQueue.py-[line:60]-DEBUG-[日志信息]: there are no request data, queue is empty.
Tue, 26 Jul 2022 16:27:59-root-MessageQueue.py-[line:60]-DEBUG-[日志信息]: there are no request data, queue is empty.
Tue, 26 Jul 2022 16:28:00-root-MessageQueue.py-[line:60]-DEBUG-[日志信息]: there are no request data, queue is empty.
Tue, 26 Jul 2022 16:28:01-root-MessageQueue.py-[line:60]-DEBUG-[日志信息]: there are no request data, queue is empty.
Tue, 26 Jul 2022 16:28:02-root-MessageQueue.py-[line:60]-DEBUG-[日志信息]: there are no request data, queue is empty.
Tue, 26 Jul 2022 16:28:03-root-MessageQueue.py-[line:60]-DEBUG-[日志信息]: there are no request data, queue is empty.
Tue, 26 Jul 2022 16:28:04-root-MessageQueue.py-[line:60]-DEBUG-[日志信息]: there are no request data, queue is empty.
Tue, 26 Jul 2022 16:28:05-root-MessageQueue.py-[line:60]-DEBUG-[日志信息]: there are no request data, queue is empty.
Tue, 26 Jul 2022 16:28:06-root-MessageQueue.py-[line:60]-DEBUG-[日志信息]: there are no request data, queue is empty.
Tue, 26 Jul 2022 16:28:07-root-MessageQueue.py-[line:60]-DEBUG-[日志信息]: there are no request data, queue is empty.
Tue, 26 Jul 2022 16:28:08-root-MessageQueue.py-[line:60]-DEBUG-[日志信息]: there are no request data, queue is empty.
Tue, 26 Jul 2022 16:28:09-root-MessageQueue.py-[line:60]-DEBUG-[日志信息]: there are no request data, queue is empty.
Tue, 26 Jul 2022 16:28:10-root-MessageQueue.py-[line:60]-DEBUG-[日志信息]: there are no request data, queue is empty.
Tue, 26 Jul 2022 16:28:11-root-MessageQueue.py-[line:60]-DEBUG-[日志信息]: there are no request data, queue is empty.
Tue, 26 Jul 2022 16:28:12-root-MessageQueue.py-[line:60]-DEBUG-[日志信息]: there are no request data, queue is empty.
Tue, 26 Jul 2022 16:28:13-root-MessageQueue.py-[line:60]-DEBUG-[日志信息]: there are no request data, queue is empty.
Tue, 26 Jul 2022 16:28:14-root-MessageQueue.py-[line:60]-DEBUG-[日志信息]: there are no request data, queue is empty.
Tue, 26 Jul 2022 16:28:15-root-MessageQueue.py-[line:60]-DEBUG-[日志信息]: there are no request data, queue is empty.
Tue, 26 Jul 2022 16:28:16-root-MessageQueue.py-[line:60]-DEBUG-[日志信息]: there are no request data, queue is empty.
Tue, 26 Jul 2022 16:28:17-root-MessageQueue.py-[line:60]-DEBUG-[日志信息]: there are no request data, queue is empty.
Tue, 26 Jul 2022 16:28:18-root-MessageQueue.py-[line:60]-DEBUG-[日志信息]: there are no request data, queue is empty.
Tue, 26 Jul 2022 16:28:19-root-MessageQueue.py-[line:60]-DEBUG-[日志信息]: there are no request data, queue is empty.
Tue, 26 Jul 2022 16:28:20-root-MessageQueue.py-[line:60]-DEBUG-[日志信息]: there are no request data, queue is empty.
Tue, 26 Jul 2022 16:28:21-root-MessageQueue.py-[line:60]-DEBUG-[日志信息]: there are no request data, queue is empty.
Tue, 26 Jul 2022 16:28:22-root-MessageQueue.py-[line:60]-DEBUG-[日志信息]: there are no request data, queue is empty.
Tue, 26 Jul 2022 16:28:23-root-MessageQueue.py-[line:60]-DEBUG-[日志信息]: there are no request data, queue is empty.
Tue, 26 Jul 2022 16:28:24-root-MessageQueue.py-[line:60]-DEBUG-[日志信息]: there are no request data, queue is empty.
Tue, 26 Jul 2022 16:28:25-root-MessageQueue.py-[line:60]-DEBUG-[日志信息]: there are no request data, queue is empty.
Tue, 26 Jul 2022 16:28:26-root-MessageQueue.py-[line:60]-DEBUG-[日志信息]: there are no request data, queue is empty.
Tue, 26 Jul 2022 16:28:27-root-MessageQueue.py-[line:60]-DEBUG-[日志信息]: there are no request data, queue is empty.
Tue, 26 Jul 2022 16:28:28-root-MessageQueue.py-[line:60]-DEBUG-[日志信息]: there are no request data, queue is empty.
Tue, 26 Jul 2022 16:28:29-root-MessageQueue.py-[line:60]-DEBUG-[日志信息]: there are no request data, queue is empty.
Tue, 26 Jul 2022 16:28:30-root-MessageQueue.py-[line:60]-DEBUG-[日志信息]: there are no request data, queue is empty.
Tue, 26 Jul 2022 16:28:31-root-MessageQueue.py-[line:60]-DEBUG-[日志信息]: there are no request data, queue is empty.
Tue, 26 Jul 2022 16:28:32-root-MessageQueue.py-[line:60]-DEBUG-[日志信息]: there are no request data, queue is empty.
Tue, 26 Jul 2022 16:28:33-root-MessageQueue.py-[line:60]-DEBUG-[日志信息]: there are no request data, queue is empty.
Tue, 26 Jul 2022 16:28:34-root-MessageQueue.py-[line:60]-DEBUG-[日志信息]: there are no request data, queue is empty.
Tue, 26 Jul 2022 16:28:35-root-MessageQueue.py-[line:60]-DEBUG-[日志信息]: there are no request data, queue is empty.
Tue, 26 Jul 2022 16:28:36-root-MessageQueue.py-[line:60]-DEBUG-[日志信息]: there are no request data, queue is empty.
Tue, 26 Jul 2022 16:28:37-root-MessageQueue.py-[line:60]-DEBUG-[日志信息]: there are no request data, queue is empty.
Tue, 26 Jul 2022 16:28:38-root-MessageQueue.py-[line:60]-DEBUG-[日志信息]: there are no request data, queue is empty.
Tue, 26 Jul 2022 16:28:39-root-MessageQueue.py-[line:60]-DEBUG-[日志信息]: there are no request data, queue is empty.
Tue, 26 Jul 2022 16:28:40-root-MessageQueue.py-[line:60]-DEBUG-[日志信息]: there are no request data, queue is empty.
Tue, 26 Jul 2022 16:28:41-root-MessageQueue.py-[line:60]-DEBUG-[日志信息]: there are no request data, queue is empty.
Tue, 26 Jul 2022 16:28:42-root-MessageQueue.py-[line:60]-DEBUG-[日志信息]: there are no request data, queue is empty.
Tue, 26 Jul 2022 16:28:43-root-MessageQueue.py-[line:60]-DEBUG-[日志信息]: there are no request data, queue is empty.
Tue, 26 Jul 2022 16:28:44-root-MessageQueue.py-[line:60]-DEBUG-[日志信息]: there are no request data, queue is empty.
Tue, 26 Jul 2022 16:28:45-root-MessageQueue.py-[line:60]-DEBUG-[日志信息]: there are no request data, queue is empty.
Tue, 26 Jul 2022 16:28:46-root-MessageQueue.py-[line:60]-DEBUG-[日志信息]: there are no request data, queue is empty.
Tue, 26 Jul 2022 16:28:47-root-MessageQueue.py-[line:60]-DEBUG-[日志信息]: there are no request data, queue is empty.
Tue, 26 Jul 2022 16:28:48-root-MessageQueue.py-[line:60]-DEBUG-[日志信息]: there are no request data, queue is empty.
Tue, 26 Jul 2022 16:28:49-root-MessageQueue.py-[line:60]-DEBUG-[日志信息]: there are no request data, queue is empty.
Tue, 26 Jul 2022 16:28:50-root-MessageQueue.py-[line:60]-DEBUG-[日志信息]: there are no request data, queue is empty.
Tue, 26 Jul 2022 16:28:51-root-MessageQueue.py-[line:60]-DEBUG-[日志信息]: there are no request data, queue is empty.
Tue, 26 Jul 2022 16:28:52-root-MessageQueue.py-[line:60]-DEBUG-[日志信息]: there are no request data, queue is empty.
Tue, 26 Jul 2022 16:28:53-root-MessageQueue.py-[line:60]-DEBUG-[日志信息]: there are no request data, queue is empty.
Tue, 26 Jul 2022 16:28:54-root-MessageQueue.py-[line:60]-DEBUG-[日志信息]: there are no request data, queue is empty.
Tue, 26 Jul 2022 16:28:55-root-MessageQueue.py-[line:60]-DEBUG-[日志信息]: there are no request data, queue is empty.
Tue, 26 Jul 2022 16:28:56-root-MessageQueue.py-[line:60]-DEBUG-[日志信息]: there are no request data, queue is empty.
Tue, 26 Jul 2022 16:28:57-root-MessageQueue.py-[line:60]-DEBUG-[日志信息]: there are no request data, queue is empty.
Tue, 26 Jul 2022 16:28:58-root-MessageQueue.py-[line:60]-DEBUG-[日志信息]: there are no request data, queue is empty.
Tue, 26 Jul 2022 16:28:59-root-MessageQueue.py-[line:60]-DEBUG-[日志信息]: there are no request data, queue is empty.
Tue, 26 Jul 2022 16:29:00-root-MessageQueue.py-[line:60]-DEBUG-[日志信息]: there are no request data, queue is empty.
Tue, 26 Jul 2022 16:29:01-root-MessageQueue.py-[line:60]-DEBUG-[日志信息]: there are no request data, queue is empty.
Tue, 26 Jul 2022 16:29:02-root-MessageQueue.py-[line:60]-DEBUG-[日志信息]: there are no request data, queue is empty.
Tue, 26 Jul 2022 16:29:03-root-MessageQueue.py-[line:60]-DEBUG-[日志信息]: there are no request data, queue is empty.
Tue, 26 Jul 2022 16:29:04-root-MessageQueue.py-[line:60]-DEBUG-[日志信息]: there are no request data, queue is empty.
Tue, 26 Jul 2022 16:29:05-root-MessageQueue.py-[line:60]-DEBUG-[日志信息]: there are no request data, queue is empty.
Tue, 26 Jul 2022 16:29:07-root-MessageQueue.py-[line:60]-DEBUG-[日志信息]: there are no request data, queue is empty.
Tue, 26 Jul 2022 16:29:08-root-MessageQueue.py-[line:60]-DEBUG-[日志信息]: there are no request data, queue is empty.
Tue, 26 Jul 2022 16:29:09-root-MessageQueue.py-[line:60]-DEBUG-[日志信息]: there are no request data, queue is empty.
Tue, 26 Jul 2022 16:29:10-root-MessageQueue.py-[line:60]-DEBUG-[日志信息]: there are no request data, queue is empty.
Tue, 26 Jul 2022 16:29:11-root-MessageQueue.py-[line:60]-DEBUG-[日志信息]: there are no request data, queue is empty.
Tue, 26 Jul 2022 16:29:12-root-MessageQueue.py-[line:60]-DEBUG-[日志信息]: there are no request data, queue is empty.
Tue, 26 Jul 2022 16:29:13-root-MessageQueue.py-[line:60]-DEBUG-[日志信息]: there are no request data, queue is empty.
Tue, 26 Jul 2022 16:29:14-root-MessageQueue.py-[line:60]-DEBUG-[日志信息]: there are no request data, queue is empty.
Tue, 26 Jul 2022 16:29:15-root-MessageQueue.py-[line:60]-DEBUG-[日志信息]: there are no request data, queue is empty.
Tue, 26 Jul 2022 16:29:16-root-MessageQueue.py-[line:60]-DEBUG-[日志信息]: there are no request data, queue is empty.
Tue, 26 Jul 2022 16:29:17-root-MessageQueue.py-[line:60]-DEBUG-[日志信息]: there are no request data, queue is empty.
Tue, 26 Jul 2022 16:29:18-root-MessageQueue.py-[line:60]-DEBUG-[日志信息]: there are no request data, queue is empty.
Tue, 26 Jul 2022 16:29:19-root-MessageQueue.py-[line:60]-DEBUG-[日志信息]: there are no request data, queue is empty.
Tue, 26 Jul 2022 16:29:20-root-MessageQueue.py-[line:60]-DEBUG-[日志信息]: there are no request data, queue is empty.
Tue, 26 Jul 2022 16:29:21-root-MessageQueue.py-[line:60]-DEBUG-[日志信息]: there are no request data, queue is empty.
Tue, 26 Jul 2022 16:29:22-root-MessageQueue.py-[line:60]-DEBUG-[日志信息]: there are no request data, queue is empty.
Tue, 26 Jul 2022 16:29:23-root-MessageQueue.py-[line:60]-DEBUG-[日志信息]: there are no request data, queue is empty.
Tue, 26 Jul 2022 16:29:24-root-MessageQueue.py-[line:60]-DEBUG-[日志信息]: there are no request data, queue is empty.
Tue, 26 Jul 2022 16:29:25-root-MessageQueue.py-[line:60]-DEBUG-[日志信息]: there are no request data, queue is empty.
Tue, 26 Jul 2022 16:29:26-root-MessageQueue.py-[line:60]-DEBUG-[日志信息]: there are no request data, queue is empty.
Tue, 26 Jul 2022 16:29:27-root-MessageQueue.py-[line:60]-DEBUG-[日志信息]: there are no request data, queue is empty.
Tue, 26 Jul 2022 16:29:28-root-MessageQueue.py-[line:60]-DEBUG-[日志信息]: there are no request data, queue is empty.
Tue, 26 Jul 2022 16:29:29-root-MessageQueue.py-[line:60]-DEBUG-[日志信息]: there are no request data, queue is empty.
Tue, 26 Jul 2022 16:29:30-root-MessageQueue.py-[line:60]-DEBUG-[日志信息]: there are no request data, queue is empty.
Tue, 26 Jul 2022 16:29:31-root-MessageQueue.py-[line:60]-DEBUG-[日志信息]: there are no request data, queue is empty.
Tue, 26 Jul 2022 16:29:31-root-tcpservser.py-[line:124]-DEBUG-[日志信息]: [WinError 10054] 远程主机强迫关闭了一个现有的连接。
Tue, 26 Jul 2022 16:29:31-root-tcpservser.py-[line:165]-INFO-[日志信息]: 耗时：0.0009970664978027344
Tue, 26 Jul 2022 16:29:31-root-tcpservser.py-[line:171]-DEBUG-[日志信息]: recv failed:
Tue, 26 Jul 2022 16:29:32-root-tcpservser.py-[line:157]-DEBUG-[日志信息]: 客户端连接。
Tue, 26 Jul 2022 16:29:32-urllib3.connectionpool-connectionpool.py-[line:228]-DEBUG-[日志信息]: Starting new HTTP connection (1): 127.0.0.1:5000
Tue, 26 Jul 2022 16:29:33-urllib3.connectionpool-connectionpool.py-[line:456]-DEBUG-[日志信息]: http://127.0.0.1:5000 "POST /api/login HTTP/1.1" 200 339
Tue, 26 Jul 2022 16:29:33-root-tcpservser.py-[line:128]-DEBUG-[日志信息]: 收到包头:b'\x00\x00\x80?\xdd\x00\x00\x00'
Tue, 26 Jul 2022 16:29:33-root-tcpservser.py-[line:133]-DEBUG-[日志信息]: 收到包体:b'{"method": "4001", "body": {"token": "eyJhbGciOiJIUzI1NiIsInR5cCI6IkpXVCJ9.eyJleHAiOjE2NTk0Mjg5NzMuMDQ4MjM3OCwidXNlcmlkIjoiYmEwYjdkZjAtYTdjYS00YTMxLTkzZDYtZTBiY2VmYzQxZGRjIn0.LsaqxV2kLTxOBHFxkqBd9KH0h9j6arrTimH8LCydnKM"}}'
Tue, 26 Jul 2022 16:29:33-root-tcpservser.py-[line:77]-INFO-[日志信息]: 解析头耗时：0.00099945068359375
Tue, 26 Jul 2022 16:29:33-root-tcpservser.py-[line:165]-INFO-[日志信息]: 耗时：0.002993345260620117
Tue, 26 Jul 2022 16:29:33-root-tcpservser.py-[line:181]-DEBUG-[日志信息]: 客户端可写。
Tue, 26 Jul 2022 16:29:33-root-tcpservser.py-[line:128]-DEBUG-[日志信息]: 收到包头:b''
Tue, 26 Jul 2022 16:29:33-root-tcpservser.py-[line:165]-INFO-[日志信息]: 耗时：0.0
Tue, 26 Jul 2022 16:29:33-root-tcpservser.py-[line:171]-DEBUG-[日志信息]: recv failed:
Tue, 26 Jul 2022 16:30:32-root-tcpservser.py-[line:157]-DEBUG-[日志信息]: 客户端连接。
Tue, 26 Jul 2022 16:30:32-urllib3.connectionpool-connectionpool.py-[line:228]-DEBUG-[日志信息]: Starting new HTTP connection (1): 127.0.0.1:5000
Tue, 26 Jul 2022 16:30:32-urllib3.connectionpool-connectionpool.py-[line:456]-DEBUG-[日志信息]: http://127.0.0.1:5000 "POST /api/login HTTP/1.1" 200 339
Tue, 26 Jul 2022 16:30:32-root-tcpservser.py-[line:128]-DEBUG-[日志信息]: 收到包头:b'\x00\x00\x80?\xdd\x00\x00\x00'
Tue, 26 Jul 2022 16:30:32-root-tcpservser.py-[line:133]-DEBUG-[日志信息]: 收到包体:b'{"method": "4001", "body": {"token": "eyJhbGciOiJIUzI1NiIsInR5cCI6IkpXVCJ9.eyJleHAiOjE2NTk0MjkwMzIuODM3NjQ3NywidXNlcmlkIjoiYmEwYjdkZjAtYTdjYS00YTMxLTkzZDYtZTBiY2VmYzQxZGRjIn0.otEeMW4KnNB7eD-zpL77ZxXWBIVHCA_6n4cEVJnAAp8"}}'
Tue, 26 Jul 2022 16:30:32-root-tcpservser.py-[line:77]-INFO-[日志信息]: 解析头耗时：0.0011930465698242188
Tue, 26 Jul 2022 16:30:32-root-tcpservser.py-[line:165]-INFO-[日志信息]: 耗时：0.00218963623046875
Tue, 26 Jul 2022 16:30:32-root-tcpservser.py-[line:181]-DEBUG-[日志信息]: 客户端可写。
Tue, 26 Jul 2022 16:30:32-root-tcpservser.py-[line:128]-DEBUG-[日志信息]: 收到包头:b''
Tue, 26 Jul 2022 16:30:32-root-tcpservser.py-[line:165]-INFO-[日志信息]: 耗时：0.0009984970092773438
Tue, 26 Jul 2022 16:30:32-root-tcpservser.py-[line:171]-DEBUG-[日志信息]: recv failed:
Tue, 26 Jul 2022 16:30:48-root-tcpservser.py-[line:157]-DEBUG-[日志信息]: 客户端连接。
Tue, 26 Jul 2022 16:30:48-urllib3.connectionpool-connectionpool.py-[line:228]-DEBUG-[日志信息]: Starting new HTTP connection (1): 127.0.0.1:5000
Tue, 26 Jul 2022 16:30:48-urllib3.connectionpool-connectionpool.py-[line:456]-DEBUG-[日志信息]: http://127.0.0.1:5000 "POST /api/login HTTP/1.1" 200 339
Tue, 26 Jul 2022 16:30:48-root-tcpservser.py-[line:128]-DEBUG-[日志信息]: 收到包头:b'\x00\x00\x80?\xdd\x00\x00\x00'
Tue, 26 Jul 2022 16:30:48-root-tcpservser.py-[line:133]-DEBUG-[日志信息]: 收到包体:b'{"method": "4001", "body": {"token": "eyJhbGciOiJIUzI1NiIsInR5cCI6IkpXVCJ9.eyJleHAiOjE2NTk0MjkwNDguNDY1MzgzOCwidXNlcmlkIjoiYmEwYjdkZjAtYTdjYS00YTMxLTkzZDYtZTBiY2VmYzQxZGRjIn0.Ds1HYGovju4s3oTNQDtcmYrG9s7T0soWmvhP0B8hxik"}}'
Tue, 26 Jul 2022 16:30:48-root-tcpservser.py-[line:77]-INFO-[日志信息]: 解析头耗时：0.0010290145874023438
Tue, 26 Jul 2022 16:30:48-root-tcpservser.py-[line:165]-INFO-[日志信息]: 耗时：0.002111196517944336
Tue, 26 Jul 2022 16:30:48-root-tcpservser.py-[line:181]-DEBUG-[日志信息]: 客户端可写。
Tue, 26 Jul 2022 16:30:49-root-MessageQueue.py-[line:60]-DEBUG-[日志信息]: there are no request data, queue is empty.
Tue, 26 Jul 2022 16:30:51-root-MessageQueue.py-[line:60]-DEBUG-[日志信息]: there are no request data, queue is empty.
Tue, 26 Jul 2022 16:30:51-root-tcpservser.py-[line:157]-DEBUG-[日志信息]: 客户端连接。
Tue, 26 Jul 2022 16:30:51-urllib3.connectionpool-connectionpool.py-[line:228]-DEBUG-[日志信息]: Starting new HTTP connection (1): 127.0.0.1:5000
Tue, 26 Jul 2022 16:30:51-urllib3.connectionpool-connectionpool.py-[line:456]-DEBUG-[日志信息]: http://127.0.0.1:5000 "POST /api/login HTTP/1.1" 200 337
Tue, 26 Jul 2022 16:30:51-root-tcpservser.py-[line:128]-DEBUG-[日志信息]: 收到包头:b'\x00\x00\x80?\xdd\x00\x00\x00'
Tue, 26 Jul 2022 16:30:51-root-tcpservser.py-[line:133]-DEBUG-[日志信息]: 收到包体:b'{"method": "4001", "body": {"token": "eyJhbGciOiJIUzI1NiIsInR5cCI6IkpXVCJ9.eyJleHAiOjE2NTk0MjkwNTEuNDg3MTI3OCwidXNlcmlkIjoiZjY5MmI1MTMtOGUxYy00MTBhLTkyN2ItNTg2ODdiODVkY2M4In0.Nfv41LpCmMkagKzzewN1Wk-dvrMSUT1yTHL9kibvcrk"}}'
Tue, 26 Jul 2022 16:30:51-root-tcpservser.py-[line:77]-INFO-[日志信息]: 解析头耗时：0.001996755599975586
Tue, 26 Jul 2022 16:30:51-root-tcpservser.py-[line:165]-INFO-[日志信息]: 耗时：0.004063844680786133
Tue, 26 Jul 2022 16:30:51-root-tcpservser.py-[line:181]-DEBUG-[日志信息]: 客户端可写。
Tue, 26 Jul 2022 16:30:52-root-MessageQueue.py-[line:60]-DEBUG-[日志信息]: there are no request data, queue is empty.
Tue, 26 Jul 2022 16:30:53-root-MessageQueue.py-[line:60]-DEBUG-[日志信息]: there are no request data, queue is empty.
Tue, 26 Jul 2022 16:30:53-root-MessageQueue.py-[line:60]-DEBUG-[日志信息]: there are no request data, queue is empty.
Tue, 26 Jul 2022 16:30:54-root-MessageQueue.py-[line:60]-DEBUG-[日志信息]: there are no request data, queue is empty.
Tue, 26 Jul 2022 16:30:54-root-MessageQueue.py-[line:60]-DEBUG-[日志信息]: there are no request data, queue is empty.
Tue, 26 Jul 2022 16:30:55-root-MessageQueue.py-[line:60]-DEBUG-[日志信息]: there are no request data, queue is empty.
Tue, 26 Jul 2022 16:30:55-root-MessageQueue.py-[line:60]-DEBUG-[日志信息]: there are no request data, queue is empty.
Tue, 26 Jul 2022 16:30:56-root-MessageQueue.py-[line:60]-DEBUG-[日志信息]: there are no request data, queue is empty.
Tue, 26 Jul 2022 16:30:56-root-MessageQueue.py-[line:60]-DEBUG-[日志信息]: there are no request data, queue is empty.
Tue, 26 Jul 2022 16:30:56-root-tcpservser.py-[line:128]-DEBUG-[日志信息]: 收到包头:b'\x00\x00\x80?\x18\x01\x00\x00'
Tue, 26 Jul 2022 16:30:56-root-tcpservser.py-[line:133]-DEBUG-[日志信息]: 收到包体:b'{"method": "4003", "body": {"token": "eyJhbGciOiJIUzI1NiIsInR5cCI6IkpXVCJ9.eyJleHAiOjE2NTk0MjkwNTEuNDg3MTI3OCwidXNlcmlkIjoiZjY5MmI1MTMtOGUxYy00MTBhLTkyN2ItNTg2ODdiODVkY2M4In0.Nfv41LpCmMkagKzzewN1Wk-dvrMSUT1yTHL9kibvcrk", "msg": "hi", "to": "ba0b7df0-a7ca-4a31-93d6-e0bcefc41ddc"}}'
Tue, 26 Jul 2022 16:30:56-root-tcpservser.py-[line:88]-INFO-[日志信息]: 解析包体耗时：0.0009942054748535156
Tue, 26 Jul 2022 16:30:56-root-tcpservser.py-[line:165]-INFO-[日志信息]: 耗时：0.003798961639404297
Tue, 26 Jul 2022 16:30:56-root-tcpservser.py-[line:181]-DEBUG-[日志信息]: 客户端可写。
Tue, 26 Jul 2022 16:30:57-root-MessageQueue.py-[line:60]-DEBUG-[日志信息]: there are no request data, queue is empty.
Tue, 26 Jul 2022 16:30:57-root-DBHelper.py-[line:270]-INFO-[日志信息]: insert into message(id,user_id,content,from_u,groupid,is_send,create_at)values("9b35d10a-67f7-446e-9c0f-2e9e4a58b6c2","ba0b7df0-a7ca-4a31-93d6-e0bcefc41ddc","hi","f692b513-8e1c-410a-927b-58687b85dcc8"," ",1,now())
Tue, 26 Jul 2022 16:30:58-root-MessageQueue.py-[line:60]-DEBUG-[日志信息]: there are no request data, queue is empty.
Tue, 26 Jul 2022 16:30:58-root-MessageQueue.py-[line:60]-DEBUG-[日志信息]: there are no request data, queue is empty.
Tue, 26 Jul 2022 16:30:59-root-MessageQueue.py-[line:60]-DEBUG-[日志信息]: there are no request data, queue is empty.
Tue, 26 Jul 2022 16:30:59-root-MessageQueue.py-[line:60]-DEBUG-[日志信息]: there are no request data, queue is empty.
Tue, 26 Jul 2022 16:31:00-root-MessageQueue.py-[line:60]-DEBUG-[日志信息]: there are no request data, queue is empty.
Tue, 26 Jul 2022 16:31:00-root-MessageQueue.py-[line:60]-DEBUG-[日志信息]: there are no request data, queue is empty.
Tue, 26 Jul 2022 16:31:01-root-MessageQueue.py-[line:60]-DEBUG-[日志信息]: there are no request data, queue is empty.
Tue, 26 Jul 2022 16:31:01-root-MessageQueue.py-[line:60]-DEBUG-[日志信息]: there are no request data, queue is empty.
Tue, 26 Jul 2022 16:31:02-root-MessageQueue.py-[line:60]-DEBUG-[日志信息]: there are no request data, queue is empty.
Tue, 26 Jul 2022 16:31:02-root-MessageQueue.py-[line:60]-DEBUG-[日志信息]: there are no request data, queue is empty.
Tue, 26 Jul 2022 16:31:03-root-MessageQueue.py-[line:60]-DEBUG-[日志信息]: there are no request data, queue is empty.
Tue, 26 Jul 2022 16:31:03-root-MessageQueue.py-[line:60]-DEBUG-[日志信息]: there are no request data, queue is empty.
Tue, 26 Jul 2022 16:31:04-root-MessageQueue.py-[line:60]-DEBUG-[日志信息]: there are no request data, queue is empty.
Tue, 26 Jul 2022 16:31:04-root-MessageQueue.py-[line:60]-DEBUG-[日志信息]: there are no request data, queue is empty.
Tue, 26 Jul 2022 16:31:05-root-MessageQueue.py-[line:60]-DEBUG-[日志信息]: there are no request data, queue is empty.
Tue, 26 Jul 2022 16:31:05-root-MessageQueue.py-[line:60]-DEBUG-[日志信息]: there are no request data, queue is empty.
Tue, 26 Jul 2022 16:31:06-root-tcpservser.py-[line:128]-DEBUG-[日志信息]: 收到包头:b'\x00\x00\x80?\x1b\x01\x00\x00'
Tue, 26 Jul 2022 16:31:06-root-tcpservser.py-[line:133]-DEBUG-[日志信息]: 收到包体:b'{"method": "4003", "body": {"token": "eyJhbGciOiJIUzI1NiIsInR5cCI6IkpXVCJ9.eyJleHAiOjE2NTk0MjkwNDguNDY1MzgzOCwidXNlcmlkIjoiYmEwYjdkZjAtYTdjYS00YTMxLTkzZDYtZTBiY2VmYzQxZGRjIn0.Ds1HYGovju4s3oTNQDtcmYrG9s7T0soWmvhP0B8hxik", "msg": "hello", "to": "f692b513-8e1c-410a-927b-58687b85dcc8"}}'
Tue, 26 Jul 2022 16:31:06-root-tcpservser.py-[line:88]-INFO-[日志信息]: 解析包体耗时：0.0010006427764892578
Tue, 26 Jul 2022 16:31:06-root-tcpservser.py-[line:165]-INFO-[日志信息]: 耗时：0.003177165985107422
Tue, 26 Jul 2022 16:31:06-root-tcpservser.py-[line:181]-DEBUG-[日志信息]: 客户端可写。
Tue, 26 Jul 2022 16:31:06-root-DBHelper.py-[line:270]-INFO-[日志信息]: insert into message(id,user_id,content,from_u,groupid,is_send,create_at)values("e53978a2-b528-485d-8fbe-518a764cd859","f692b513-8e1c-410a-927b-58687b85dcc8","hello","ba0b7df0-a7ca-4a31-93d6-e0bcefc41ddc"," ",1,now())
Tue, 26 Jul 2022 16:31:06-root-MessageQueue.py-[line:60]-DEBUG-[日志信息]: there are no request data, queue is empty.
Tue, 26 Jul 2022 16:31:07-root-MessageQueue.py-[line:60]-DEBUG-[日志信息]: there are no request data, queue is empty.
Tue, 26 Jul 2022 16:31:07-root-MessageQueue.py-[line:60]-DEBUG-[日志信息]: there are no request data, queue is empty.
Tue, 26 Jul 2022 16:31:08-root-MessageQueue.py-[line:60]-DEBUG-[日志信息]: there are no request data, queue is empty.
Tue, 26 Jul 2022 16:31:08-root-MessageQueue.py-[line:60]-DEBUG-[日志信息]: there are no request data, queue is empty.
Tue, 26 Jul 2022 16:31:09-root-MessageQueue.py-[line:60]-DEBUG-[日志信息]: there are no request data, queue is empty.
Tue, 26 Jul 2022 16:31:09-root-MessageQueue.py-[line:60]-DEBUG-[日志信息]: there are no request data, queue is empty.
Tue, 26 Jul 2022 16:31:10-root-MessageQueue.py-[line:60]-DEBUG-[日志信息]: there are no request data, queue is empty.
Tue, 26 Jul 2022 16:31:10-root-MessageQueue.py-[line:60]-DEBUG-[日志信息]: there are no request data, queue is empty.
Tue, 26 Jul 2022 16:31:11-root-MessageQueue.py-[line:60]-DEBUG-[日志信息]: there are no request data, queue is empty.
Tue, 26 Jul 2022 16:31:11-root-MessageQueue.py-[line:60]-DEBUG-[日志信息]: there are no request data, queue is empty.
Tue, 26 Jul 2022 16:31:12-root-MessageQueue.py-[line:60]-DEBUG-[日志信息]: there are no request data, queue is empty.
Tue, 26 Jul 2022 16:31:12-root-MessageQueue.py-[line:60]-DEBUG-[日志信息]: there are no request data, queue is empty.
Tue, 26 Jul 2022 16:31:13-root-MessageQueue.py-[line:60]-DEBUG-[日志信息]: there are no request data, queue is empty.
Tue, 26 Jul 2022 16:31:13-root-MessageQueue.py-[line:60]-DEBUG-[日志信息]: there are no request data, queue is empty.
Tue, 26 Jul 2022 16:31:14-root-MessageQueue.py-[line:60]-DEBUG-[日志信息]: there are no request data, queue is empty.
Tue, 26 Jul 2022 16:31:14-root-MessageQueue.py-[line:60]-DEBUG-[日志信息]: there are no request data, queue is empty.
Tue, 26 Jul 2022 16:31:15-root-MessageQueue.py-[line:60]-DEBUG-[日志信息]: there are no request data, queue is empty.
Tue, 26 Jul 2022 16:31:15-root-MessageQueue.py-[line:60]-DEBUG-[日志信息]: there are no request data, queue is empty.
Tue, 26 Jul 2022 16:31:16-root-MessageQueue.py-[line:60]-DEBUG-[日志信息]: there are no request data, queue is empty.
Tue, 26 Jul 2022 16:31:16-root-MessageQueue.py-[line:60]-DEBUG-[日志信息]: there are no request data, queue is empty.
Tue, 26 Jul 2022 16:31:17-root-MessageQueue.py-[line:60]-DEBUG-[日志信息]: there are no request data, queue is empty.
Tue, 26 Jul 2022 16:31:17-root-MessageQueue.py-[line:60]-DEBUG-[日志信息]: there are no request data, queue is empty.
Tue, 26 Jul 2022 16:31:18-root-MessageQueue.py-[line:60]-DEBUG-[日志信息]: there are no request data, queue is empty.
Tue, 26 Jul 2022 16:31:18-root-MessageQueue.py-[line:60]-DEBUG-[日志信息]: there are no request data, queue is empty.
Tue, 26 Jul 2022 16:31:19-root-MessageQueue.py-[line:60]-DEBUG-[日志信息]: there are no request data, queue is empty.
Tue, 26 Jul 2022 16:31:19-root-MessageQueue.py-[line:60]-DEBUG-[日志信息]: there are no request data, queue is empty.
Tue, 26 Jul 2022 16:31:20-root-MessageQueue.py-[line:60]-DEBUG-[日志信息]: there are no request data, queue is empty.
Tue, 26 Jul 2022 16:31:20-root-MessageQueue.py-[line:60]-DEBUG-[日志信息]: there are no request data, queue is empty.
Tue, 26 Jul 2022 16:31:21-root-MessageQueue.py-[line:60]-DEBUG-[日志信息]: there are no request data, queue is empty.
Tue, 26 Jul 2022 16:31:21-root-MessageQueue.py-[line:60]-DEBUG-[日志信息]: there are no request data, queue is empty.
Tue, 26 Jul 2022 16:31:22-root-MessageQueue.py-[line:60]-DEBUG-[日志信息]: there are no request data, queue is empty.
Tue, 26 Jul 2022 16:31:22-root-MessageQueue.py-[line:60]-DEBUG-[日志信息]: there are no request data, queue is empty.
Tue, 26 Jul 2022 16:31:23-root-MessageQueue.py-[line:60]-DEBUG-[日志信息]: there are no request data, queue is empty.
Tue, 26 Jul 2022 16:31:23-root-MessageQueue.py-[line:60]-DEBUG-[日志信息]: there are no request data, queue is empty.
Tue, 26 Jul 2022 16:31:24-root-MessageQueue.py-[line:60]-DEBUG-[日志信息]: there are no request data, queue is empty.
Tue, 26 Jul 2022 16:31:24-root-MessageQueue.py-[line:60]-DEBUG-[日志信息]: there are no request data, queue is empty.
Tue, 26 Jul 2022 16:31:25-root-MessageQueue.py-[line:60]-DEBUG-[日志信息]: there are no request data, queue is empty.
Tue, 26 Jul 2022 16:31:25-root-MessageQueue.py-[line:60]-DEBUG-[日志信息]: there are no request data, queue is empty.
Tue, 26 Jul 2022 16:31:26-root-MessageQueue.py-[line:60]-DEBUG-[日志信息]: there are no request data, queue is empty.
Tue, 26 Jul 2022 16:31:26-root-MessageQueue.py-[line:60]-DEBUG-[日志信息]: there are no request data, queue is empty.
Tue, 26 Jul 2022 16:31:27-root-MessageQueue.py-[line:60]-DEBUG-[日志信息]: there are no request data, queue is empty.
Tue, 26 Jul 2022 16:31:27-root-MessageQueue.py-[line:60]-DEBUG-[日志信息]: there are no request data, queue is empty.
Tue, 26 Jul 2022 16:31:28-root-MessageQueue.py-[line:60]-DEBUG-[日志信息]: there are no request data, queue is empty.
Tue, 26 Jul 2022 16:31:28-root-MessageQueue.py-[line:60]-DEBUG-[日志信息]: there are no request data, queue is empty.
Tue, 26 Jul 2022 16:31:28-root-tcpservser.py-[line:128]-DEBUG-[日志信息]: 收到包头:b'\x00\x00\x80?"\x01\x00\x00'
Tue, 26 Jul 2022 16:31:28-root-tcpservser.py-[line:133]-DEBUG-[日志信息]: 收到包体:b'{"method": "4003", "body": {"token": "eyJhbGciOiJIUzI1NiIsInR5cCI6IkpXVCJ9.eyJleHAiOjE2NTk0MjkwNDguNDY1MzgzOCwidXNlcmlkIjoiYmEwYjdkZjAtYTdjYS00YTMxLTkzZDYtZTBiY2VmYzQxZGRjIn0.Ds1HYGovju4s3oTNQDtcmYrG9s7T0soWmvhP0B8hxik", "msg": "\\u4f60\\u597d", "to": "f692b513-8e1c-410a-927b-58687b85dcc8"}}'
Tue, 26 Jul 2022 16:31:28-root-tcpservser.py-[line:88]-INFO-[日志信息]: 解析包体耗时：0.0008931159973144531
Tue, 26 Jul 2022 16:31:28-root-tcpservser.py-[line:165]-INFO-[日志信息]: 耗时：0.0031075477600097656
Tue, 26 Jul 2022 16:31:28-root-tcpservser.py-[line:181]-DEBUG-[日志信息]: 客户端可写。
Tue, 26 Jul 2022 16:31:29-root-DBHelper.py-[line:270]-INFO-[日志信息]: insert into message(id,user_id,content,from_u,groupid,is_send,create_at)values("6533a064-89c8-450b-8093-d077bd02ff5d","f692b513-8e1c-410a-927b-58687b85dcc8","你好","ba0b7df0-a7ca-4a31-93d6-e0bcefc41ddc"," ",1,now())
Tue, 26 Jul 2022 16:31:29-root-MessageQueue.py-[line:60]-DEBUG-[日志信息]: there are no request data, queue is empty.
Tue, 26 Jul 2022 16:31:30-root-MessageQueue.py-[line:60]-DEBUG-[日志信息]: there are no request data, queue is empty.
Tue, 26 Jul 2022 16:31:30-root-MessageQueue.py-[line:60]-DEBUG-[日志信息]: there are no request data, queue is empty.
Tue, 26 Jul 2022 16:31:31-root-MessageQueue.py-[line:60]-DEBUG-[日志信息]: there are no request data, queue is empty.
Tue, 26 Jul 2022 16:31:31-root-MessageQueue.py-[line:60]-DEBUG-[日志信息]: there are no request data, queue is empty.
Tue, 26 Jul 2022 16:31:32-root-MessageQueue.py-[line:60]-DEBUG-[日志信息]: there are no request data, queue is empty.
Tue, 26 Jul 2022 16:31:32-root-MessageQueue.py-[line:60]-DEBUG-[日志信息]: there are no request data, queue is empty.
Tue, 26 Jul 2022 16:31:33-root-MessageQueue.py-[line:60]-DEBUG-[日志信息]: there are no request data, queue is empty.
Tue, 26 Jul 2022 16:31:33-root-MessageQueue.py-[line:60]-DEBUG-[日志信息]: there are no request data, queue is empty.
Tue, 26 Jul 2022 16:31:34-root-MessageQueue.py-[line:60]-DEBUG-[日志信息]: there are no request data, queue is empty.
Tue, 26 Jul 2022 16:31:34-root-MessageQueue.py-[line:60]-DEBUG-[日志信息]: there are no request data, queue is empty.
Tue, 26 Jul 2022 16:31:35-root-MessageQueue.py-[line:60]-DEBUG-[日志信息]: there are no request data, queue is empty.
Tue, 26 Jul 2022 16:31:35-root-MessageQueue.py-[line:60]-DEBUG-[日志信息]: there are no request data, queue is empty.
Tue, 26 Jul 2022 16:31:36-root-MessageQueue.py-[line:60]-DEBUG-[日志信息]: there are no request data, queue is empty.
Tue, 26 Jul 2022 16:31:36-root-MessageQueue.py-[line:60]-DEBUG-[日志信息]: there are no request data, queue is empty.
Tue, 26 Jul 2022 16:31:37-root-MessageQueue.py-[line:60]-DEBUG-[日志信息]: there are no request data, queue is empty.
Tue, 26 Jul 2022 16:31:37-root-MessageQueue.py-[line:60]-DEBUG-[日志信息]: there are no request data, queue is empty.
Tue, 26 Jul 2022 16:31:38-root-MessageQueue.py-[line:60]-DEBUG-[日志信息]: there are no request data, queue is empty.
Tue, 26 Jul 2022 16:31:38-root-MessageQueue.py-[line:60]-DEBUG-[日志信息]: there are no request data, queue is empty.
Tue, 26 Jul 2022 16:31:39-root-MessageQueue.py-[line:60]-DEBUG-[日志信息]: there are no request data, queue is empty.
Tue, 26 Jul 2022 16:31:39-root-MessageQueue.py-[line:60]-DEBUG-[日志信息]: there are no request data, queue is empty.
Tue, 26 Jul 2022 16:31:40-root-MessageQueue.py-[line:60]-DEBUG-[日志信息]: there are no request data, queue is empty.
Tue, 26 Jul 2022 16:31:40-root-MessageQueue.py-[line:60]-DEBUG-[日志信息]: there are no request data, queue is empty.
Tue, 26 Jul 2022 16:31:41-root-MessageQueue.py-[line:60]-DEBUG-[日志信息]: there are no request data, queue is empty.
Tue, 26 Jul 2022 16:31:41-root-MessageQueue.py-[line:60]-DEBUG-[日志信息]: there are no request data, queue is empty.
Tue, 26 Jul 2022 16:31:42-root-MessageQueue.py-[line:60]-DEBUG-[日志信息]: there are no request data, queue is empty.
Tue, 26 Jul 2022 16:31:42-root-MessageQueue.py-[line:60]-DEBUG-[日志信息]: there are no request data, queue is empty.
Tue, 26 Jul 2022 16:31:43-root-MessageQueue.py-[line:60]-DEBUG-[日志信息]: there are no request data, queue is empty.
Tue, 26 Jul 2022 16:31:43-root-MessageQueue.py-[line:60]-DEBUG-[日志信息]: there are no request data, queue is empty.
Tue, 26 Jul 2022 16:31:44-root-MessageQueue.py-[line:60]-DEBUG-[日志信息]: there are no request data, queue is empty.
Tue, 26 Jul 2022 16:31:44-root-MessageQueue.py-[line:60]-DEBUG-[日志信息]: there are no request data, queue is empty.
Tue, 26 Jul 2022 16:31:45-root-MessageQueue.py-[line:60]-DEBUG-[日志信息]: there are no request data, queue is empty.
Tue, 26 Jul 2022 16:31:45-root-MessageQueue.py-[line:60]-DEBUG-[日志信息]: there are no request data, queue is empty.
Tue, 26 Jul 2022 16:31:46-root-MessageQueue.py-[line:60]-DEBUG-[日志信息]: there are no request data, queue is empty.
Tue, 26 Jul 2022 16:31:46-root-MessageQueue.py-[line:60]-DEBUG-[日志信息]: there are no request data, queue is empty.
Tue, 26 Jul 2022 16:31:47-root-tcpservser.py-[line:128]-DEBUG-[日志信息]: 收到包头:b'\x00\x00\x80?(\x01\x00\x00'
Tue, 26 Jul 2022 16:31:47-root-tcpservser.py-[line:133]-DEBUG-[日志信息]: 收到包体:b'{"method": "4003", "body": {"token": "eyJhbGciOiJIUzI1NiIsInR5cCI6IkpXVCJ9.eyJleHAiOjE2NTk0MjkwNTEuNDg3MTI3OCwidXNlcmlkIjoiZjY5MmI1MTMtOGUxYy00MTBhLTkyN2ItNTg2ODdiODVkY2M4In0.Nfv41LpCmMkagKzzewN1Wk-dvrMSUT1yTHL9kibvcrk", "msg": "\\u5927\\u5bb6\\u597d", "to": "ba0b7df0-a7ca-4a31-93d6-e0bcefc41ddc"}}'
Tue, 26 Jul 2022 16:31:47-root-tcpservser.py-[line:88]-INFO-[日志信息]: 解析包体耗时：0.001672983169555664
Tue, 26 Jul 2022 16:31:47-root-tcpservser.py-[line:165]-INFO-[日志信息]: 耗时：0.004059553146362305
Tue, 26 Jul 2022 16:31:47-root-tcpservser.py-[line:181]-DEBUG-[日志信息]: 客户端可写。
Tue, 26 Jul 2022 16:31:47-root-MessageQueue.py-[line:60]-DEBUG-[日志信息]: there are no request data, queue is empty.
Tue, 26 Jul 2022 16:31:47-root-DBHelper.py-[line:270]-INFO-[日志信息]: insert into message(id,user_id,content,from_u,groupid,is_send,create_at)values("4ae66c45-8522-409e-b9b3-2c6d5cdaff9f","ba0b7df0-a7ca-4a31-93d6-e0bcefc41ddc","大家好","f692b513-8e1c-410a-927b-58687b85dcc8"," ",1,now())
Tue, 26 Jul 2022 16:31:48-root-MessageQueue.py-[line:60]-DEBUG-[日志信息]: there are no request data, queue is empty.
Tue, 26 Jul 2022 16:31:48-root-MessageQueue.py-[line:60]-DEBUG-[日志信息]: there are no request data, queue is empty.
Tue, 26 Jul 2022 16:31:49-root-MessageQueue.py-[line:60]-DEBUG-[日志信息]: there are no request data, queue is empty.
Tue, 26 Jul 2022 16:31:49-root-MessageQueue.py-[line:60]-DEBUG-[日志信息]: there are no request data, queue is empty.
Tue, 26 Jul 2022 16:31:50-root-MessageQueue.py-[line:60]-DEBUG-[日志信息]: there are no request data, queue is empty.
Tue, 26 Jul 2022 16:31:50-root-MessageQueue.py-[line:60]-DEBUG-[日志信息]: there are no request data, queue is empty.
Tue, 26 Jul 2022 16:31:51-root-MessageQueue.py-[line:60]-DEBUG-[日志信息]: there are no request data, queue is empty.
Tue, 26 Jul 2022 16:31:51-root-MessageQueue.py-[line:60]-DEBUG-[日志信息]: there are no request data, queue is empty.
Tue, 26 Jul 2022 16:31:52-root-MessageQueue.py-[line:60]-DEBUG-[日志信息]: there are no request data, queue is empty.
Tue, 26 Jul 2022 16:31:52-root-MessageQueue.py-[line:60]-DEBUG-[日志信息]: there are no request data, queue is empty.
Tue, 26 Jul 2022 16:31:53-root-MessageQueue.py-[line:60]-DEBUG-[日志信息]: there are no request data, queue is empty.
Tue, 26 Jul 2022 16:31:53-root-MessageQueue.py-[line:60]-DEBUG-[日志信息]: there are no request data, queue is empty.
Tue, 26 Jul 2022 16:31:54-root-MessageQueue.py-[line:60]-DEBUG-[日志信息]: there are no request data, queue is empty.
Tue, 26 Jul 2022 16:31:54-root-MessageQueue.py-[line:60]-DEBUG-[日志信息]: there are no request data, queue is empty.
Tue, 26 Jul 2022 16:31:55-root-MessageQueue.py-[line:60]-DEBUG-[日志信息]: there are no request data, queue is empty.
Tue, 26 Jul 2022 16:31:55-root-MessageQueue.py-[line:60]-DEBUG-[日志信息]: there are no request data, queue is empty.
Tue, 26 Jul 2022 16:31:56-root-MessageQueue.py-[line:60]-DEBUG-[日志信息]: there are no request data, queue is empty.
Tue, 26 Jul 2022 16:31:56-root-MessageQueue.py-[line:60]-DEBUG-[日志信息]: there are no request data, queue is empty.
Tue, 26 Jul 2022 16:31:57-root-MessageQueue.py-[line:60]-DEBUG-[日志信息]: there are no request data, queue is empty.
Tue, 26 Jul 2022 16:31:57-root-MessageQueue.py-[line:60]-DEBUG-[日志信息]: there are no request data, queue is empty.
Tue, 26 Jul 2022 16:31:58-root-MessageQueue.py-[line:60]-DEBUG-[日志信息]: there are no request data, queue is empty.
Tue, 26 Jul 2022 16:31:58-root-MessageQueue.py-[line:60]-DEBUG-[日志信息]: there are no request data, queue is empty.
Tue, 26 Jul 2022 16:31:59-root-MessageQueue.py-[line:60]-DEBUG-[日志信息]: there are no request data, queue is empty.
Tue, 26 Jul 2022 16:31:59-root-MessageQueue.py-[line:60]-DEBUG-[日志信息]: there are no request data, queue is empty.
Tue, 26 Jul 2022 16:32:00-root-MessageQueue.py-[line:60]-DEBUG-[日志信息]: there are no request data, queue is empty.
Tue, 26 Jul 2022 16:32:00-root-MessageQueue.py-[line:60]-DEBUG-[日志信息]: there are no request data, queue is empty.
Tue, 26 Jul 2022 16:32:01-root-MessageQueue.py-[line:60]-DEBUG-[日志信息]: there are no request data, queue is empty.
Tue, 26 Jul 2022 16:32:01-root-MessageQueue.py-[line:60]-DEBUG-[日志信息]: there are no request data, queue is empty.
Tue, 26 Jul 2022 16:32:02-root-MessageQueue.py-[line:60]-DEBUG-[日志信息]: there are no request data, queue is empty.
Tue, 26 Jul 2022 16:32:02-root-MessageQueue.py-[line:60]-DEBUG-[日志信息]: there are no request data, queue is empty.
Tue, 26 Jul 2022 16:32:03-root-MessageQueue.py-[line:60]-DEBUG-[日志信息]: there are no request data, queue is empty.
Tue, 26 Jul 2022 16:32:03-root-MessageQueue.py-[line:60]-DEBUG-[日志信息]: there are no request data, queue is empty.
Tue, 26 Jul 2022 16:32:04-root-MessageQueue.py-[line:60]-DEBUG-[日志信息]: there are no request data, queue is empty.
Tue, 26 Jul 2022 16:32:04-root-MessageQueue.py-[line:60]-DEBUG-[日志信息]: there are no request data, queue is empty.
Tue, 26 Jul 2022 16:32:05-root-MessageQueue.py-[line:60]-DEBUG-[日志信息]: there are no request data, queue is empty.
Tue, 26 Jul 2022 16:32:05-root-MessageQueue.py-[line:60]-DEBUG-[日志信息]: there are no request data, queue is empty.
Tue, 26 Jul 2022 16:32:05-root-tcpservser.py-[line:124]-DEBUG-[日志信息]: [WinError 10054] 远程主机强迫关闭了一个现有的连接。
Tue, 26 Jul 2022 16:32:05-root-tcpservser.py-[line:165]-INFO-[日志信息]: 耗时：0.0009946823120117188
Tue, 26 Jul 2022 16:32:05-root-tcpservser.py-[line:171]-DEBUG-[日志信息]: recv failed:
Tue, 26 Jul 2022 16:32:06-root-MessageQueue.py-[line:60]-DEBUG-[日志信息]: there are no request data, queue is empty.
Tue, 26 Jul 2022 16:32:07-root-MessageQueue.py-[line:60]-DEBUG-[日志信息]: there are no request data, queue is empty.
Tue, 26 Jul 2022 16:32:08-root-MessageQueue.py-[line:60]-DEBUG-[日志信息]: there are no request data, queue is empty.
Tue, 26 Jul 2022 16:32:09-root-MessageQueue.py-[line:60]-DEBUG-[日志信息]: there are no request data, queue is empty.
Tue, 26 Jul 2022 16:32:10-root-MessageQueue.py-[line:60]-DEBUG-[日志信息]: there are no request data, queue is empty.
Tue, 26 Jul 2022 16:32:11-root-tcpservser.py-[line:124]-DEBUG-[日志信息]: [WinError 10054] 远程主机强迫关闭了一个现有的连接。
Tue, 26 Jul 2022 16:32:11-root-tcpservser.py-[line:165]-INFO-[日志信息]: 耗时：0.0
Tue, 26 Jul 2022 16:32:11-root-tcpservser.py-[line:171]-DEBUG-[日志信息]: recv failed:
Tue, 26 Jul 2022 19:31:55-root-DBHelper.py-[line:33]-INFO-[日志信息]: mongodb://127.0.0.1:27017
