Tue, 26 Jul 2022 00:09:38-root-client.py-[line:147]-ERROR-[日志信息]: recv time out
Tue, 26 Jul 2022 00:09:59-root-client.py-[line:147]-ERROR-[日志信息]: recv time out
Tue, 26 Jul 2022 00:10:20-root-client.py-[line:147]-ERROR-[日志信息]: recv time out
Tue, 26 Jul 2022 00:10:41-root-client.py-[line:147]-ERROR-[日志信息]: recv time out
Tue, 26 Jul 2022 00:11:02-root-client.py-[line:147]-ERROR-[日志信息]: recv time out
Tue, 26 Jul 2022 00:11:23-root-client.py-[line:147]-ERROR-[日志信息]: recv time out
Tue, 26 Jul 2022 00:11:44-root-client.py-[line:147]-ERROR-[日志信息]: recv time out
Tue, 26 Jul 2022 00:12:43-root-client.py-[line:147]-ERROR-[日志信息]: recv time out
Tue, 26 Jul 2022 07:23:16-root-tcpservser.py-[line:207]-ERROR-[日志信息]: 
Tue, 26 Jul 2022 07:23:17-root-tcpservser.py-[line:207]-ERROR-[日志信息]: 
Tue, 26 Jul 2022 07:23:18-root-tcpservser.py-[line:207]-ERROR-[日志信息]: 
Tue, 26 Jul 2022 07:23:19-root-tcpservser.py-[line:207]-ERROR-[日志信息]: 
Tue, 26 Jul 2022 07:23:20-root-tcpservser.py-[line:207]-ERROR-[日志信息]: 
Tue, 26 Jul 2022 07:23:21-root-tcpservser.py-[line:207]-ERROR-[日志信息]: 
Tue, 26 Jul 2022 07:23:23-root-tcpservser.py-[line:207]-ERROR-[日志信息]: 
Tue, 26 Jul 2022 07:23:24-root-tcpservser.py-[line:207]-ERROR-[日志信息]: 
Tue, 26 Jul 2022 07:23:25-root-tcpservser.py-[line:207]-ERROR-[日志信息]: 
Tue, 26 Jul 2022 07:23:26-root-tcpservser.py-[line:207]-ERROR-[日志信息]: 
Tue, 26 Jul 2022 07:23:27-root-tcpservser.py-[line:207]-ERROR-[日志信息]: 
Tue, 26 Jul 2022 07:23:28-root-tcpservser.py-[line:207]-ERROR-[日志信息]: 
Tue, 26 Jul 2022 07:23:29-root-tcpservser.py-[line:207]-ERROR-[日志信息]: 
Tue, 26 Jul 2022 07:23:30-root-tcpservser.py-[line:207]-ERROR-[日志信息]: 
Tue, 26 Jul 2022 07:23:31-root-tcpservser.py-[line:207]-ERROR-[日志信息]: 
Tue, 26 Jul 2022 07:23:32-root-tcpservser.py-[line:207]-ERROR-[日志信息]: 
Tue, 26 Jul 2022 07:23:33-root-tcpservser.py-[line:207]-ERROR-[日志信息]: 
Tue, 26 Jul 2022 07:23:34-root-tcpservser.py-[line:207]-ERROR-[日志信息]: 
Tue, 26 Jul 2022 07:23:35-root-tcpservser.py-[line:207]-ERROR-[日志信息]: 
Tue, 26 Jul 2022 07:23:36-root-tcpservser.py-[line:207]-ERROR-[日志信息]: 
Tue, 26 Jul 2022 07:23:37-root-tcpservser.py-[line:207]-ERROR-[日志信息]: 
Tue, 26 Jul 2022 07:23:38-root-tcpservser.py-[line:207]-ERROR-[日志信息]: 
Tue, 26 Jul 2022 07:23:39-root-tcpservser.py-[line:207]-ERROR-[日志信息]: 
Tue, 26 Jul 2022 07:23:40-root-tcpservser.py-[line:207]-ERROR-[日志信息]: 
Tue, 26 Jul 2022 07:23:41-root-tcpservser.py-[line:207]-ERROR-[日志信息]: 
Tue, 26 Jul 2022 07:23:42-root-tcpservser.py-[line:207]-ERROR-[日志信息]: 
Tue, 26 Jul 2022 07:23:43-root-tcpservser.py-[line:207]-ERROR-[日志信息]: 
Tue, 26 Jul 2022 07:23:44-root-tcpservser.py-[line:207]-ERROR-[日志信息]: 
Tue, 26 Jul 2022 07:23:45-root-tcpservser.py-[line:207]-ERROR-[日志信息]: 
Tue, 26 Jul 2022 07:23:46-root-tcpservser.py-[line:207]-ERROR-[日志信息]: 
Tue, 26 Jul 2022 07:23:47-root-tcpservser.py-[line:207]-ERROR-[日志信息]: 
Tue, 26 Jul 2022 07:23:48-root-tcpservser.py-[line:207]-ERROR-[日志信息]: 
Tue, 26 Jul 2022 07:23:49-root-tcpservser.py-[line:207]-ERROR-[日志信息]: 
Tue, 26 Jul 2022 07:23:50-root-tcpservser.py-[line:207]-ERROR-[日志信息]: 
Tue, 26 Jul 2022 07:23:51-root-tcpservser.py-[line:207]-ERROR-[日志信息]: 
Tue, 26 Jul 2022 07:23:52-root-tcpservser.py-[line:207]-ERROR-[日志信息]: 
Tue, 26 Jul 2022 07:23:53-root-tcpservser.py-[line:207]-ERROR-[日志信息]: 
Tue, 26 Jul 2022 07:23:54-root-tcpservser.py-[line:207]-ERROR-[日志信息]: 
Tue, 26 Jul 2022 07:23:55-root-tcpservser.py-[line:207]-ERROR-[日志信息]: 
Tue, 26 Jul 2022 07:23:56-root-tcpservser.py-[line:207]-ERROR-[日志信息]: 
Tue, 26 Jul 2022 07:23:57-root-tcpservser.py-[line:207]-ERROR-[日志信息]: 
Tue, 26 Jul 2022 07:23:58-root-tcpservser.py-[line:207]-ERROR-[日志信息]: 
Tue, 26 Jul 2022 07:23:59-root-tcpservser.py-[line:207]-ERROR-[日志信息]: 
Tue, 26 Jul 2022 07:24:00-root-tcpservser.py-[line:207]-ERROR-[日志信息]: 
Tue, 26 Jul 2022 07:24:01-root-tcpservser.py-[line:207]-ERROR-[日志信息]: 
Tue, 26 Jul 2022 07:30:20-root-tcpservser.py-[line:207]-ERROR-[日志信息]: 
Tue, 26 Jul 2022 07:30:21-root-tcpservser.py-[line:207]-ERROR-[日志信息]: 
Tue, 26 Jul 2022 07:30:22-root-tcpservser.py-[line:207]-ERROR-[日志信息]: 
Tue, 26 Jul 2022 07:30:23-root-tcpservser.py-[line:207]-ERROR-[日志信息]: 
Tue, 26 Jul 2022 07:30:24-root-tcpservser.py-[line:207]-ERROR-[日志信息]: 
Tue, 26 Jul 2022 07:30:25-root-tcpservser.py-[line:207]-ERROR-[日志信息]: 
Tue, 26 Jul 2022 07:30:26-root-tcpservser.py-[line:207]-ERROR-[日志信息]: 
Tue, 26 Jul 2022 07:30:27-root-tcpservser.py-[line:207]-ERROR-[日志信息]: 
Tue, 26 Jul 2022 07:30:28-root-tcpservser.py-[line:207]-ERROR-[日志信息]: 
Tue, 26 Jul 2022 07:30:29-root-tcpservser.py-[line:207]-ERROR-[日志信息]: 
Tue, 26 Jul 2022 07:30:30-root-tcpservser.py-[line:207]-ERROR-[日志信息]: 
Tue, 26 Jul 2022 07:30:31-root-tcpservser.py-[line:207]-ERROR-[日志信息]: 
Tue, 26 Jul 2022 07:30:32-root-tcpservser.py-[line:207]-ERROR-[日志信息]: 
Tue, 26 Jul 2022 07:30:33-root-tcpservser.py-[line:207]-ERROR-[日志信息]: 
Tue, 26 Jul 2022 12:49:15-root-DBHelper.py-[line:103]-ERROR-[日志信息]: 'data_list'
Tue, 26 Jul 2022 12:49:15-root-tcpservser.py-[line:234]-ERROR-[日志信息]: insert message to mongdb failed.
Tue, 26 Jul 2022 12:49:15-root-tcpservser.py-[line:237]-ERROR-[日志信息]: insert message to mysql failed.
Tue, 26 Jul 2022 12:49:18-root-DBHelper.py-[line:103]-ERROR-[日志信息]: 'data_list'
Tue, 26 Jul 2022 12:49:18-root-tcpservser.py-[line:234]-ERROR-[日志信息]: insert message to mongdb failed.
Tue, 26 Jul 2022 12:49:18-root-tcpservser.py-[line:237]-ERROR-[日志信息]: insert message to mysql failed.
Tue, 26 Jul 2022 12:49:21-root-DBHelper.py-[line:103]-ERROR-[日志信息]: 'data_list'
Tue, 26 Jul 2022 12:49:21-root-tcpservser.py-[line:234]-ERROR-[日志信息]: insert message to mongdb failed.
Tue, 26 Jul 2022 12:49:21-root-tcpservser.py-[line:237]-ERROR-[日志信息]: insert message to mysql failed.
Tue, 26 Jul 2022 12:49:24-root-DBHelper.py-[line:103]-ERROR-[日志信息]: 'data_list'
Tue, 26 Jul 2022 12:49:24-root-tcpservser.py-[line:234]-ERROR-[日志信息]: insert message to mongdb failed.
Tue, 26 Jul 2022 12:49:24-root-tcpservser.py-[line:237]-ERROR-[日志信息]: insert message to mysql failed.
Tue, 26 Jul 2022 12:51:52-root-DBHelper.py-[line:103]-ERROR-[日志信息]: 'data_list'
Tue, 26 Jul 2022 12:51:52-root-tcpservser.py-[line:234]-ERROR-[日志信息]: insert message to mongdb failed.
Tue, 26 Jul 2022 12:51:52-root-tcpservser.py-[line:237]-ERROR-[日志信息]: insert message to mysql failed.
Tue, 26 Jul 2022 12:51:55-root-DBHelper.py-[line:103]-ERROR-[日志信息]: 'data_list'
Tue, 26 Jul 2022 12:51:55-root-tcpservser.py-[line:234]-ERROR-[日志信息]: insert message to mongdb failed.
Tue, 26 Jul 2022 12:51:55-root-tcpservser.py-[line:237]-ERROR-[日志信息]: insert message to mysql failed.
Tue, 26 Jul 2022 12:51:57-root-DBHelper.py-[line:103]-ERROR-[日志信息]: 'data_list'
Tue, 26 Jul 2022 12:51:57-root-tcpservser.py-[line:234]-ERROR-[日志信息]: insert message to mongdb failed.
Tue, 26 Jul 2022 12:51:57-root-tcpservser.py-[line:237]-ERROR-[日志信息]: insert message to mysql failed.
Tue, 26 Jul 2022 12:51:58-root-DBHelper.py-[line:103]-ERROR-[日志信息]: 'data_list'
Tue, 26 Jul 2022 12:51:58-root-tcpservser.py-[line:234]-ERROR-[日志信息]: insert message to mongdb failed.
Tue, 26 Jul 2022 12:51:58-root-tcpservser.py-[line:237]-ERROR-[日志信息]: insert message to mysql failed.
Tue, 26 Jul 2022 12:51:59-root-DBHelper.py-[line:103]-ERROR-[日志信息]: 'data_list'
Tue, 26 Jul 2022 12:51:59-root-tcpservser.py-[line:234]-ERROR-[日志信息]: insert message to mongdb failed.
Tue, 26 Jul 2022 12:51:59-root-tcpservser.py-[line:237]-ERROR-[日志信息]: insert message to mysql failed.
Tue, 26 Jul 2022 12:52:00-root-DBHelper.py-[line:103]-ERROR-[日志信息]: 'data_list'
Tue, 26 Jul 2022 12:52:00-root-tcpservser.py-[line:234]-ERROR-[日志信息]: insert message to mongdb failed.
Tue, 26 Jul 2022 12:52:00-root-tcpservser.py-[line:237]-ERROR-[日志信息]: insert message to mysql failed.
Tue, 26 Jul 2022 12:52:01-root-DBHelper.py-[line:103]-ERROR-[日志信息]: 'data_list'
Tue, 26 Jul 2022 12:52:01-root-tcpservser.py-[line:234]-ERROR-[日志信息]: insert message to mongdb failed.
Tue, 26 Jul 2022 12:52:01-root-tcpservser.py-[line:237]-ERROR-[日志信息]: insert message to mysql failed.
Tue, 26 Jul 2022 12:52:05-root-DBHelper.py-[line:103]-ERROR-[日志信息]: 'data_list'
Tue, 26 Jul 2022 12:52:05-root-tcpservser.py-[line:234]-ERROR-[日志信息]: insert message to mongdb failed.
Tue, 26 Jul 2022 12:52:05-root-tcpservser.py-[line:237]-ERROR-[日志信息]: insert message to mysql failed.
Tue, 26 Jul 2022 12:52:06-root-DBHelper.py-[line:103]-ERROR-[日志信息]: 'data_list'
Tue, 26 Jul 2022 12:52:06-root-tcpservser.py-[line:234]-ERROR-[日志信息]: insert message to mongdb failed.
Tue, 26 Jul 2022 12:52:06-root-tcpservser.py-[line:237]-ERROR-[日志信息]: insert message to mysql failed.
Tue, 26 Jul 2022 12:52:07-root-DBHelper.py-[line:103]-ERROR-[日志信息]: 'data_list'
Tue, 26 Jul 2022 12:52:07-root-tcpservser.py-[line:234]-ERROR-[日志信息]: insert message to mongdb failed.
Tue, 26 Jul 2022 12:52:07-root-tcpservser.py-[line:237]-ERROR-[日志信息]: insert message to mysql failed.
Tue, 26 Jul 2022 12:52:08-root-DBHelper.py-[line:103]-ERROR-[日志信息]: 'data_list'
Tue, 26 Jul 2022 12:52:08-root-tcpservser.py-[line:234]-ERROR-[日志信息]: insert message to mongdb failed.
Tue, 26 Jul 2022 12:52:08-root-tcpservser.py-[line:237]-ERROR-[日志信息]: insert message to mysql failed.
Tue, 26 Jul 2022 12:52:09-root-DBHelper.py-[line:103]-ERROR-[日志信息]: 'data_list'
Tue, 26 Jul 2022 12:52:09-root-tcpservser.py-[line:234]-ERROR-[日志信息]: insert message to mongdb failed.
Tue, 26 Jul 2022 12:52:09-root-tcpservser.py-[line:237]-ERROR-[日志信息]: insert message to mysql failed.
Tue, 26 Jul 2022 12:57:39-root-DBHelper.py-[line:103]-ERROR-[日志信息]: 'data_list'
Tue, 26 Jul 2022 12:57:39-root-tcpservser.py-[line:235]-ERROR-[日志信息]: insert message to mongdb failed.
Tue, 26 Jul 2022 12:57:39-root-tcpservser.py-[line:239]-ERROR-[日志信息]: insert message to mysql failed.
Tue, 26 Jul 2022 12:57:43-root-DBHelper.py-[line:103]-ERROR-[日志信息]: 'data_list'
Tue, 26 Jul 2022 12:57:43-root-tcpservser.py-[line:235]-ERROR-[日志信息]: insert message to mongdb failed.
Tue, 26 Jul 2022 12:57:43-root-tcpservser.py-[line:239]-ERROR-[日志信息]: insert message to mysql failed.
Tue, 26 Jul 2022 12:57:46-root-DBHelper.py-[line:103]-ERROR-[日志信息]: 'data_list'
Tue, 26 Jul 2022 12:57:46-root-tcpservser.py-[line:235]-ERROR-[日志信息]: insert message to mongdb failed.
Tue, 26 Jul 2022 12:57:46-root-tcpservser.py-[line:239]-ERROR-[日志信息]: insert message to mysql failed.
Tue, 26 Jul 2022 12:57:50-root-DBHelper.py-[line:103]-ERROR-[日志信息]: 'data_list'
Tue, 26 Jul 2022 12:57:50-root-tcpservser.py-[line:235]-ERROR-[日志信息]: insert message to mongdb failed.
Tue, 26 Jul 2022 12:57:50-root-tcpservser.py-[line:239]-ERROR-[日志信息]: insert message to mysql failed.
Tue, 26 Jul 2022 12:57:54-root-DBHelper.py-[line:103]-ERROR-[日志信息]: 'data_list'
Tue, 26 Jul 2022 12:57:54-root-tcpservser.py-[line:235]-ERROR-[日志信息]: insert message to mongdb failed.
Tue, 26 Jul 2022 12:57:54-root-tcpservser.py-[line:239]-ERROR-[日志信息]: insert message to mysql failed.
Tue, 26 Jul 2022 13:04:40-root-tcpservser.py-[line:241]-ERROR-[日志信息]: insert message to mysql failed.
Tue, 26 Jul 2022 13:04:41-root-tcpservser.py-[line:241]-ERROR-[日志信息]: insert message to mysql failed.
Tue, 26 Jul 2022 13:04:42-root-tcpservser.py-[line:241]-ERROR-[日志信息]: insert message to mysql failed.
Tue, 26 Jul 2022 13:04:44-root-tcpservser.py-[line:241]-ERROR-[日志信息]: insert message to mysql failed.
Tue, 26 Jul 2022 13:04:45-root-tcpservser.py-[line:241]-ERROR-[日志信息]: insert message to mysql failed.
Tue, 26 Jul 2022 13:05:53-root-tcpservser.py-[line:241]-ERROR-[日志信息]: insert message to mysql failed.
Tue, 26 Jul 2022 13:05:54-root-tcpservser.py-[line:241]-ERROR-[日志信息]: insert message to mysql failed.
Tue, 26 Jul 2022 13:05:55-root-tcpservser.py-[line:241]-ERROR-[日志信息]: insert message to mysql failed.
Tue, 26 Jul 2022 13:05:58-root-tcpservser.py-[line:241]-ERROR-[日志信息]: insert message to mysql failed.
Tue, 26 Jul 2022 13:05:59-root-tcpservser.py-[line:241]-ERROR-[日志信息]: insert message to mysql failed.
Tue, 26 Jul 2022 13:06:00-root-tcpservser.py-[line:241]-ERROR-[日志信息]: insert message to mysql failed.
Tue, 26 Jul 2022 13:07:48-root-tcpservser.py-[line:241]-ERROR-[日志信息]: insert message to mysql failed.
Tue, 26 Jul 2022 13:07:49-root-tcpservser.py-[line:241]-ERROR-[日志信息]: insert message to mysql failed.
Tue, 26 Jul 2022 13:07:50-root-tcpservser.py-[line:241]-ERROR-[日志信息]: insert message to mysql failed.
Tue, 26 Jul 2022 13:07:53-root-tcpservser.py-[line:241]-ERROR-[日志信息]: insert message to mysql failed.
Tue, 26 Jul 2022 13:07:54-root-tcpservser.py-[line:241]-ERROR-[日志信息]: insert message to mysql failed.
Tue, 26 Jul 2022 13:07:55-root-tcpservser.py-[line:241]-ERROR-[日志信息]: insert message to mysql failed.
Tue, 26 Jul 2022 13:07:56-root-tcpservser.py-[line:241]-ERROR-[日志信息]: insert message to mysql failed.
Tue, 26 Jul 2022 13:07:57-root-tcpservser.py-[line:241]-ERROR-[日志信息]: insert message to mysql failed.
Tue, 26 Jul 2022 13:20:55-root-tcpservser.py-[line:243]-ERROR-[日志信息]: insert message to mysql failed.
Tue, 26 Jul 2022 13:21:00-root-tcpservser.py-[line:243]-ERROR-[日志信息]: insert message to mysql failed.
Tue, 26 Jul 2022 13:21:59-root-tcpservser.py-[line:243]-ERROR-[日志信息]: insert message to mysql failed.
Tue, 26 Jul 2022 13:22:05-root-tcpservser.py-[line:243]-ERROR-[日志信息]: insert message to mysql failed.
Tue, 26 Jul 2022 13:24:19-root-tcpservser.py-[line:243]-ERROR-[日志信息]: insert message to mysql failed.
Tue, 26 Jul 2022 13:27:01-root-tcpservser.py-[line:244]-ERROR-[日志信息]: insert message to mysql failed.
Tue, 26 Jul 2022 13:27:02-root-tcpservser.py-[line:244]-ERROR-[日志信息]: insert message to mysql failed.
Tue, 26 Jul 2022 13:28:40-root-tcpservser.py-[line:244]-ERROR-[日志信息]: insert message to mysql failed.
Tue, 26 Jul 2022 13:29:21-root-tcpservser.py-[line:244]-ERROR-[日志信息]: insert message to mysql failed.
