Fri, 15 Jul 2022 12:07:30-root-Logger.py-[line:126]-DEBUG-[日志信息]: json data decode error.
Fri, 15 Jul 2022 12:07:30-root-Logger.py-[line:126]-DEBUG-[日志信息]: json data decode error.
Fri, 15 Jul 2022 12:49:45-root-Logger.py-[line:126]-DEBUG-[日志信息]: json data decode error.
Fri, 15 Jul 2022 13:06:39-root-Logger.py-[line:126]-DEBUG-[日志信息]: method is not register.
Fri, 15 Jul 2022 13:06:39-root-Logger.py-[line:126]-DEBUG-[日志信息]: keys is error.
Fri, 15 Jul 2022 13:07:18-root-Logger.py-[line:126]-DEBUG-[日志信息]: keys is error.
Fri, 15 Jul 2022 13:08:06-root-Logger.py-[line:126]-DEBUG-[日志信息]: method is not register.
Fri, 15 Jul 2022 13:08:36-root-Logger.py-[line:126]-DEBUG-[日志信息]: method is not register.
Fri, 15 Jul 2022 13:08:36-root-Logger.py-[line:126]-DEBUG-[日志信息]: method is not register.
Fri, 15 Jul 2022 13:08:54-root-Logger.py-[line:126]-DEBUG-[日志信息]: method is not register.
Fri, 15 Jul 2022 13:09:22-root-Logger.py-[line:126]-DEBUG-[日志信息]: method is not register.
Fri, 15 Jul 2022 13:10:04-root-Logger.py-[line:126]-DEBUG-[日志信息]: method is not register.
Fri, 15 Jul 2022 13:10:04-root-Logger.py-[line:126]-DEBUG-[日志信息]: None
Fri, 15 Jul 2022 13:10:04-root-Logger.py-[line:126]-DEBUG-[日志信息]: 133
Fri, 15 Jul 2022 13:11:20-root-Logger.py-[line:126]-DEBUG-[日志信息]: method is not register.
Fri, 15 Jul 2022 13:11:20-root-Logger.py-[line:126]-DEBUG-[日志信息]: None
Fri, 15 Jul 2022 13:11:20-root-Logger.py-[line:126]-DEBUG-[日志信息]: 133
Fri, 15 Jul 2022 13:12:00-root-Logger.py-[line:126]-DEBUG-[日志信息]: method is not register.
Fri, 15 Jul 2022 13:12:00-root-Logger.py-[line:126]-DEBUG-[日志信息]: None
Fri, 15 Jul 2022 13:12:00-root-Logger.py-[line:126]-DEBUG-[日志信息]: keys is error.
Fri, 15 Jul 2022 13:12:00-root-Logger.py-[line:126]-DEBUG-[日志信息]: 133
Fri, 15 Jul 2022 13:12:26-root-Logger.py-[line:126]-DEBUG-[日志信息]: method is not register.
Fri, 15 Jul 2022 13:12:26-root-Logger.py-[line:126]-DEBUG-[日志信息]: keys is error.
Fri, 15 Jul 2022 13:12:45-root-Logger.py-[line:126]-DEBUG-[日志信息]: method is not register.
Fri, 15 Jul 2022 13:12:45-root-Logger.py-[line:126]-DEBUG-[日志信息]: keys is error.
Fri, 15 Jul 2022 16:05:00-root-Logger.py-[line:126]-DEBUG-[日志信息]: method is not register.
Fri, 15 Jul 2022 16:05:00-root-Logger.py-[line:126]-DEBUG-[日志信息]: keys is error.
Fri, 15 Jul 2022 16:05:42-root-Logger.py-[line:126]-DEBUG-[日志信息]: method is not register.
Fri, 15 Jul 2022 16:05:42-root-Logger.py-[line:126]-DEBUG-[日志信息]: keys is error.
