Tue, 19 Jul 2022 00:01:07-root-Logger.py-[line:126]-DEBUG-[日志信息]: there are no request data, queue is empty.
Tue, 19 Jul 2022 00:01:17-root-Logger.py-[line:126]-DEBUG-[日志信息]: there are no request data, queue is empty.
Tue, 19 Jul 2022 00:01:20-root-Logger.py-[line:126]-DEBUG-[日志信息]: {'username': None, 'phone': '18969196681', 'password': '123456'}
Tue, 19 Jul 2022 00:01:20-root-Logger.py-[line:124]-INFO-[日志信息]: select * from user_info where phone="18969196681" or username="None" and pwd = "123456" limit 1
Tue, 19 Jul 2022 00:03:18-root-Logger.py-[line:126]-DEBUG-[日志信息]: there are no request data, queue is empty.
Tue, 19 Jul 2022 00:03:24-root-Logger.py-[line:126]-DEBUG-[日志信息]: {'username': None, 'phone': '18969196681', 'password': '123456'}
Tue, 19 Jul 2022 00:03:25-root-Logger.py-[line:124]-INFO-[日志信息]: select * from user_info where phone="18969196681" or username="None" and pwd = "123456" limit 1
Tue, 19 Jul 2022 00:03:35-root-Logger.py-[line:126]-DEBUG-[日志信息]: there are no request data, queue is empty.
Tue, 19 Jul 2022 00:03:45-root-Logger.py-[line:126]-DEBUG-[日志信息]: there are no request data, queue is empty.
Tue, 19 Jul 2022 00:03:55-root-Logger.py-[line:126]-DEBUG-[日志信息]: there are no request data, queue is empty.
Tue, 19 Jul 2022 00:04:05-root-Logger.py-[line:126]-DEBUG-[日志信息]: there are no request data, queue is empty.
Tue, 19 Jul 2022 00:04:15-root-Logger.py-[line:126]-DEBUG-[日志信息]: there are no request data, queue is empty.
Tue, 19 Jul 2022 00:04:25-root-Logger.py-[line:126]-DEBUG-[日志信息]: there are no request data, queue is empty.
Tue, 19 Jul 2022 00:04:35-root-Logger.py-[line:126]-DEBUG-[日志信息]: there are no request data, queue is empty.
Tue, 19 Jul 2022 00:04:45-root-Logger.py-[line:126]-DEBUG-[日志信息]: there are no request data, queue is empty.
Tue, 19 Jul 2022 00:04:55-root-Logger.py-[line:126]-DEBUG-[日志信息]: there are no request data, queue is empty.
Tue, 19 Jul 2022 00:05:05-root-Logger.py-[line:126]-DEBUG-[日志信息]: there are no request data, queue is empty.
Tue, 19 Jul 2022 00:05:15-root-Logger.py-[line:126]-DEBUG-[日志信息]: there are no request data, queue is empty.
Tue, 19 Jul 2022 00:05:25-root-Logger.py-[line:126]-DEBUG-[日志信息]: there are no request data, queue is empty.
Tue, 19 Jul 2022 00:05:35-root-Logger.py-[line:126]-DEBUG-[日志信息]: there are no request data, queue is empty.
Tue, 19 Jul 2022 00:05:45-root-Logger.py-[line:126]-DEBUG-[日志信息]: there are no request data, queue is empty.
Tue, 19 Jul 2022 00:05:55-root-Logger.py-[line:126]-DEBUG-[日志信息]: there are no request data, queue is empty.
Tue, 19 Jul 2022 00:06:05-root-Logger.py-[line:126]-DEBUG-[日志信息]: there are no request data, queue is empty.
Tue, 19 Jul 2022 00:06:15-root-Logger.py-[line:126]-DEBUG-[日志信息]: there are no request data, queue is empty.
Tue, 19 Jul 2022 00:06:25-root-Logger.py-[line:126]-DEBUG-[日志信息]: there are no request data, queue is empty.
Tue, 19 Jul 2022 00:06:35-root-Logger.py-[line:126]-DEBUG-[日志信息]: there are no request data, queue is empty.
Tue, 19 Jul 2022 00:06:45-root-Logger.py-[line:126]-DEBUG-[日志信息]: there are no request data, queue is empty.
Tue, 19 Jul 2022 00:06:55-root-Logger.py-[line:126]-DEBUG-[日志信息]: there are no request data, queue is empty.
Tue, 19 Jul 2022 00:07:05-root-Logger.py-[line:126]-DEBUG-[日志信息]: there are no request data, queue is empty.
Tue, 19 Jul 2022 00:07:15-root-Logger.py-[line:126]-DEBUG-[日志信息]: there are no request data, queue is empty.
Tue, 19 Jul 2022 00:07:25-root-Logger.py-[line:126]-DEBUG-[日志信息]: there are no request data, queue is empty.
Tue, 19 Jul 2022 00:07:35-root-Logger.py-[line:126]-DEBUG-[日志信息]: there are no request data, queue is empty.
Tue, 19 Jul 2022 00:07:45-root-Logger.py-[line:126]-DEBUG-[日志信息]: there are no request data, queue is empty.
Tue, 19 Jul 2022 00:07:55-root-Logger.py-[line:126]-DEBUG-[日志信息]: there are no request data, queue is empty.
Tue, 19 Jul 2022 00:08:05-root-Logger.py-[line:126]-DEBUG-[日志信息]: there are no request data, queue is empty.
Tue, 19 Jul 2022 00:08:15-root-Logger.py-[line:126]-DEBUG-[日志信息]: there are no request data, queue is empty.
Tue, 19 Jul 2022 00:08:25-root-Logger.py-[line:126]-DEBUG-[日志信息]: there are no request data, queue is empty.
Tue, 19 Jul 2022 00:08:35-root-Logger.py-[line:126]-DEBUG-[日志信息]: there are no request data, queue is empty.
Tue, 19 Jul 2022 00:08:45-root-Logger.py-[line:126]-DEBUG-[日志信息]: there are no request data, queue is empty.
Tue, 19 Jul 2022 00:08:55-root-Logger.py-[line:126]-DEBUG-[日志信息]: there are no request data, queue is empty.
Tue, 19 Jul 2022 00:09:05-root-Logger.py-[line:126]-DEBUG-[日志信息]: there are no request data, queue is empty.
Tue, 19 Jul 2022 00:09:15-root-Logger.py-[line:126]-DEBUG-[日志信息]: there are no request data, queue is empty.
Tue, 19 Jul 2022 00:09:25-root-Logger.py-[line:126]-DEBUG-[日志信息]: there are no request data, queue is empty.
Tue, 19 Jul 2022 00:09:35-root-Logger.py-[line:126]-DEBUG-[日志信息]: there are no request data, queue is empty.
Tue, 19 Jul 2022 00:09:45-root-Logger.py-[line:126]-DEBUG-[日志信息]: there are no request data, queue is empty.
Tue, 19 Jul 2022 00:09:55-root-Logger.py-[line:126]-DEBUG-[日志信息]: there are no request data, queue is empty.
Tue, 19 Jul 2022 00:10:05-root-Logger.py-[line:126]-DEBUG-[日志信息]: there are no request data, queue is empty.
Tue, 19 Jul 2022 00:10:15-root-Logger.py-[line:126]-DEBUG-[日志信息]: there are no request data, queue is empty.
Tue, 19 Jul 2022 00:10:25-root-Logger.py-[line:126]-DEBUG-[日志信息]: there are no request data, queue is empty.
Tue, 19 Jul 2022 00:10:35-root-Logger.py-[line:126]-DEBUG-[日志信息]: there are no request data, queue is empty.
Tue, 19 Jul 2022 00:10:45-root-Logger.py-[line:126]-DEBUG-[日志信息]: there are no request data, queue is empty.
Tue, 19 Jul 2022 00:10:55-root-Logger.py-[line:126]-DEBUG-[日志信息]: there are no request data, queue is empty.
Tue, 19 Jul 2022 00:11:05-root-Logger.py-[line:126]-DEBUG-[日志信息]: there are no request data, queue is empty.
Tue, 19 Jul 2022 00:11:15-root-Logger.py-[line:126]-DEBUG-[日志信息]: there are no request data, queue is empty.
Tue, 19 Jul 2022 00:11:25-root-Logger.py-[line:126]-DEBUG-[日志信息]: there are no request data, queue is empty.
Tue, 19 Jul 2022 00:11:35-root-Logger.py-[line:126]-DEBUG-[日志信息]: there are no request data, queue is empty.
Tue, 19 Jul 2022 00:11:45-root-Logger.py-[line:126]-DEBUG-[日志信息]: there are no request data, queue is empty.
Tue, 19 Jul 2022 00:11:55-root-Logger.py-[line:126]-DEBUG-[日志信息]: there are no request data, queue is empty.
Tue, 19 Jul 2022 00:12:05-root-Logger.py-[line:126]-DEBUG-[日志信息]: there are no request data, queue is empty.
Tue, 19 Jul 2022 00:12:15-root-Logger.py-[line:126]-DEBUG-[日志信息]: there are no request data, queue is empty.
Tue, 19 Jul 2022 00:12:25-root-Logger.py-[line:126]-DEBUG-[日志信息]: there are no request data, queue is empty.
Tue, 19 Jul 2022 00:12:35-root-Logger.py-[line:126]-DEBUG-[日志信息]: there are no request data, queue is empty.
Tue, 19 Jul 2022 00:12:45-root-Logger.py-[line:126]-DEBUG-[日志信息]: there are no request data, queue is empty.
Tue, 19 Jul 2022 00:12:55-root-Logger.py-[line:126]-DEBUG-[日志信息]: there are no request data, queue is empty.
Tue, 19 Jul 2022 00:13:22-root-Logger.py-[line:126]-DEBUG-[日志信息]: there are no request data, queue is empty.
Tue, 19 Jul 2022 00:13:30-root-Logger.py-[line:124]-INFO-[日志信息]: insert into user_info(user_id,username,nickname,phone,pwd,create_time)values("db17afed-9760-41b2-92b4-9e9350c33c5e"," zhang","qq","18106512660","zkp198624",now())
Tue, 19 Jul 2022 00:13:40-root-Logger.py-[line:126]-DEBUG-[日志信息]: there are no request data, queue is empty.
Tue, 19 Jul 2022 00:13:50-root-Logger.py-[line:126]-DEBUG-[日志信息]: there are no request data, queue is empty.
Tue, 19 Jul 2022 00:14:00-root-Logger.py-[line:126]-DEBUG-[日志信息]: there are no request data, queue is empty.
Tue, 19 Jul 2022 00:14:10-root-Logger.py-[line:126]-DEBUG-[日志信息]: there are no request data, queue is empty.
Tue, 19 Jul 2022 00:14:20-root-Logger.py-[line:126]-DEBUG-[日志信息]: there are no request data, queue is empty.
Tue, 19 Jul 2022 00:14:30-root-Logger.py-[line:126]-DEBUG-[日志信息]: there are no request data, queue is empty.
Tue, 19 Jul 2022 00:15:30-root-Logger.py-[line:126]-DEBUG-[日志信息]: there are no request data, queue is empty.
Tue, 19 Jul 2022 00:15:41-root-Logger.py-[line:126]-DEBUG-[日志信息]: there are no request data, queue is empty.
Tue, 19 Jul 2022 00:15:46-root-Logger.py-[line:124]-INFO-[日志信息]: e10adc3949ba59abbe56e057f20f883e
Tue, 19 Jul 2022 00:15:46-root-Logger.py-[line:124]-INFO-[日志信息]: insert into user_info(user_id,username,nickname,phone,pwd,create_time)values("e21f7a95-b33f-4918-ae31-da5c7f8ad2d9","kepei","bruce","15382359899","zkp198624",now())
Tue, 19 Jul 2022 00:15:56-root-Logger.py-[line:126]-DEBUG-[日志信息]: there are no request data, queue is empty.
Tue, 19 Jul 2022 00:16:06-root-Logger.py-[line:126]-DEBUG-[日志信息]: there are no request data, queue is empty.
Tue, 19 Jul 2022 00:16:16-root-Logger.py-[line:126]-DEBUG-[日志信息]: there are no request data, queue is empty.
Tue, 19 Jul 2022 00:16:26-root-Logger.py-[line:126]-DEBUG-[日志信息]: there are no request data, queue is empty.
Tue, 19 Jul 2022 00:16:36-root-Logger.py-[line:126]-DEBUG-[日志信息]: there are no request data, queue is empty.
Tue, 19 Jul 2022 00:16:46-root-Logger.py-[line:126]-DEBUG-[日志信息]: there are no request data, queue is empty.
Tue, 19 Jul 2022 00:16:56-root-Logger.py-[line:126]-DEBUG-[日志信息]: there are no request data, queue is empty.
Tue, 19 Jul 2022 00:17:06-root-Logger.py-[line:126]-DEBUG-[日志信息]: there are no request data, queue is empty.
Tue, 19 Jul 2022 00:17:16-root-Logger.py-[line:126]-DEBUG-[日志信息]: there are no request data, queue is empty.
Tue, 19 Jul 2022 00:17:26-root-Logger.py-[line:126]-DEBUG-[日志信息]: there are no request data, queue is empty.
Tue, 19 Jul 2022 00:17:36-root-Logger.py-[line:126]-DEBUG-[日志信息]: there are no request data, queue is empty.
Tue, 19 Jul 2022 00:17:46-root-Logger.py-[line:126]-DEBUG-[日志信息]: there are no request data, queue is empty.
Tue, 19 Jul 2022 00:17:56-root-Logger.py-[line:126]-DEBUG-[日志信息]: there are no request data, queue is empty.
Tue, 19 Jul 2022 00:18:06-root-Logger.py-[line:126]-DEBUG-[日志信息]: there are no request data, queue is empty.
Tue, 19 Jul 2022 00:18:16-root-Logger.py-[line:126]-DEBUG-[日志信息]: there are no request data, queue is empty.
Tue, 19 Jul 2022 00:18:26-root-Logger.py-[line:126]-DEBUG-[日志信息]: there are no request data, queue is empty.
Tue, 19 Jul 2022 00:18:36-root-Logger.py-[line:126]-DEBUG-[日志信息]: there are no request data, queue is empty.
Tue, 19 Jul 2022 00:18:46-root-Logger.py-[line:126]-DEBUG-[日志信息]: there are no request data, queue is empty.
Tue, 19 Jul 2022 00:18:56-root-Logger.py-[line:126]-DEBUG-[日志信息]: there are no request data, queue is empty.
Tue, 19 Jul 2022 00:19:06-root-Logger.py-[line:126]-DEBUG-[日志信息]: there are no request data, queue is empty.
Tue, 19 Jul 2022 00:19:16-root-Logger.py-[line:126]-DEBUG-[日志信息]: there are no request data, queue is empty.
Tue, 19 Jul 2022 00:19:26-root-Logger.py-[line:126]-DEBUG-[日志信息]: there are no request data, queue is empty.
Tue, 19 Jul 2022 00:19:36-root-Logger.py-[line:126]-DEBUG-[日志信息]: there are no request data, queue is empty.
Tue, 19 Jul 2022 00:19:46-root-Logger.py-[line:126]-DEBUG-[日志信息]: there are no request data, queue is empty.
Tue, 19 Jul 2022 00:19:56-root-Logger.py-[line:126]-DEBUG-[日志信息]: there are no request data, queue is empty.
Tue, 19 Jul 2022 00:20:06-root-Logger.py-[line:126]-DEBUG-[日志信息]: there are no request data, queue is empty.
Tue, 19 Jul 2022 00:20:16-root-Logger.py-[line:126]-DEBUG-[日志信息]: there are no request data, queue is empty.
Tue, 19 Jul 2022 00:20:26-root-Logger.py-[line:126]-DEBUG-[日志信息]: there are no request data, queue is empty.
Tue, 19 Jul 2022 00:20:36-root-Logger.py-[line:126]-DEBUG-[日志信息]: there are no request data, queue is empty.
Tue, 19 Jul 2022 00:20:46-root-Logger.py-[line:126]-DEBUG-[日志信息]: there are no request data, queue is empty.
Tue, 19 Jul 2022 00:20:56-root-Logger.py-[line:126]-DEBUG-[日志信息]: there are no request data, queue is empty.
Tue, 19 Jul 2022 00:21:06-root-Logger.py-[line:126]-DEBUG-[日志信息]: there are no request data, queue is empty.
Tue, 19 Jul 2022 00:21:16-root-Logger.py-[line:126]-DEBUG-[日志信息]: there are no request data, queue is empty.
Tue, 19 Jul 2022 00:21:20-root-Logger.py-[line:124]-INFO-[日志信息]: e10adc3949ba59abbe56e057f20f883e
Tue, 19 Jul 2022 00:21:20-root-Logger.py-[line:124]-INFO-[日志信息]: insert into user_info(user_id,username,nickname,phone,pwd,create_time)values("b89ac56b-3e37-48a6-91ed-9eb29388824c","kepei","bruce","15382359899","zkp198624",now())
Tue, 19 Jul 2022 00:21:30-root-Logger.py-[line:126]-DEBUG-[日志信息]: there are no request data, queue is empty.
Tue, 19 Jul 2022 00:21:40-root-Logger.py-[line:126]-DEBUG-[日志信息]: there are no request data, queue is empty.
Tue, 19 Jul 2022 00:21:50-root-Logger.py-[line:126]-DEBUG-[日志信息]: there are no request data, queue is empty.
Tue, 19 Jul 2022 00:22:00-root-Logger.py-[line:126]-DEBUG-[日志信息]: there are no request data, queue is empty.
Tue, 19 Jul 2022 00:22:10-root-Logger.py-[line:126]-DEBUG-[日志信息]: there are no request data, queue is empty.
Tue, 19 Jul 2022 00:22:29-root-Logger.py-[line:126]-DEBUG-[日志信息]: there are no request data, queue is empty.
Tue, 19 Jul 2022 00:22:39-root-Logger.py-[line:126]-DEBUG-[日志信息]: there are no request data, queue is empty.
Tue, 19 Jul 2022 00:22:49-root-Logger.py-[line:126]-DEBUG-[日志信息]: there are no request data, queue is empty.
Tue, 19 Jul 2022 00:23:02-root-Logger.py-[line:126]-DEBUG-[日志信息]: there are no request data, queue is empty.
Tue, 19 Jul 2022 00:23:04-root-Logger.py-[line:124]-INFO-[日志信息]: e10adc3949ba59abbe56e057f20f883e
Tue, 19 Jul 2022 00:23:04-root-Logger.py-[line:124]-INFO-[日志信息]: insert into user_info(user_id,username,nickname,phone,pwd,create_time)values("a7b7028f-4d5b-4b60-ab8d-503648bf191f","kepei","bruce","15382359899","e10adc3949ba59abbe56e057f20f883e",now())
Tue, 19 Jul 2022 00:23:14-root-Logger.py-[line:126]-DEBUG-[日志信息]: there are no request data, queue is empty.
Tue, 19 Jul 2022 00:23:24-root-Logger.py-[line:126]-DEBUG-[日志信息]: there are no request data, queue is empty.
Tue, 19 Jul 2022 03:23:32-root-Logger.py-[line:126]-DEBUG-[日志信息]: there are no request data, queue is empty.
Tue, 19 Jul 2022 03:23:42-root-Logger.py-[line:126]-DEBUG-[日志信息]: there are no request data, queue is empty.
Tue, 19 Jul 2022 10:28:12-root-Logger.py-[line:126]-DEBUG-[日志信息]: there are no request data, queue is empty.
Tue, 19 Jul 2022 10:28:22-root-Logger.py-[line:126]-DEBUG-[日志信息]: there are no request data, queue is empty.
Tue, 19 Jul 2022 10:28:32-root-Logger.py-[line:126]-DEBUG-[日志信息]: there are no request data, queue is empty.
Tue, 19 Jul 2022 10:28:42-root-Logger.py-[line:126]-DEBUG-[日志信息]: there are no request data, queue is empty.
Tue, 19 Jul 2022 10:28:52-root-Logger.py-[line:126]-DEBUG-[日志信息]: there are no request data, queue is empty.
Tue, 19 Jul 2022 10:29:02-root-Logger.py-[line:126]-DEBUG-[日志信息]: there are no request data, queue is empty.
Tue, 19 Jul 2022 10:29:12-root-Logger.py-[line:126]-DEBUG-[日志信息]: there are no request data, queue is empty.
Tue, 19 Jul 2022 10:29:22-root-Logger.py-[line:126]-DEBUG-[日志信息]: there are no request data, queue is empty.
Tue, 19 Jul 2022 10:29:32-root-Logger.py-[line:126]-DEBUG-[日志信息]: there are no request data, queue is empty.
Tue, 19 Jul 2022 10:29:42-root-Logger.py-[line:126]-DEBUG-[日志信息]: there are no request data, queue is empty.
Tue, 19 Jul 2022 10:29:52-root-Logger.py-[line:126]-DEBUG-[日志信息]: there are no request data, queue is empty.
Tue, 19 Jul 2022 10:30:02-root-Logger.py-[line:126]-DEBUG-[日志信息]: there are no request data, queue is empty.
Tue, 19 Jul 2022 10:30:12-root-Logger.py-[line:126]-DEBUG-[日志信息]: there are no request data, queue is empty.
Tue, 19 Jul 2022 10:30:22-root-Logger.py-[line:126]-DEBUG-[日志信息]: there are no request data, queue is empty.
Tue, 19 Jul 2022 10:30:32-root-Logger.py-[line:126]-DEBUG-[日志信息]: there are no request data, queue is empty.
Tue, 19 Jul 2022 10:30:42-root-Logger.py-[line:126]-DEBUG-[日志信息]: there are no request data, queue is empty.
Tue, 19 Jul 2022 10:30:52-root-Logger.py-[line:126]-DEBUG-[日志信息]: there are no request data, queue is empty.
Tue, 19 Jul 2022 10:31:02-root-Logger.py-[line:126]-DEBUG-[日志信息]: there are no request data, queue is empty.
Tue, 19 Jul 2022 10:31:12-root-Logger.py-[line:126]-DEBUG-[日志信息]: there are no request data, queue is empty.
Tue, 19 Jul 2022 10:31:22-root-Logger.py-[line:126]-DEBUG-[日志信息]: there are no request data, queue is empty.
Tue, 19 Jul 2022 10:31:32-root-Logger.py-[line:126]-DEBUG-[日志信息]: there are no request data, queue is empty.
Tue, 19 Jul 2022 10:31:42-root-Logger.py-[line:126]-DEBUG-[日志信息]: there are no request data, queue is empty.
Tue, 19 Jul 2022 10:31:52-root-Logger.py-[line:126]-DEBUG-[日志信息]: there are no request data, queue is empty.
Tue, 19 Jul 2022 10:32:02-root-Logger.py-[line:126]-DEBUG-[日志信息]: there are no request data, queue is empty.
Tue, 19 Jul 2022 10:32:12-root-Logger.py-[line:126]-DEBUG-[日志信息]: there are no request data, queue is empty.
Tue, 19 Jul 2022 10:32:22-root-Logger.py-[line:126]-DEBUG-[日志信息]: there are no request data, queue is empty.
Tue, 19 Jul 2022 10:32:32-root-Logger.py-[line:126]-DEBUG-[日志信息]: there are no request data, queue is empty.
Tue, 19 Jul 2022 10:32:42-root-Logger.py-[line:126]-DEBUG-[日志信息]: there are no request data, queue is empty.
Tue, 19 Jul 2022 10:32:52-root-Logger.py-[line:126]-DEBUG-[日志信息]: there are no request data, queue is empty.
Tue, 19 Jul 2022 10:33:02-root-Logger.py-[line:126]-DEBUG-[日志信息]: there are no request data, queue is empty.
Tue, 19 Jul 2022 10:33:12-root-Logger.py-[line:126]-DEBUG-[日志信息]: there are no request data, queue is empty.
Tue, 19 Jul 2022 10:33:22-root-Logger.py-[line:126]-DEBUG-[日志信息]: there are no request data, queue is empty.
Tue, 19 Jul 2022 10:33:32-root-Logger.py-[line:126]-DEBUG-[日志信息]: there are no request data, queue is empty.
Tue, 19 Jul 2022 10:33:43-root-Logger.py-[line:126]-DEBUG-[日志信息]: there are no request data, queue is empty.
Tue, 19 Jul 2022 10:33:53-root-Logger.py-[line:126]-DEBUG-[日志信息]: there are no request data, queue is empty.
Tue, 19 Jul 2022 10:34:03-root-Logger.py-[line:126]-DEBUG-[日志信息]: there are no request data, queue is empty.
Tue, 19 Jul 2022 10:34:13-root-Logger.py-[line:126]-DEBUG-[日志信息]: there are no request data, queue is empty.
Tue, 19 Jul 2022 10:34:23-root-Logger.py-[line:126]-DEBUG-[日志信息]: there are no request data, queue is empty.
Tue, 19 Jul 2022 10:34:33-root-Logger.py-[line:126]-DEBUG-[日志信息]: there are no request data, queue is empty.
Tue, 19 Jul 2022 10:34:43-root-Logger.py-[line:126]-DEBUG-[日志信息]: there are no request data, queue is empty.
Tue, 19 Jul 2022 10:34:53-root-Logger.py-[line:126]-DEBUG-[日志信息]: there are no request data, queue is empty.
Tue, 19 Jul 2022 10:35:03-root-Logger.py-[line:126]-DEBUG-[日志信息]: there are no request data, queue is empty.
Tue, 19 Jul 2022 10:35:13-root-Logger.py-[line:126]-DEBUG-[日志信息]: there are no request data, queue is empty.
Tue, 19 Jul 2022 10:35:23-root-Logger.py-[line:126]-DEBUG-[日志信息]: there are no request data, queue is empty.
Tue, 19 Jul 2022 10:35:33-root-Logger.py-[line:126]-DEBUG-[日志信息]: there are no request data, queue is empty.
Tue, 19 Jul 2022 10:35:43-root-Logger.py-[line:126]-DEBUG-[日志信息]: there are no request data, queue is empty.
Tue, 19 Jul 2022 10:35:53-root-Logger.py-[line:126]-DEBUG-[日志信息]: there are no request data, queue is empty.
Tue, 19 Jul 2022 10:36:03-root-Logger.py-[line:126]-DEBUG-[日志信息]: there are no request data, queue is empty.
Tue, 19 Jul 2022 10:36:13-root-Logger.py-[line:126]-DEBUG-[日志信息]: there are no request data, queue is empty.
Tue, 19 Jul 2022 10:36:23-root-Logger.py-[line:126]-DEBUG-[日志信息]: there are no request data, queue is empty.
Tue, 19 Jul 2022 10:36:33-root-Logger.py-[line:126]-DEBUG-[日志信息]: there are no request data, queue is empty.
Tue, 19 Jul 2022 10:36:43-root-Logger.py-[line:126]-DEBUG-[日志信息]: there are no request data, queue is empty.
Tue, 19 Jul 2022 10:36:53-root-Logger.py-[line:126]-DEBUG-[日志信息]: there are no request data, queue is empty.
Tue, 19 Jul 2022 10:37:03-root-Logger.py-[line:126]-DEBUG-[日志信息]: there are no request data, queue is empty.
Tue, 19 Jul 2022 10:37:13-root-Logger.py-[line:126]-DEBUG-[日志信息]: there are no request data, queue is empty.
Tue, 19 Jul 2022 10:37:23-root-Logger.py-[line:126]-DEBUG-[日志信息]: there are no request data, queue is empty.
Tue, 19 Jul 2022 10:37:33-root-Logger.py-[line:126]-DEBUG-[日志信息]: there are no request data, queue is empty.
Tue, 19 Jul 2022 10:37:43-root-Logger.py-[line:126]-DEBUG-[日志信息]: there are no request data, queue is empty.
Tue, 19 Jul 2022 10:37:53-root-Logger.py-[line:126]-DEBUG-[日志信息]: there are no request data, queue is empty.
Tue, 19 Jul 2022 10:38:03-root-Logger.py-[line:126]-DEBUG-[日志信息]: there are no request data, queue is empty.
Tue, 19 Jul 2022 10:38:13-root-Logger.py-[line:126]-DEBUG-[日志信息]: there are no request data, queue is empty.
Tue, 19 Jul 2022 10:38:23-root-Logger.py-[line:126]-DEBUG-[日志信息]: there are no request data, queue is empty.
Tue, 19 Jul 2022 10:38:33-root-Logger.py-[line:126]-DEBUG-[日志信息]: there are no request data, queue is empty.
Tue, 19 Jul 2022 10:38:43-root-Logger.py-[line:126]-DEBUG-[日志信息]: there are no request data, queue is empty.
Tue, 19 Jul 2022 10:38:53-root-Logger.py-[line:126]-DEBUG-[日志信息]: there are no request data, queue is empty.
Tue, 19 Jul 2022 10:39:03-root-Logger.py-[line:126]-DEBUG-[日志信息]: there are no request data, queue is empty.
Tue, 19 Jul 2022 10:39:13-root-Logger.py-[line:126]-DEBUG-[日志信息]: there are no request data, queue is empty.
Tue, 19 Jul 2022 10:39:23-root-Logger.py-[line:126]-DEBUG-[日志信息]: there are no request data, queue is empty.
Tue, 19 Jul 2022 10:39:33-root-Logger.py-[line:126]-DEBUG-[日志信息]: there are no request data, queue is empty.
Tue, 19 Jul 2022 10:39:43-root-Logger.py-[line:126]-DEBUG-[日志信息]: there are no request data, queue is empty.
Tue, 19 Jul 2022 10:39:53-root-Logger.py-[line:126]-DEBUG-[日志信息]: there are no request data, queue is empty.
Tue, 19 Jul 2022 10:40:03-root-Logger.py-[line:126]-DEBUG-[日志信息]: there are no request data, queue is empty.
Tue, 19 Jul 2022 10:40:13-root-Logger.py-[line:126]-DEBUG-[日志信息]: there are no request data, queue is empty.
Tue, 19 Jul 2022 10:40:23-root-Logger.py-[line:126]-DEBUG-[日志信息]: there are no request data, queue is empty.
Tue, 19 Jul 2022 10:40:33-root-Logger.py-[line:126]-DEBUG-[日志信息]: there are no request data, queue is empty.
Tue, 19 Jul 2022 10:40:43-root-Logger.py-[line:126]-DEBUG-[日志信息]: there are no request data, queue is empty.
Tue, 19 Jul 2022 10:40:53-root-Logger.py-[line:126]-DEBUG-[日志信息]: there are no request data, queue is empty.
Tue, 19 Jul 2022 10:41:03-root-Logger.py-[line:126]-DEBUG-[日志信息]: there are no request data, queue is empty.
Tue, 19 Jul 2022 10:41:13-root-Logger.py-[line:126]-DEBUG-[日志信息]: there are no request data, queue is empty.
Tue, 19 Jul 2022 10:41:23-root-Logger.py-[line:126]-DEBUG-[日志信息]: there are no request data, queue is empty.
Tue, 19 Jul 2022 10:41:33-root-Logger.py-[line:126]-DEBUG-[日志信息]: there are no request data, queue is empty.
Tue, 19 Jul 2022 10:41:43-root-Logger.py-[line:126]-DEBUG-[日志信息]: there are no request data, queue is empty.
Tue, 19 Jul 2022 10:41:53-root-Logger.py-[line:126]-DEBUG-[日志信息]: there are no request data, queue is empty.
Tue, 19 Jul 2022 10:42:03-root-Logger.py-[line:126]-DEBUG-[日志信息]: there are no request data, queue is empty.
Tue, 19 Jul 2022 10:42:13-root-Logger.py-[line:126]-DEBUG-[日志信息]: there are no request data, queue is empty.
Tue, 19 Jul 2022 10:42:23-root-Logger.py-[line:126]-DEBUG-[日志信息]: there are no request data, queue is empty.
Tue, 19 Jul 2022 10:42:33-root-Logger.py-[line:126]-DEBUG-[日志信息]: there are no request data, queue is empty.
Tue, 19 Jul 2022 10:42:43-root-Logger.py-[line:126]-DEBUG-[日志信息]: there are no request data, queue is empty.
Tue, 19 Jul 2022 10:42:53-root-Logger.py-[line:126]-DEBUG-[日志信息]: there are no request data, queue is empty.
Tue, 19 Jul 2022 10:43:03-root-Logger.py-[line:126]-DEBUG-[日志信息]: there are no request data, queue is empty.
Tue, 19 Jul 2022 10:43:13-root-Logger.py-[line:126]-DEBUG-[日志信息]: there are no request data, queue is empty.
Tue, 19 Jul 2022 10:43:23-root-Logger.py-[line:126]-DEBUG-[日志信息]: there are no request data, queue is empty.
Tue, 19 Jul 2022 10:43:33-root-Logger.py-[line:126]-DEBUG-[日志信息]: there are no request data, queue is empty.
Tue, 19 Jul 2022 10:43:43-root-Logger.py-[line:126]-DEBUG-[日志信息]: there are no request data, queue is empty.
Tue, 19 Jul 2022 10:43:53-root-Logger.py-[line:126]-DEBUG-[日志信息]: there are no request data, queue is empty.
Tue, 19 Jul 2022 10:44:03-root-Logger.py-[line:126]-DEBUG-[日志信息]: there are no request data, queue is empty.
Tue, 19 Jul 2022 10:44:13-root-Logger.py-[line:126]-DEBUG-[日志信息]: there are no request data, queue is empty.
Tue, 19 Jul 2022 10:44:23-root-Logger.py-[line:126]-DEBUG-[日志信息]: there are no request data, queue is empty.
Tue, 19 Jul 2022 10:44:33-root-Logger.py-[line:126]-DEBUG-[日志信息]: there are no request data, queue is empty.
Tue, 19 Jul 2022 10:44:43-root-Logger.py-[line:126]-DEBUG-[日志信息]: there are no request data, queue is empty.
Tue, 19 Jul 2022 10:44:53-root-Logger.py-[line:126]-DEBUG-[日志信息]: there are no request data, queue is empty.
Tue, 19 Jul 2022 10:45:03-root-Logger.py-[line:126]-DEBUG-[日志信息]: there are no request data, queue is empty.
Tue, 19 Jul 2022 10:45:13-root-Logger.py-[line:126]-DEBUG-[日志信息]: there are no request data, queue is empty.
Tue, 19 Jul 2022 10:45:23-root-Logger.py-[line:126]-DEBUG-[日志信息]: there are no request data, queue is empty.
Tue, 19 Jul 2022 10:45:33-root-Logger.py-[line:126]-DEBUG-[日志信息]: there are no request data, queue is empty.
Tue, 19 Jul 2022 10:45:43-root-Logger.py-[line:126]-DEBUG-[日志信息]: there are no request data, queue is empty.
Tue, 19 Jul 2022 10:45:53-root-Logger.py-[line:126]-DEBUG-[日志信息]: there are no request data, queue is empty.
Tue, 19 Jul 2022 10:46:03-root-Logger.py-[line:126]-DEBUG-[日志信息]: there are no request data, queue is empty.
Tue, 19 Jul 2022 10:46:13-root-Logger.py-[line:126]-DEBUG-[日志信息]: there are no request data, queue is empty.
Tue, 19 Jul 2022 10:46:23-root-Logger.py-[line:126]-DEBUG-[日志信息]: there are no request data, queue is empty.
Tue, 19 Jul 2022 10:46:24-root-Logger.py-[line:126]-DEBUG-[日志信息]: 'NoneType' object has no attribute 'text'
Tue, 19 Jul 2022 10:46:33-root-Logger.py-[line:126]-DEBUG-[日志信息]: there are no request data, queue is empty.
Tue, 19 Jul 2022 10:46:43-root-Logger.py-[line:126]-DEBUG-[日志信息]: there are no request data, queue is empty.
Tue, 19 Jul 2022 10:46:53-root-Logger.py-[line:126]-DEBUG-[日志信息]: there are no request data, queue is empty.
Tue, 19 Jul 2022 10:47:03-root-Logger.py-[line:126]-DEBUG-[日志信息]: there are no request data, queue is empty.
Tue, 19 Jul 2022 10:47:13-root-Logger.py-[line:126]-DEBUG-[日志信息]: there are no request data, queue is empty.
Tue, 19 Jul 2022 10:47:23-root-Logger.py-[line:126]-DEBUG-[日志信息]: there are no request data, queue is empty.
Tue, 19 Jul 2022 10:47:33-root-Logger.py-[line:126]-DEBUG-[日志信息]: there are no request data, queue is empty.
Tue, 19 Jul 2022 10:47:39-root-Logger.py-[line:126]-DEBUG-[日志信息]: 'NoneType' object has no attribute 'text'
Tue, 19 Jul 2022 10:47:43-root-Logger.py-[line:126]-DEBUG-[日志信息]: there are no request data, queue is empty.
Tue, 19 Jul 2022 10:47:53-root-Logger.py-[line:126]-DEBUG-[日志信息]: there are no request data, queue is empty.
Tue, 19 Jul 2022 10:48:04-root-Logger.py-[line:126]-DEBUG-[日志信息]: there are no request data, queue is empty.
Tue, 19 Jul 2022 10:48:14-root-Logger.py-[line:126]-DEBUG-[日志信息]: there are no request data, queue is empty.
Tue, 19 Jul 2022 10:48:18-root-Logger.py-[line:126]-DEBUG-[日志信息]: 'NoneType' object has no attribute 'text'
Tue, 19 Jul 2022 10:48:24-root-Logger.py-[line:126]-DEBUG-[日志信息]: there are no request data, queue is empty.
Tue, 19 Jul 2022 10:48:34-root-Logger.py-[line:126]-DEBUG-[日志信息]: there are no request data, queue is empty.
Tue, 19 Jul 2022 10:48:44-root-Logger.py-[line:126]-DEBUG-[日志信息]: there are no request data, queue is empty.
Tue, 19 Jul 2022 10:48:54-root-Logger.py-[line:126]-DEBUG-[日志信息]: there are no request data, queue is empty.
Tue, 19 Jul 2022 10:49:04-root-Logger.py-[line:126]-DEBUG-[日志信息]: there are no request data, queue is empty.
Tue, 19 Jul 2022 10:49:14-root-Logger.py-[line:126]-DEBUG-[日志信息]: there are no request data, queue is empty.
Tue, 19 Jul 2022 10:49:24-root-Logger.py-[line:126]-DEBUG-[日志信息]: there are no request data, queue is empty.
Tue, 19 Jul 2022 10:49:34-root-Logger.py-[line:126]-DEBUG-[日志信息]: there are no request data, queue is empty.
Tue, 19 Jul 2022 10:49:44-root-Logger.py-[line:126]-DEBUG-[日志信息]: there are no request data, queue is empty.
Tue, 19 Jul 2022 10:49:54-root-Logger.py-[line:126]-DEBUG-[日志信息]: there are no request data, queue is empty.
Tue, 19 Jul 2022 10:50:04-root-Logger.py-[line:126]-DEBUG-[日志信息]: there are no request data, queue is empty.
Tue, 19 Jul 2022 10:50:14-root-Logger.py-[line:126]-DEBUG-[日志信息]: there are no request data, queue is empty.
Tue, 19 Jul 2022 10:50:24-root-Logger.py-[line:126]-DEBUG-[日志信息]: there are no request data, queue is empty.
Tue, 19 Jul 2022 10:50:34-root-Logger.py-[line:126]-DEBUG-[日志信息]: there are no request data, queue is empty.
Tue, 19 Jul 2022 10:50:43-root-Logger.py-[line:126]-DEBUG-[日志信息]: [Errno 2] No such file or directory: 'D:\\git-python\\IM-server\\Docs\\config11'
Tue, 19 Jul 2022 10:50:44-root-Logger.py-[line:126]-DEBUG-[日志信息]: there are no request data, queue is empty.
Tue, 19 Jul 2022 10:50:54-root-Logger.py-[line:126]-DEBUG-[日志信息]: there are no request data, queue is empty.
Tue, 19 Jul 2022 10:51:04-root-Logger.py-[line:126]-DEBUG-[日志信息]: there are no request data, queue is empty.
Tue, 19 Jul 2022 10:51:14-root-Logger.py-[line:126]-DEBUG-[日志信息]: there are no request data, queue is empty.
Tue, 19 Jul 2022 10:51:24-root-Logger.py-[line:126]-DEBUG-[日志信息]: there are no request data, queue is empty.
Tue, 19 Jul 2022 10:51:34-root-Logger.py-[line:126]-DEBUG-[日志信息]: there are no request data, queue is empty.
Tue, 19 Jul 2022 10:51:44-root-Logger.py-[line:126]-DEBUG-[日志信息]: there are no request data, queue is empty.
Tue, 19 Jul 2022 10:51:54-root-Logger.py-[line:126]-DEBUG-[日志信息]: there are no request data, queue is empty.
Tue, 19 Jul 2022 10:52:04-root-Logger.py-[line:126]-DEBUG-[日志信息]: there are no request data, queue is empty.
Tue, 19 Jul 2022 10:52:14-root-Logger.py-[line:126]-DEBUG-[日志信息]: there are no request data, queue is empty.
Tue, 19 Jul 2022 10:52:24-root-Logger.py-[line:126]-DEBUG-[日志信息]: there are no request data, queue is empty.
Tue, 19 Jul 2022 10:52:34-root-Logger.py-[line:126]-DEBUG-[日志信息]: there are no request data, queue is empty.
Tue, 19 Jul 2022 10:52:44-root-Logger.py-[line:126]-DEBUG-[日志信息]: there are no request data, queue is empty.
Tue, 19 Jul 2022 10:52:54-root-Logger.py-[line:126]-DEBUG-[日志信息]: there are no request data, queue is empty.
Tue, 19 Jul 2022 10:53:04-root-Logger.py-[line:126]-DEBUG-[日志信息]: there are no request data, queue is empty.
Tue, 19 Jul 2022 10:53:14-root-Logger.py-[line:126]-DEBUG-[日志信息]: there are no request data, queue is empty.
Tue, 19 Jul 2022 10:53:24-root-Logger.py-[line:126]-DEBUG-[日志信息]: there are no request data, queue is empty.
Tue, 19 Jul 2022 10:53:34-root-Logger.py-[line:126]-DEBUG-[日志信息]: there are no request data, queue is empty.
Tue, 19 Jul 2022 10:53:44-root-Logger.py-[line:126]-DEBUG-[日志信息]: there are no request data, queue is empty.
Tue, 19 Jul 2022 10:53:54-root-Logger.py-[line:126]-DEBUG-[日志信息]: there are no request data, queue is empty.
Tue, 19 Jul 2022 10:54:04-root-Logger.py-[line:126]-DEBUG-[日志信息]: there are no request data, queue is empty.
Tue, 19 Jul 2022 10:54:14-root-Logger.py-[line:126]-DEBUG-[日志信息]: there are no request data, queue is empty.
Tue, 19 Jul 2022 10:54:24-root-Logger.py-[line:126]-DEBUG-[日志信息]: there are no request data, queue is empty.
Tue, 19 Jul 2022 10:54:34-root-Logger.py-[line:126]-DEBUG-[日志信息]: there are no request data, queue is empty.
Tue, 19 Jul 2022 10:54:44-root-Logger.py-[line:126]-DEBUG-[日志信息]: there are no request data, queue is empty.
Tue, 19 Jul 2022 10:54:54-root-Logger.py-[line:126]-DEBUG-[日志信息]: there are no request data, queue is empty.
Tue, 19 Jul 2022 10:55:04-root-Logger.py-[line:126]-DEBUG-[日志信息]: there are no request data, queue is empty.
Tue, 19 Jul 2022 10:55:14-root-Logger.py-[line:126]-DEBUG-[日志信息]: there are no request data, queue is empty.
Tue, 19 Jul 2022 10:55:24-root-Logger.py-[line:126]-DEBUG-[日志信息]: there are no request data, queue is empty.
Tue, 19 Jul 2022 10:55:34-root-Logger.py-[line:126]-DEBUG-[日志信息]: there are no request data, queue is empty.
Tue, 19 Jul 2022 10:55:44-root-Logger.py-[line:126]-DEBUG-[日志信息]: there are no request data, queue is empty.
Tue, 19 Jul 2022 10:55:54-root-Logger.py-[line:126]-DEBUG-[日志信息]: there are no request data, queue is empty.
Tue, 19 Jul 2022 10:56:04-root-Logger.py-[line:126]-DEBUG-[日志信息]: there are no request data, queue is empty.
Tue, 19 Jul 2022 10:56:14-root-Logger.py-[line:126]-DEBUG-[日志信息]: there are no request data, queue is empty.
Tue, 19 Jul 2022 10:56:24-root-Logger.py-[line:126]-DEBUG-[日志信息]: there are no request data, queue is empty.
Tue, 19 Jul 2022 10:56:34-root-Logger.py-[line:126]-DEBUG-[日志信息]: there are no request data, queue is empty.
Tue, 19 Jul 2022 10:56:44-root-Logger.py-[line:126]-DEBUG-[日志信息]: there are no request data, queue is empty.
Tue, 19 Jul 2022 10:56:54-root-Logger.py-[line:126]-DEBUG-[日志信息]: there are no request data, queue is empty.
Tue, 19 Jul 2022 10:57:04-root-Logger.py-[line:126]-DEBUG-[日志信息]: there are no request data, queue is empty.
Tue, 19 Jul 2022 10:57:14-root-Logger.py-[line:126]-DEBUG-[日志信息]: there are no request data, queue is empty.
Tue, 19 Jul 2022 10:57:24-root-Logger.py-[line:126]-DEBUG-[日志信息]: there are no request data, queue is empty.
Tue, 19 Jul 2022 10:57:34-root-Logger.py-[line:126]-DEBUG-[日志信息]: there are no request data, queue is empty.
Tue, 19 Jul 2022 10:57:44-root-Logger.py-[line:126]-DEBUG-[日志信息]: there are no request data, queue is empty.
Tue, 19 Jul 2022 10:57:54-root-Logger.py-[line:126]-DEBUG-[日志信息]: there are no request data, queue is empty.
Tue, 19 Jul 2022 10:58:04-root-Logger.py-[line:126]-DEBUG-[日志信息]: there are no request data, queue is empty.
Tue, 19 Jul 2022 10:58:14-root-Logger.py-[line:126]-DEBUG-[日志信息]: there are no request data, queue is empty.
Tue, 19 Jul 2022 10:58:24-root-Logger.py-[line:126]-DEBUG-[日志信息]: there are no request data, queue is empty.
Tue, 19 Jul 2022 10:58:34-root-Logger.py-[line:126]-DEBUG-[日志信息]: there are no request data, queue is empty.
Tue, 19 Jul 2022 10:58:44-root-Logger.py-[line:126]-DEBUG-[日志信息]: there are no request data, queue is empty.
Tue, 19 Jul 2022 10:58:54-root-Logger.py-[line:126]-DEBUG-[日志信息]: there are no request data, queue is empty.
Tue, 19 Jul 2022 10:59:04-root-Logger.py-[line:126]-DEBUG-[日志信息]: there are no request data, queue is empty.
Tue, 19 Jul 2022 10:59:14-root-Logger.py-[line:126]-DEBUG-[日志信息]: there are no request data, queue is empty.
Tue, 19 Jul 2022 10:59:24-root-Logger.py-[line:126]-DEBUG-[日志信息]: there are no request data, queue is empty.
Tue, 19 Jul 2022 10:59:34-root-Logger.py-[line:126]-DEBUG-[日志信息]: there are no request data, queue is empty.
Tue, 19 Jul 2022 10:59:44-root-Logger.py-[line:126]-DEBUG-[日志信息]: there are no request data, queue is empty.
Tue, 19 Jul 2022 10:59:54-root-Logger.py-[line:126]-DEBUG-[日志信息]: there are no request data, queue is empty.
Tue, 19 Jul 2022 11:00:04-root-Logger.py-[line:126]-DEBUG-[日志信息]: there are no request data, queue is empty.
Tue, 19 Jul 2022 11:00:14-root-Logger.py-[line:126]-DEBUG-[日志信息]: there are no request data, queue is empty.
Tue, 19 Jul 2022 11:00:24-root-Logger.py-[line:126]-DEBUG-[日志信息]: there are no request data, queue is empty.
Tue, 19 Jul 2022 11:00:34-root-Logger.py-[line:126]-DEBUG-[日志信息]: there are no request data, queue is empty.
Tue, 19 Jul 2022 11:00:44-root-Logger.py-[line:126]-DEBUG-[日志信息]: there are no request data, queue is empty.
Tue, 19 Jul 2022 11:00:54-root-Logger.py-[line:126]-DEBUG-[日志信息]: there are no request data, queue is empty.
Tue, 19 Jul 2022 11:01:04-root-Logger.py-[line:126]-DEBUG-[日志信息]: there are no request data, queue is empty.
Tue, 19 Jul 2022 11:01:14-root-Logger.py-[line:126]-DEBUG-[日志信息]: there are no request data, queue is empty.
Tue, 19 Jul 2022 11:01:24-root-Logger.py-[line:126]-DEBUG-[日志信息]: there are no request data, queue is empty.
Tue, 19 Jul 2022 11:01:34-root-Logger.py-[line:126]-DEBUG-[日志信息]: there are no request data, queue is empty.
Tue, 19 Jul 2022 11:01:44-root-Logger.py-[line:126]-DEBUG-[日志信息]: there are no request data, queue is empty.
Tue, 19 Jul 2022 11:01:55-root-Logger.py-[line:126]-DEBUG-[日志信息]: there are no request data, queue is empty.
Tue, 19 Jul 2022 11:02:05-root-Logger.py-[line:126]-DEBUG-[日志信息]: there are no request data, queue is empty.
Tue, 19 Jul 2022 11:02:15-root-Logger.py-[line:126]-DEBUG-[日志信息]: there are no request data, queue is empty.
Tue, 19 Jul 2022 11:02:25-root-Logger.py-[line:126]-DEBUG-[日志信息]: there are no request data, queue is empty.
Tue, 19 Jul 2022 11:02:35-root-Logger.py-[line:126]-DEBUG-[日志信息]: there are no request data, queue is empty.
Tue, 19 Jul 2022 11:02:45-root-Logger.py-[line:126]-DEBUG-[日志信息]: there are no request data, queue is empty.
Tue, 19 Jul 2022 11:02:55-root-Logger.py-[line:126]-DEBUG-[日志信息]: there are no request data, queue is empty.
Tue, 19 Jul 2022 11:03:05-root-Logger.py-[line:126]-DEBUG-[日志信息]: there are no request data, queue is empty.
Tue, 19 Jul 2022 11:03:15-root-Logger.py-[line:126]-DEBUG-[日志信息]: there are no request data, queue is empty.
Tue, 19 Jul 2022 11:03:25-root-Logger.py-[line:126]-DEBUG-[日志信息]: there are no request data, queue is empty.
Tue, 19 Jul 2022 11:03:35-root-Logger.py-[line:126]-DEBUG-[日志信息]: there are no request data, queue is empty.
Tue, 19 Jul 2022 11:03:45-root-Logger.py-[line:126]-DEBUG-[日志信息]: there are no request data, queue is empty.
Tue, 19 Jul 2022 11:03:55-root-Logger.py-[line:126]-DEBUG-[日志信息]: there are no request data, queue is empty.
Tue, 19 Jul 2022 11:04:05-root-Logger.py-[line:126]-DEBUG-[日志信息]: there are no request data, queue is empty.
Tue, 19 Jul 2022 11:04:15-root-Logger.py-[line:126]-DEBUG-[日志信息]: there are no request data, queue is empty.
Tue, 19 Jul 2022 11:04:25-root-Logger.py-[line:126]-DEBUG-[日志信息]: there are no request data, queue is empty.
Tue, 19 Jul 2022 11:04:35-root-Logger.py-[line:126]-DEBUG-[日志信息]: there are no request data, queue is empty.
Tue, 19 Jul 2022 11:04:45-root-Logger.py-[line:126]-DEBUG-[日志信息]: there are no request data, queue is empty.
Tue, 19 Jul 2022 11:04:55-root-Logger.py-[line:126]-DEBUG-[日志信息]: there are no request data, queue is empty.
Tue, 19 Jul 2022 11:05:05-root-Logger.py-[line:126]-DEBUG-[日志信息]: there are no request data, queue is empty.
Tue, 19 Jul 2022 11:05:15-root-Logger.py-[line:126]-DEBUG-[日志信息]: there are no request data, queue is empty.
Tue, 19 Jul 2022 11:05:25-root-Logger.py-[line:126]-DEBUG-[日志信息]: there are no request data, queue is empty.
Tue, 19 Jul 2022 11:05:35-root-Logger.py-[line:126]-DEBUG-[日志信息]: there are no request data, queue is empty.
Tue, 19 Jul 2022 11:05:45-root-Logger.py-[line:126]-DEBUG-[日志信息]: there are no request data, queue is empty.
Tue, 19 Jul 2022 11:05:55-root-Logger.py-[line:126]-DEBUG-[日志信息]: there are no request data, queue is empty.
Tue, 19 Jul 2022 11:06:05-root-Logger.py-[line:126]-DEBUG-[日志信息]: there are no request data, queue is empty.
Tue, 19 Jul 2022 11:06:15-root-Logger.py-[line:126]-DEBUG-[日志信息]: there are no request data, queue is empty.
Tue, 19 Jul 2022 11:06:25-root-Logger.py-[line:126]-DEBUG-[日志信息]: there are no request data, queue is empty.
Tue, 19 Jul 2022 11:06:35-root-Logger.py-[line:126]-DEBUG-[日志信息]: there are no request data, queue is empty.
Tue, 19 Jul 2022 11:06:45-root-Logger.py-[line:126]-DEBUG-[日志信息]: there are no request data, queue is empty.
Tue, 19 Jul 2022 11:06:55-root-Logger.py-[line:126]-DEBUG-[日志信息]: there are no request data, queue is empty.
Tue, 19 Jul 2022 11:07:05-root-Logger.py-[line:126]-DEBUG-[日志信息]: there are no request data, queue is empty.
Tue, 19 Jul 2022 11:07:15-root-Logger.py-[line:126]-DEBUG-[日志信息]: there are no request data, queue is empty.
Tue, 19 Jul 2022 11:07:20-root-Logger.py-[line:124]-INFO-[日志信息]: select * from user_info where username like "zkp%" 
Tue, 19 Jul 2022 11:07:20-root-Logger.py-[line:126]-DEBUG-[日志信息]: 1146 (42S02): Table 'test.user_info' doesn't exist
Tue, 19 Jul 2022 11:07:20-root-Logger.py-[line:124]-INFO-[日志信息]: select * from user_info where username like "zkp%" limit 1
Tue, 19 Jul 2022 11:07:25-root-Logger.py-[line:126]-DEBUG-[日志信息]: there are no request data, queue is empty.
Tue, 19 Jul 2022 11:07:26-root-Logger.py-[line:126]-DEBUG-[日志信息]: 'str' object has no attribute 'save'
Tue, 19 Jul 2022 11:07:35-root-Logger.py-[line:126]-DEBUG-[日志信息]: there are no request data, queue is empty.
Tue, 19 Jul 2022 11:07:45-root-Logger.py-[line:126]-DEBUG-[日志信息]: there are no request data, queue is empty.
Tue, 19 Jul 2022 11:07:55-root-Logger.py-[line:126]-DEBUG-[日志信息]: there are no request data, queue is empty.
Tue, 19 Jul 2022 11:08:05-root-Logger.py-[line:126]-DEBUG-[日志信息]: there are no request data, queue is empty.
Tue, 19 Jul 2022 11:08:15-root-Logger.py-[line:126]-DEBUG-[日志信息]: there are no request data, queue is empty.
Tue, 19 Jul 2022 11:08:25-root-Logger.py-[line:126]-DEBUG-[日志信息]: there are no request data, queue is empty.
Tue, 19 Jul 2022 11:08:35-root-Logger.py-[line:126]-DEBUG-[日志信息]: there are no request data, queue is empty.
Tue, 19 Jul 2022 11:08:45-root-Logger.py-[line:126]-DEBUG-[日志信息]: there are no request data, queue is empty.
Tue, 19 Jul 2022 11:08:55-root-Logger.py-[line:126]-DEBUG-[日志信息]: there are no request data, queue is empty.
Tue, 19 Jul 2022 11:09:05-root-Logger.py-[line:126]-DEBUG-[日志信息]: there are no request data, queue is empty.
Tue, 19 Jul 2022 11:09:15-root-Logger.py-[line:126]-DEBUG-[日志信息]: there are no request data, queue is empty.
Tue, 19 Jul 2022 11:09:25-root-Logger.py-[line:126]-DEBUG-[日志信息]: there are no request data, queue is empty.
Tue, 19 Jul 2022 11:09:35-root-Logger.py-[line:126]-DEBUG-[日志信息]: there are no request data, queue is empty.
Tue, 19 Jul 2022 11:09:45-root-Logger.py-[line:126]-DEBUG-[日志信息]: there are no request data, queue is empty.
Tue, 19 Jul 2022 11:09:55-root-Logger.py-[line:126]-DEBUG-[日志信息]: there are no request data, queue is empty.
Tue, 19 Jul 2022 11:10:05-root-Logger.py-[line:126]-DEBUG-[日志信息]: there are no request data, queue is empty.
Tue, 19 Jul 2022 11:10:15-root-Logger.py-[line:126]-DEBUG-[日志信息]: there are no request data, queue is empty.
Tue, 19 Jul 2022 11:10:25-root-Logger.py-[line:126]-DEBUG-[日志信息]: there are no request data, queue is empty.
Tue, 19 Jul 2022 11:10:35-root-Logger.py-[line:126]-DEBUG-[日志信息]: there are no request data, queue is empty.
Tue, 19 Jul 2022 11:10:45-root-Logger.py-[line:126]-DEBUG-[日志信息]: there are no request data, queue is empty.
Tue, 19 Jul 2022 11:10:55-root-Logger.py-[line:126]-DEBUG-[日志信息]: there are no request data, queue is empty.
Tue, 19 Jul 2022 11:10:58-root-Logger.py-[line:126]-DEBUG-[日志信息]: {'username': '124', 'password': '242', 'phone': '123'}
Tue, 19 Jul 2022 11:10:58-root-Logger.py-[line:126]-DEBUG-[日志信息]: method register is error.
Tue, 19 Jul 2022 11:10:58-root-Logger.py-[line:126]-DEBUG-[日志信息]: keys is error.
Tue, 19 Jul 2022 11:11:05-root-Logger.py-[line:126]-DEBUG-[日志信息]: there are no request data, queue is empty.
Tue, 19 Jul 2022 11:11:15-root-Logger.py-[line:126]-DEBUG-[日志信息]: there are no request data, queue is empty.
Tue, 19 Jul 2022 11:11:25-root-Logger.py-[line:126]-DEBUG-[日志信息]: there are no request data, queue is empty.
Tue, 19 Jul 2022 11:11:27-root-Logger.py-[line:126]-DEBUG-[日志信息]: method register is error.
Tue, 19 Jul 2022 11:11:27-root-Logger.py-[line:126]-DEBUG-[日志信息]: keys is error.
Tue, 19 Jul 2022 11:11:35-root-Logger.py-[line:126]-DEBUG-[日志信息]: there are no request data, queue is empty.
Tue, 19 Jul 2022 11:11:42-root-Logger.py-[line:126]-DEBUG-[日志信息]: {'username': '323', 'password': '242', 'phone': ''}
Tue, 19 Jul 2022 11:11:42-root-Logger.py-[line:126]-DEBUG-[日志信息]: method register is error.
Tue, 19 Jul 2022 11:11:42-root-Logger.py-[line:126]-DEBUG-[日志信息]: keys is error.
Tue, 19 Jul 2022 11:11:45-root-Logger.py-[line:126]-DEBUG-[日志信息]: there are no request data, queue is empty.
Tue, 19 Jul 2022 11:11:51-root-Logger.py-[line:126]-DEBUG-[日志信息]: {'username': '', 'password': '242', 'phone': '232'}
Tue, 19 Jul 2022 11:11:51-root-Logger.py-[line:126]-DEBUG-[日志信息]: method register is error.
Tue, 19 Jul 2022 11:11:51-root-Logger.py-[line:126]-DEBUG-[日志信息]: keys is error.
Tue, 19 Jul 2022 11:11:55-root-Logger.py-[line:126]-DEBUG-[日志信息]: there are no request data, queue is empty.
Tue, 19 Jul 2022 11:12:01-root-Logger.py-[line:126]-DEBUG-[日志信息]: method register is error.
Tue, 19 Jul 2022 11:12:01-root-Logger.py-[line:126]-DEBUG-[日志信息]: keys is error.
Tue, 19 Jul 2022 11:12:05-root-Logger.py-[line:126]-DEBUG-[日志信息]: there are no request data, queue is empty.
Tue, 19 Jul 2022 11:12:15-root-Logger.py-[line:126]-DEBUG-[日志信息]: there are no request data, queue is empty.
Tue, 19 Jul 2022 11:12:20-root-Logger.py-[line:126]-DEBUG-[日志信息]: {'username': '', 'password': 'fgh', 'phone': '232'}
Tue, 19 Jul 2022 11:12:20-root-Logger.py-[line:126]-DEBUG-[日志信息]: method register is error.
Tue, 19 Jul 2022 11:12:20-root-Logger.py-[line:126]-DEBUG-[日志信息]: keys is error.
Tue, 19 Jul 2022 11:12:25-root-Logger.py-[line:126]-DEBUG-[日志信息]: there are no request data, queue is empty.
Tue, 19 Jul 2022 11:12:35-root-Logger.py-[line:126]-DEBUG-[日志信息]: there are no request data, queue is empty.
Tue, 19 Jul 2022 11:12:45-root-Logger.py-[line:126]-DEBUG-[日志信息]: there are no request data, queue is empty.
Tue, 19 Jul 2022 11:12:55-root-Logger.py-[line:126]-DEBUG-[日志信息]: there are no request data, queue is empty.
Tue, 19 Jul 2022 11:13:05-root-Logger.py-[line:126]-DEBUG-[日志信息]: there are no request data, queue is empty.
Tue, 19 Jul 2022 11:13:15-root-Logger.py-[line:126]-DEBUG-[日志信息]: there are no request data, queue is empty.
Tue, 19 Jul 2022 11:13:25-root-Logger.py-[line:126]-DEBUG-[日志信息]: there are no request data, queue is empty.
Tue, 19 Jul 2022 11:13:35-root-Logger.py-[line:126]-DEBUG-[日志信息]: there are no request data, queue is empty.
Tue, 19 Jul 2022 11:13:45-root-Logger.py-[line:126]-DEBUG-[日志信息]: there are no request data, queue is empty.
Tue, 19 Jul 2022 11:13:55-root-Logger.py-[line:126]-DEBUG-[日志信息]: there are no request data, queue is empty.
Tue, 19 Jul 2022 11:14:05-root-Logger.py-[line:126]-DEBUG-[日志信息]: there are no request data, queue is empty.
Tue, 19 Jul 2022 11:14:15-root-Logger.py-[line:126]-DEBUG-[日志信息]: there are no request data, queue is empty.
Tue, 19 Jul 2022 11:14:25-root-Logger.py-[line:126]-DEBUG-[日志信息]: there are no request data, queue is empty.
Tue, 19 Jul 2022 11:14:35-root-Logger.py-[line:126]-DEBUG-[日志信息]: there are no request data, queue is empty.
Tue, 19 Jul 2022 11:14:45-root-Logger.py-[line:126]-DEBUG-[日志信息]: there are no request data, queue is empty.
Tue, 19 Jul 2022 11:14:55-root-Logger.py-[line:126]-DEBUG-[日志信息]: there are no request data, queue is empty.
Tue, 19 Jul 2022 11:15:05-root-Logger.py-[line:126]-DEBUG-[日志信息]: there are no request data, queue is empty.
Tue, 19 Jul 2022 11:15:15-root-Logger.py-[line:126]-DEBUG-[日志信息]: there are no request data, queue is empty.
Tue, 19 Jul 2022 11:15:26-root-Logger.py-[line:126]-DEBUG-[日志信息]: there are no request data, queue is empty.
Tue, 19 Jul 2022 11:15:36-root-Logger.py-[line:126]-DEBUG-[日志信息]: there are no request data, queue is empty.
Tue, 19 Jul 2022 11:15:46-root-Logger.py-[line:126]-DEBUG-[日志信息]: there are no request data, queue is empty.
Tue, 19 Jul 2022 11:15:56-root-Logger.py-[line:126]-DEBUG-[日志信息]: there are no request data, queue is empty.
Tue, 19 Jul 2022 11:16:06-root-Logger.py-[line:126]-DEBUG-[日志信息]: there are no request data, queue is empty.
Tue, 19 Jul 2022 11:16:16-root-Logger.py-[line:126]-DEBUG-[日志信息]: there are no request data, queue is empty.
Tue, 19 Jul 2022 11:16:26-root-Logger.py-[line:126]-DEBUG-[日志信息]: there are no request data, queue is empty.
Tue, 19 Jul 2022 11:16:36-root-Logger.py-[line:126]-DEBUG-[日志信息]: there are no request data, queue is empty.
Tue, 19 Jul 2022 11:16:46-root-Logger.py-[line:126]-DEBUG-[日志信息]: there are no request data, queue is empty.
Tue, 19 Jul 2022 11:16:56-root-Logger.py-[line:126]-DEBUG-[日志信息]: there are no request data, queue is empty.
Tue, 19 Jul 2022 11:17:06-root-Logger.py-[line:126]-DEBUG-[日志信息]: there are no request data, queue is empty.
Tue, 19 Jul 2022 11:17:16-root-Logger.py-[line:126]-DEBUG-[日志信息]: there are no request data, queue is empty.
Tue, 19 Jul 2022 11:17:26-root-Logger.py-[line:126]-DEBUG-[日志信息]: there are no request data, queue is empty.
Tue, 19 Jul 2022 11:17:36-root-Logger.py-[line:126]-DEBUG-[日志信息]: there are no request data, queue is empty.
Tue, 19 Jul 2022 11:17:46-root-Logger.py-[line:126]-DEBUG-[日志信息]: there are no request data, queue is empty.
Tue, 19 Jul 2022 11:17:56-root-Logger.py-[line:126]-DEBUG-[日志信息]: there are no request data, queue is empty.
Tue, 19 Jul 2022 11:18:06-root-Logger.py-[line:126]-DEBUG-[日志信息]: there are no request data, queue is empty.
Tue, 19 Jul 2022 11:18:16-root-Logger.py-[line:126]-DEBUG-[日志信息]: there are no request data, queue is empty.
Tue, 19 Jul 2022 11:18:26-root-Logger.py-[line:126]-DEBUG-[日志信息]: there are no request data, queue is empty.
Tue, 19 Jul 2022 11:18:36-root-Logger.py-[line:126]-DEBUG-[日志信息]: there are no request data, queue is empty.
Tue, 19 Jul 2022 11:18:46-root-Logger.py-[line:126]-DEBUG-[日志信息]: there are no request data, queue is empty.
Tue, 19 Jul 2022 11:18:56-root-Logger.py-[line:126]-DEBUG-[日志信息]: there are no request data, queue is empty.
Tue, 19 Jul 2022 11:19:06-root-Logger.py-[line:126]-DEBUG-[日志信息]: there are no request data, queue is empty.
Tue, 19 Jul 2022 11:19:16-root-Logger.py-[line:126]-DEBUG-[日志信息]: there are no request data, queue is empty.
Tue, 19 Jul 2022 11:19:26-root-Logger.py-[line:126]-DEBUG-[日志信息]: there are no request data, queue is empty.
Tue, 19 Jul 2022 11:19:36-root-Logger.py-[line:126]-DEBUG-[日志信息]: there are no request data, queue is empty.
Tue, 19 Jul 2022 11:19:46-root-Logger.py-[line:126]-DEBUG-[日志信息]: there are no request data, queue is empty.
Tue, 19 Jul 2022 11:19:56-root-Logger.py-[line:126]-DEBUG-[日志信息]: there are no request data, queue is empty.
Tue, 19 Jul 2022 11:20:06-root-Logger.py-[line:126]-DEBUG-[日志信息]: there are no request data, queue is empty.
Tue, 19 Jul 2022 11:20:16-root-Logger.py-[line:126]-DEBUG-[日志信息]: there are no request data, queue is empty.
Tue, 19 Jul 2022 11:20:26-root-Logger.py-[line:126]-DEBUG-[日志信息]: there are no request data, queue is empty.
Tue, 19 Jul 2022 11:20:36-root-Logger.py-[line:126]-DEBUG-[日志信息]: there are no request data, queue is empty.
Tue, 19 Jul 2022 11:20:46-root-Logger.py-[line:126]-DEBUG-[日志信息]: there are no request data, queue is empty.
Tue, 19 Jul 2022 11:20:56-root-Logger.py-[line:126]-DEBUG-[日志信息]: there are no request data, queue is empty.
Tue, 19 Jul 2022 11:21:06-root-Logger.py-[line:126]-DEBUG-[日志信息]: there are no request data, queue is empty.
Tue, 19 Jul 2022 11:21:16-root-Logger.py-[line:126]-DEBUG-[日志信息]: there are no request data, queue is empty.
Tue, 19 Jul 2022 11:21:26-root-Logger.py-[line:126]-DEBUG-[日志信息]: there are no request data, queue is empty.
Tue, 19 Jul 2022 11:21:36-root-Logger.py-[line:126]-DEBUG-[日志信息]: there are no request data, queue is empty.
Tue, 19 Jul 2022 11:21:46-root-Logger.py-[line:126]-DEBUG-[日志信息]: there are no request data, queue is empty.
Tue, 19 Jul 2022 11:21:56-root-Logger.py-[line:126]-DEBUG-[日志信息]: there are no request data, queue is empty.
Tue, 19 Jul 2022 11:22:06-root-Logger.py-[line:126]-DEBUG-[日志信息]: there are no request data, queue is empty.
Tue, 19 Jul 2022 11:22:16-root-Logger.py-[line:126]-DEBUG-[日志信息]: there are no request data, queue is empty.
Tue, 19 Jul 2022 11:22:26-root-Logger.py-[line:126]-DEBUG-[日志信息]: there are no request data, queue is empty.
Tue, 19 Jul 2022 11:22:36-root-Logger.py-[line:126]-DEBUG-[日志信息]: there are no request data, queue is empty.
Tue, 19 Jul 2022 11:22:46-root-Logger.py-[line:126]-DEBUG-[日志信息]: there are no request data, queue is empty.
Tue, 19 Jul 2022 11:22:56-root-Logger.py-[line:126]-DEBUG-[日志信息]: there are no request data, queue is empty.
Tue, 19 Jul 2022 11:23:06-root-Logger.py-[line:126]-DEBUG-[日志信息]: there are no request data, queue is empty.
Tue, 19 Jul 2022 11:23:16-root-Logger.py-[line:126]-DEBUG-[日志信息]: there are no request data, queue is empty.
Tue, 19 Jul 2022 11:23:26-root-Logger.py-[line:126]-DEBUG-[日志信息]: there are no request data, queue is empty.
Tue, 19 Jul 2022 11:23:36-root-Logger.py-[line:126]-DEBUG-[日志信息]: there are no request data, queue is empty.
Tue, 19 Jul 2022 11:23:46-root-Logger.py-[line:126]-DEBUG-[日志信息]: there are no request data, queue is empty.
Tue, 19 Jul 2022 11:23:56-root-Logger.py-[line:126]-DEBUG-[日志信息]: there are no request data, queue is empty.
Tue, 19 Jul 2022 11:24:06-root-Logger.py-[line:126]-DEBUG-[日志信息]: there are no request data, queue is empty.
Tue, 19 Jul 2022 11:24:16-root-Logger.py-[line:126]-DEBUG-[日志信息]: there are no request data, queue is empty.
Tue, 19 Jul 2022 11:24:26-root-Logger.py-[line:126]-DEBUG-[日志信息]: there are no request data, queue is empty.
Tue, 19 Jul 2022 11:24:36-root-Logger.py-[line:126]-DEBUG-[日志信息]: there are no request data, queue is empty.
Tue, 19 Jul 2022 11:24:46-root-Logger.py-[line:126]-DEBUG-[日志信息]: there are no request data, queue is empty.
Tue, 19 Jul 2022 11:24:56-root-Logger.py-[line:126]-DEBUG-[日志信息]: there are no request data, queue is empty.
Tue, 19 Jul 2022 11:25:06-root-Logger.py-[line:126]-DEBUG-[日志信息]: there are no request data, queue is empty.
Tue, 19 Jul 2022 11:25:16-root-Logger.py-[line:126]-DEBUG-[日志信息]: there are no request data, queue is empty.
Tue, 19 Jul 2022 11:25:26-root-Logger.py-[line:126]-DEBUG-[日志信息]: there are no request data, queue is empty.
Tue, 19 Jul 2022 11:25:36-root-Logger.py-[line:126]-DEBUG-[日志信息]: there are no request data, queue is empty.
