Thu, 28 Jul 2022 11:20:41-root-app.py-[line:39]-INFO-[日志信息]: /api/login
Thu, 28 Jul 2022 11:20:41-root-app.py-[line:64]-INFO-[日志信息]: reuquest api:/api/login
Thu, 28 Jul 2022 11:32:38-root-app.py-[line:39]-INFO-[日志信息]: /api/login
Thu, 28 Jul 2022 11:32:38-root-app.py-[line:64]-INFO-[日志信息]: reuquest api:/api/login
Thu, 28 Jul 2022 11:34:18-root-app.py-[line:39]-INFO-[日志信息]: /api/login
Thu, 28 Jul 2022 11:34:18-root-app.py-[line:64]-INFO-[日志信息]: reuquest api:/api/login
Thu, 28 Jul 2022 11:35:42-root-app.py-[line:39]-INFO-[日志信息]: /api/login
Thu, 28 Jul 2022 11:35:42-root-app.py-[line:64]-INFO-[日志信息]: reuquest api:/api/login
Thu, 28 Jul 2022 11:41:14-root-app.py-[line:39]-INFO-[日志信息]: /api/login
Thu, 28 Jul 2022 11:41:14-root-app.py-[line:64]-INFO-[日志信息]: reuquest api:/api/login
Thu, 28 Jul 2022 11:41:24-root-app.py-[line:39]-INFO-[日志信息]: /api/login
Thu, 28 Jul 2022 11:41:24-root-app.py-[line:64]-INFO-[日志信息]: reuquest api:/api/login
Thu, 28 Jul 2022 11:41:50-root-app.py-[line:39]-INFO-[日志信息]: /api/login
Thu, 28 Jul 2022 11:41:50-root-app.py-[line:64]-INFO-[日志信息]: reuquest api:/api/login
Thu, 28 Jul 2022 11:42:36-root-app.py-[line:39]-INFO-[日志信息]: /api/login
Thu, 28 Jul 2022 11:42:36-root-app.py-[line:64]-INFO-[日志信息]: reuquest api:/api/login
Thu, 28 Jul 2022 11:43:35-root-app.py-[line:39]-INFO-[日志信息]: /api/login
Thu, 28 Jul 2022 11:43:35-root-app.py-[line:64]-INFO-[日志信息]: reuquest api:/api/login
Thu, 28 Jul 2022 11:44:03-root-app.py-[line:39]-INFO-[日志信息]: /api/login
Thu, 28 Jul 2022 11:44:03-root-app.py-[line:64]-INFO-[日志信息]: reuquest api:/api/login
Thu, 28 Jul 2022 11:44:08-root-app.py-[line:39]-INFO-[日志信息]: /api/login
Thu, 28 Jul 2022 11:44:08-root-app.py-[line:64]-INFO-[日志信息]: reuquest api:/api/login
Thu, 28 Jul 2022 11:45:25-root-app.py-[line:39]-INFO-[日志信息]: /api/login
Thu, 28 Jul 2022 11:45:25-root-app.py-[line:64]-INFO-[日志信息]: reuquest api:/api/login
Thu, 28 Jul 2022 16:36:11-root-app.py-[line:39]-INFO-[日志信息]: /api/login
Thu, 28 Jul 2022 16:36:11-root-app.py-[line:64]-INFO-[日志信息]: reuquest api:/api/login
Thu, 28 Jul 2022 16:36:49-root-app.py-[line:39]-INFO-[日志信息]: /api/login
Thu, 28 Jul 2022 16:36:49-root-app.py-[line:64]-INFO-[日志信息]: reuquest api:/api/login
Thu, 28 Jul 2022 16:38:09-root-app.py-[line:39]-INFO-[日志信息]: /api/login
Thu, 28 Jul 2022 16:38:09-root-app.py-[line:64]-INFO-[日志信息]: reuquest api:/api/login
Thu, 28 Jul 2022 16:45:05-root-app.py-[line:39]-INFO-[日志信息]: /api/login
Thu, 28 Jul 2022 16:45:05-root-app.py-[line:64]-INFO-[日志信息]: reuquest api:/api/login
Thu, 28 Jul 2022 16:48:08-root-app.py-[line:39]-INFO-[日志信息]: /api/login
Thu, 28 Jul 2022 16:48:08-root-app.py-[line:64]-INFO-[日志信息]: reuquest api:/api/login
Thu, 28 Jul 2022 16:49:28-root-app.py-[line:39]-INFO-[日志信息]: /api/login
Thu, 28 Jul 2022 16:49:28-root-app.py-[line:64]-INFO-[日志信息]: reuquest api:/api/login
Thu, 28 Jul 2022 16:50:41-root-app.py-[line:39]-INFO-[日志信息]: /api/login
Thu, 28 Jul 2022 16:50:41-root-app.py-[line:64]-INFO-[日志信息]: reuquest api:/api/login
Thu, 28 Jul 2022 16:51:26-root-app.py-[line:39]-INFO-[日志信息]: /api/login
Thu, 28 Jul 2022 16:51:26-root-app.py-[line:64]-INFO-[日志信息]: reuquest api:/api/login
Thu, 28 Jul 2022 16:53:25-root-app.py-[line:39]-INFO-[日志信息]: /api/login
Thu, 28 Jul 2022 16:53:25-root-app.py-[line:64]-INFO-[日志信息]: reuquest api:/api/login
Thu, 28 Jul 2022 16:56:12-root-app.py-[line:39]-INFO-[日志信息]: /api/login
Thu, 28 Jul 2022 16:56:12-root-app.py-[line:64]-INFO-[日志信息]: reuquest api:/api/login
Thu, 28 Jul 2022 16:56:27-root-app.py-[line:39]-INFO-[日志信息]: /api/login
Thu, 28 Jul 2022 16:56:27-root-app.py-[line:64]-INFO-[日志信息]: reuquest api:/api/login
Thu, 28 Jul 2022 16:56:40-root-app.py-[line:39]-INFO-[日志信息]: /api/login
Thu, 28 Jul 2022 16:56:40-root-app.py-[line:64]-INFO-[日志信息]: reuquest api:/api/login
Thu, 28 Jul 2022 16:56:58-root-app.py-[line:39]-INFO-[日志信息]: /api/login
Thu, 28 Jul 2022 16:56:58-root-app.py-[line:64]-INFO-[日志信息]: reuquest api:/api/login
Thu, 28 Jul 2022 17:00:53-root-app.py-[line:39]-INFO-[日志信息]: /api/login
Thu, 28 Jul 2022 17:00:53-root-app.py-[line:64]-INFO-[日志信息]: reuquest api:/api/login
Thu, 28 Jul 2022 17:02:33-root-app.py-[line:39]-INFO-[日志信息]: /api/login
Thu, 28 Jul 2022 17:02:33-root-app.py-[line:64]-INFO-[日志信息]: reuquest api:/api/login
Thu, 28 Jul 2022 17:02:43-root-app.py-[line:39]-INFO-[日志信息]: /api/login
Thu, 28 Jul 2022 17:02:43-root-app.py-[line:64]-INFO-[日志信息]: reuquest api:/api/login
Thu, 28 Jul 2022 17:03:31-root-app.py-[line:39]-INFO-[日志信息]: /api/login
Thu, 28 Jul 2022 17:03:31-root-app.py-[line:64]-INFO-[日志信息]: reuquest api:/api/login
Thu, 28 Jul 2022 17:03:41-root-app.py-[line:39]-INFO-[日志信息]: /api/login
Thu, 28 Jul 2022 17:03:41-root-app.py-[line:64]-INFO-[日志信息]: reuquest api:/api/login
Thu, 28 Jul 2022 17:04:24-root-app.py-[line:39]-INFO-[日志信息]: /api/login
Thu, 28 Jul 2022 17:04:24-root-app.py-[line:64]-INFO-[日志信息]: reuquest api:/api/login
Thu, 28 Jul 2022 17:05:50-root-app.py-[line:39]-INFO-[日志信息]: /api/login
Thu, 28 Jul 2022 17:05:50-root-app.py-[line:64]-INFO-[日志信息]: reuquest api:/api/login
Thu, 28 Jul 2022 17:06:58-root-app.py-[line:39]-INFO-[日志信息]: /api/login
Thu, 28 Jul 2022 17:06:58-root-app.py-[line:64]-INFO-[日志信息]: reuquest api:/api/login
Thu, 28 Jul 2022 17:08:12-root-app.py-[line:39]-INFO-[日志信息]: /api/login
Thu, 28 Jul 2022 17:08:12-root-app.py-[line:64]-INFO-[日志信息]: reuquest api:/api/login
Thu, 28 Jul 2022 17:15:08-root-app.py-[line:39]-INFO-[日志信息]: /api/login
Thu, 28 Jul 2022 17:15:08-root-app.py-[line:64]-INFO-[日志信息]: reuquest api:/api/login
Thu, 28 Jul 2022 17:15:22-root-app.py-[line:39]-INFO-[日志信息]: /api/login
Thu, 28 Jul 2022 17:15:22-root-app.py-[line:64]-INFO-[日志信息]: reuquest api:/api/login
Thu, 28 Jul 2022 17:19:16-root-app.py-[line:39]-INFO-[日志信息]: /api/login
Thu, 28 Jul 2022 17:19:16-root-app.py-[line:64]-INFO-[日志信息]: reuquest api:/api/login
Thu, 28 Jul 2022 17:19:21-root-app.py-[line:39]-INFO-[日志信息]: /api/login
Thu, 28 Jul 2022 17:19:21-root-app.py-[line:64]-INFO-[日志信息]: reuquest api:/api/login
Thu, 28 Jul 2022 17:19:58-root-app.py-[line:39]-INFO-[日志信息]: /api/login
Thu, 28 Jul 2022 17:19:58-root-app.py-[line:64]-INFO-[日志信息]: reuquest api:/api/login
Thu, 28 Jul 2022 17:20:02-root-app.py-[line:39]-INFO-[日志信息]: /api/login
Thu, 28 Jul 2022 17:20:02-root-app.py-[line:64]-INFO-[日志信息]: reuquest api:/api/login
Thu, 28 Jul 2022 17:23:55-root-app.py-[line:39]-INFO-[日志信息]: /api/login
Thu, 28 Jul 2022 17:23:55-root-app.py-[line:64]-INFO-[日志信息]: reuquest api:/api/login
Thu, 28 Jul 2022 17:23:59-root-app.py-[line:39]-INFO-[日志信息]: /api/login
Thu, 28 Jul 2022 17:23:59-root-app.py-[line:64]-INFO-[日志信息]: reuquest api:/api/login
Thu, 28 Jul 2022 17:26:51-root-app.py-[line:39]-INFO-[日志信息]: /api/login
Thu, 28 Jul 2022 17:26:51-root-app.py-[line:64]-INFO-[日志信息]: reuquest api:/api/login
Thu, 28 Jul 2022 17:27:59-root-app.py-[line:39]-INFO-[日志信息]: /api/login
Thu, 28 Jul 2022 17:27:59-root-app.py-[line:64]-INFO-[日志信息]: reuquest api:/api/login
Thu, 28 Jul 2022 17:28:03-root-app.py-[line:39]-INFO-[日志信息]: /api/login
Thu, 28 Jul 2022 17:28:03-root-app.py-[line:64]-INFO-[日志信息]: reuquest api:/api/login
Thu, 28 Jul 2022 17:29:40-root-app.py-[line:39]-INFO-[日志信息]: /api/login
Thu, 28 Jul 2022 17:29:40-root-app.py-[line:64]-INFO-[日志信息]: reuquest api:/api/login
Thu, 28 Jul 2022 17:29:45-root-app.py-[line:39]-INFO-[日志信息]: /api/login
Thu, 28 Jul 2022 17:29:45-root-app.py-[line:64]-INFO-[日志信息]: reuquest api:/api/login
Thu, 28 Jul 2022 17:31:38-root-app.py-[line:39]-INFO-[日志信息]: /api/login
Thu, 28 Jul 2022 17:31:38-root-app.py-[line:64]-INFO-[日志信息]: reuquest api:/api/login
Thu, 28 Jul 2022 17:31:40-root-app.py-[line:39]-INFO-[日志信息]: /api/login
Thu, 28 Jul 2022 17:31:40-root-app.py-[line:64]-INFO-[日志信息]: reuquest api:/api/login
Thu, 28 Jul 2022 17:32:04-root-app.py-[line:39]-INFO-[日志信息]: /api/login
Thu, 28 Jul 2022 17:32:04-root-app.py-[line:64]-INFO-[日志信息]: reuquest api:/api/login
Thu, 28 Jul 2022 17:32:06-root-app.py-[line:39]-INFO-[日志信息]: /api/login
Thu, 28 Jul 2022 17:32:06-root-app.py-[line:64]-INFO-[日志信息]: reuquest api:/api/login
Thu, 28 Jul 2022 17:56:11-root-app.py-[line:39]-INFO-[日志信息]: /api/login
Thu, 28 Jul 2022 17:56:11-root-app.py-[line:64]-INFO-[日志信息]: reuquest api:/api/login
Thu, 28 Jul 2022 17:56:19-root-app.py-[line:39]-INFO-[日志信息]: /api/login
Thu, 28 Jul 2022 17:56:19-root-app.py-[line:64]-INFO-[日志信息]: reuquest api:/api/login
Thu, 28 Jul 2022 17:58:28-root-app.py-[line:39]-INFO-[日志信息]: /api/login
Thu, 28 Jul 2022 17:58:28-root-app.py-[line:64]-INFO-[日志信息]: reuquest api:/api/login
Thu, 28 Jul 2022 17:59:16-root-app.py-[line:39]-INFO-[日志信息]: /api/login
Thu, 28 Jul 2022 17:59:16-root-app.py-[line:64]-INFO-[日志信息]: reuquest api:/api/login
Thu, 28 Jul 2022 17:59:44-root-app.py-[line:39]-INFO-[日志信息]: /api/login
Thu, 28 Jul 2022 17:59:44-root-app.py-[line:64]-INFO-[日志信息]: reuquest api:/api/login
Thu, 28 Jul 2022 18:00:39-root-app.py-[line:39]-INFO-[日志信息]: /api/login
Thu, 28 Jul 2022 18:00:39-root-app.py-[line:64]-INFO-[日志信息]: reuquest api:/api/login
Thu, 28 Jul 2022 18:01:25-root-app.py-[line:39]-INFO-[日志信息]: /api/login
Thu, 28 Jul 2022 18:01:25-root-app.py-[line:64]-INFO-[日志信息]: reuquest api:/api/login
Thu, 28 Jul 2022 18:02:41-root-app.py-[line:39]-INFO-[日志信息]: /api/login
Thu, 28 Jul 2022 18:02:41-root-app.py-[line:64]-INFO-[日志信息]: reuquest api:/api/login
Thu, 28 Jul 2022 18:08:05-root-app.py-[line:39]-INFO-[日志信息]: /api/login
Thu, 28 Jul 2022 18:08:05-root-app.py-[line:64]-INFO-[日志信息]: reuquest api:/api/login
Thu, 28 Jul 2022 18:09:28-root-app.py-[line:39]-INFO-[日志信息]: /api/login
Thu, 28 Jul 2022 18:09:28-root-app.py-[line:64]-INFO-[日志信息]: reuquest api:/api/login
Thu, 28 Jul 2022 18:32:24-root-app.py-[line:39]-INFO-[日志信息]: /api/login
Thu, 28 Jul 2022 18:32:24-root-app.py-[line:64]-INFO-[日志信息]: reuquest api:/api/login
Thu, 28 Jul 2022 18:32:51-root-app.py-[line:39]-INFO-[日志信息]: /api/login
Thu, 28 Jul 2022 18:32:51-root-app.py-[line:64]-INFO-[日志信息]: reuquest api:/api/login
Thu, 28 Jul 2022 18:32:57-root-app.py-[line:39]-INFO-[日志信息]: /api/login
Thu, 28 Jul 2022 18:32:57-root-app.py-[line:64]-INFO-[日志信息]: reuquest api:/api/login
Thu, 28 Jul 2022 18:33:01-root-app.py-[line:39]-INFO-[日志信息]: /api/login
Thu, 28 Jul 2022 18:33:01-root-app.py-[line:64]-INFO-[日志信息]: reuquest api:/api/login
Thu, 28 Jul 2022 22:03:51-root-app.py-[line:39]-INFO-[日志信息]: /api/login
Thu, 28 Jul 2022 22:03:51-root-app.py-[line:64]-INFO-[日志信息]: reuquest api:/api/login
Thu, 28 Jul 2022 22:05:25-root-app.py-[line:39]-INFO-[日志信息]: /api/login
Thu, 28 Jul 2022 22:05:25-root-app.py-[line:64]-INFO-[日志信息]: reuquest api:/api/login
Thu, 28 Jul 2022 22:07:37-root-app.py-[line:39]-INFO-[日志信息]: /api/login
Thu, 28 Jul 2022 22:07:37-root-app.py-[line:64]-INFO-[日志信息]: reuquest api:/api/login
Thu, 28 Jul 2022 22:10:05-root-app.py-[line:39]-INFO-[日志信息]: /api/login
Thu, 28 Jul 2022 22:10:05-root-app.py-[line:64]-INFO-[日志信息]: reuquest api:/api/login
Thu, 28 Jul 2022 22:11:40-root-app.py-[line:39]-INFO-[日志信息]: /api/login
Thu, 28 Jul 2022 22:11:40-root-app.py-[line:64]-INFO-[日志信息]: reuquest api:/api/login
Thu, 28 Jul 2022 22:12:12-root-app.py-[line:39]-INFO-[日志信息]: /api/login
Thu, 28 Jul 2022 22:12:12-root-app.py-[line:64]-INFO-[日志信息]: reuquest api:/api/login
Thu, 28 Jul 2022 22:13:25-root-app.py-[line:39]-INFO-[日志信息]: /api/login
Thu, 28 Jul 2022 22:13:25-root-app.py-[line:64]-INFO-[日志信息]: reuquest api:/api/login
Thu, 28 Jul 2022 22:14:45-root-app.py-[line:39]-INFO-[日志信息]: /api/login
Thu, 28 Jul 2022 22:14:45-root-app.py-[line:64]-INFO-[日志信息]: reuquest api:/api/login
Thu, 28 Jul 2022 22:15:14-root-app.py-[line:39]-INFO-[日志信息]: /api/login
Thu, 28 Jul 2022 22:15:14-root-app.py-[line:64]-INFO-[日志信息]: reuquest api:/api/login
Thu, 28 Jul 2022 22:16:17-root-app.py-[line:39]-INFO-[日志信息]: /api/login
Thu, 28 Jul 2022 22:16:17-root-app.py-[line:64]-INFO-[日志信息]: reuquest api:/api/login
Thu, 28 Jul 2022 22:17:27-root-app.py-[line:39]-INFO-[日志信息]: /api/login
Thu, 28 Jul 2022 22:17:27-root-app.py-[line:64]-INFO-[日志信息]: reuquest api:/api/login
Thu, 28 Jul 2022 22:20:06-root-app.py-[line:39]-INFO-[日志信息]: /api/login
Thu, 28 Jul 2022 22:20:06-root-app.py-[line:64]-INFO-[日志信息]: reuquest api:/api/login
Thu, 28 Jul 2022 22:23:57-root-app.py-[line:39]-INFO-[日志信息]: /api/login
Thu, 28 Jul 2022 22:23:57-root-app.py-[line:64]-INFO-[日志信息]: reuquest api:/api/login
Thu, 28 Jul 2022 22:25:23-root-app.py-[line:39]-INFO-[日志信息]: /api/login
Thu, 28 Jul 2022 22:25:23-root-app.py-[line:64]-INFO-[日志信息]: reuquest api:/api/login
Thu, 28 Jul 2022 22:26:43-root-app.py-[line:39]-INFO-[日志信息]: /api/login
Thu, 28 Jul 2022 22:26:43-root-app.py-[line:64]-INFO-[日志信息]: reuquest api:/api/login
Thu, 28 Jul 2022 22:27:07-root-app.py-[line:39]-INFO-[日志信息]: /api/login
Thu, 28 Jul 2022 22:27:07-root-app.py-[line:64]-INFO-[日志信息]: reuquest api:/api/login
Thu, 28 Jul 2022 22:27:13-root-app.py-[line:39]-INFO-[日志信息]: /api/login
Thu, 28 Jul 2022 22:27:13-root-app.py-[line:64]-INFO-[日志信息]: reuquest api:/api/login
Thu, 28 Jul 2022 22:28:35-root-app.py-[line:39]-INFO-[日志信息]: /api/login
Thu, 28 Jul 2022 22:28:35-root-app.py-[line:64]-INFO-[日志信息]: reuquest api:/api/login
Thu, 28 Jul 2022 22:29:28-root-app.py-[line:39]-INFO-[日志信息]: /api/login
Thu, 28 Jul 2022 22:29:28-root-app.py-[line:64]-INFO-[日志信息]: reuquest api:/api/login
Thu, 28 Jul 2022 22:29:38-root-app.py-[line:39]-INFO-[日志信息]: /api/login
Thu, 28 Jul 2022 22:29:38-root-app.py-[line:64]-INFO-[日志信息]: reuquest api:/api/login
Thu, 28 Jul 2022 22:29:49-root-app.py-[line:39]-INFO-[日志信息]: /api/login
Thu, 28 Jul 2022 22:29:49-root-app.py-[line:64]-INFO-[日志信息]: reuquest api:/api/login
Thu, 28 Jul 2022 22:33:39-root-app.py-[line:39]-INFO-[日志信息]: /api/login
Thu, 28 Jul 2022 22:33:39-root-app.py-[line:64]-INFO-[日志信息]: reuquest api:/api/login
Thu, 28 Jul 2022 22:36:17-root-app.py-[line:39]-INFO-[日志信息]: /api/login
Thu, 28 Jul 2022 22:36:17-root-app.py-[line:64]-INFO-[日志信息]: reuquest api:/api/login
Thu, 28 Jul 2022 22:36:38-root-app.py-[line:39]-INFO-[日志信息]: /api/login
Thu, 28 Jul 2022 22:36:38-root-app.py-[line:64]-INFO-[日志信息]: reuquest api:/api/login
Thu, 28 Jul 2022 22:38:50-root-app.py-[line:39]-INFO-[日志信息]: /api/login
Thu, 28 Jul 2022 22:38:50-root-app.py-[line:64]-INFO-[日志信息]: reuquest api:/api/login
Thu, 28 Jul 2022 22:49:38-root-app.py-[line:39]-INFO-[日志信息]: /api/login
Thu, 28 Jul 2022 22:49:38-root-app.py-[line:64]-INFO-[日志信息]: reuquest api:/api/login
Thu, 28 Jul 2022 22:49:49-root-app.py-[line:39]-INFO-[日志信息]: /api/login
Thu, 28 Jul 2022 22:49:49-root-app.py-[line:64]-INFO-[日志信息]: reuquest api:/api/login
Thu, 28 Jul 2022 22:51:16-root-app.py-[line:39]-INFO-[日志信息]: /api/login
Thu, 28 Jul 2022 22:51:16-root-app.py-[line:64]-INFO-[日志信息]: reuquest api:/api/login
Thu, 28 Jul 2022 23:00:19-root-app.py-[line:39]-INFO-[日志信息]: /api/login
Thu, 28 Jul 2022 23:00:19-root-app.py-[line:64]-INFO-[日志信息]: reuquest api:/api/login
Thu, 28 Jul 2022 23:00:49-root-app.py-[line:39]-INFO-[日志信息]: /api/login
Thu, 28 Jul 2022 23:00:49-root-app.py-[line:64]-INFO-[日志信息]: reuquest api:/api/login
Thu, 28 Jul 2022 23:01:23-root-app.py-[line:39]-INFO-[日志信息]: /api/login
Thu, 28 Jul 2022 23:01:23-root-app.py-[line:64]-INFO-[日志信息]: reuquest api:/api/login
Thu, 28 Jul 2022 23:01:43-root-app.py-[line:39]-INFO-[日志信息]: /api/login
Thu, 28 Jul 2022 23:01:43-root-app.py-[line:64]-INFO-[日志信息]: reuquest api:/api/login
Thu, 28 Jul 2022 23:02:16-root-app.py-[line:39]-INFO-[日志信息]: /api/login
Thu, 28 Jul 2022 23:02:16-root-app.py-[line:64]-INFO-[日志信息]: reuquest api:/api/login
Thu, 28 Jul 2022 23:02:42-root-app.py-[line:39]-INFO-[日志信息]: /api/login
Thu, 28 Jul 2022 23:02:42-root-app.py-[line:64]-INFO-[日志信息]: reuquest api:/api/login
Thu, 28 Jul 2022 23:04:25-root-app.py-[line:39]-INFO-[日志信息]: /api/login
Thu, 28 Jul 2022 23:04:25-root-app.py-[line:64]-INFO-[日志信息]: reuquest api:/api/login
Thu, 28 Jul 2022 23:07:04-root-app.py-[line:39]-INFO-[日志信息]: /api/login
Thu, 28 Jul 2022 23:07:04-root-app.py-[line:64]-INFO-[日志信息]: reuquest api:/api/login
Thu, 28 Jul 2022 23:07:52-root-app.py-[line:39]-INFO-[日志信息]: /api/login
Thu, 28 Jul 2022 23:07:52-root-app.py-[line:64]-INFO-[日志信息]: reuquest api:/api/login
Thu, 28 Jul 2022 23:09:04-root-app.py-[line:39]-INFO-[日志信息]: /api/login
Thu, 28 Jul 2022 23:09:04-root-app.py-[line:64]-INFO-[日志信息]: reuquest api:/api/login
Thu, 28 Jul 2022 23:11:40-root-app.py-[line:39]-INFO-[日志信息]: /api/login
Thu, 28 Jul 2022 23:11:40-root-app.py-[line:64]-INFO-[日志信息]: reuquest api:/api/login
Thu, 28 Jul 2022 23:11:48-root-app.py-[line:39]-INFO-[日志信息]: /api/login
Thu, 28 Jul 2022 23:11:48-root-app.py-[line:64]-INFO-[日志信息]: reuquest api:/api/login
Thu, 28 Jul 2022 23:12:12-root-app.py-[line:39]-INFO-[日志信息]: /api/login
Thu, 28 Jul 2022 23:12:12-root-app.py-[line:64]-INFO-[日志信息]: reuquest api:/api/login
Thu, 28 Jul 2022 23:16:38-root-app.py-[line:39]-INFO-[日志信息]: /api/login
Thu, 28 Jul 2022 23:16:38-root-app.py-[line:64]-INFO-[日志信息]: reuquest api:/api/login
Thu, 28 Jul 2022 23:16:46-root-app.py-[line:39]-INFO-[日志信息]: /api/login
Thu, 28 Jul 2022 23:16:46-root-app.py-[line:64]-INFO-[日志信息]: reuquest api:/api/login
Thu, 28 Jul 2022 23:17:48-root-app.py-[line:39]-INFO-[日志信息]: /api/login
Thu, 28 Jul 2022 23:17:48-root-app.py-[line:64]-INFO-[日志信息]: reuquest api:/api/login
Thu, 28 Jul 2022 23:19:36-root-app.py-[line:39]-INFO-[日志信息]: /api/login
Thu, 28 Jul 2022 23:19:36-root-app.py-[line:64]-INFO-[日志信息]: reuquest api:/api/login
Thu, 28 Jul 2022 23:19:40-root-app.py-[line:39]-INFO-[日志信息]: /api/login
Thu, 28 Jul 2022 23:19:40-root-app.py-[line:64]-INFO-[日志信息]: reuquest api:/api/login
Thu, 28 Jul 2022 23:23:25-root-app.py-[line:39]-INFO-[日志信息]: /api/login
Thu, 28 Jul 2022 23:23:25-root-app.py-[line:64]-INFO-[日志信息]: reuquest api:/api/login
Thu, 28 Jul 2022 23:23:33-root-app.py-[line:39]-INFO-[日志信息]: /api/login
Thu, 28 Jul 2022 23:23:33-root-app.py-[line:64]-INFO-[日志信息]: reuquest api:/api/login
Thu, 28 Jul 2022 23:24:04-root-app.py-[line:39]-INFO-[日志信息]: /api/login
Thu, 28 Jul 2022 23:24:04-root-app.py-[line:64]-INFO-[日志信息]: reuquest api:/api/login
Thu, 28 Jul 2022 23:35:02-root-app.py-[line:39]-INFO-[日志信息]: /api/login
Thu, 28 Jul 2022 23:35:02-root-app.py-[line:64]-INFO-[日志信息]: reuquest api:/api/login
Thu, 28 Jul 2022 23:38:47-root-app.py-[line:39]-INFO-[日志信息]: /api/login
Thu, 28 Jul 2022 23:38:47-root-app.py-[line:64]-INFO-[日志信息]: reuquest api:/api/login
Thu, 28 Jul 2022 23:41:32-root-app.py-[line:39]-INFO-[日志信息]: /api/login
Thu, 28 Jul 2022 23:41:32-root-app.py-[line:64]-INFO-[日志信息]: reuquest api:/api/login
Thu, 28 Jul 2022 23:41:39-root-app.py-[line:39]-INFO-[日志信息]: /api/login
Thu, 28 Jul 2022 23:41:39-root-app.py-[line:64]-INFO-[日志信息]: reuquest api:/api/login
Thu, 28 Jul 2022 23:43:05-root-app.py-[line:39]-INFO-[日志信息]: /api/login
Thu, 28 Jul 2022 23:43:05-root-app.py-[line:64]-INFO-[日志信息]: reuquest api:/api/login
Thu, 28 Jul 2022 23:43:13-root-app.py-[line:39]-INFO-[日志信息]: /api/login
Thu, 28 Jul 2022 23:43:13-root-app.py-[line:64]-INFO-[日志信息]: reuquest api:/api/login
Thu, 28 Jul 2022 23:43:33-root-app.py-[line:39]-INFO-[日志信息]: /api/login
Thu, 28 Jul 2022 23:43:33-root-app.py-[line:64]-INFO-[日志信息]: reuquest api:/api/login
Thu, 28 Jul 2022 23:45:48-root-app.py-[line:39]-INFO-[日志信息]: /api/login
Thu, 28 Jul 2022 23:45:48-root-app.py-[line:64]-INFO-[日志信息]: reuquest api:/api/login
Thu, 28 Jul 2022 23:45:54-root-app.py-[line:39]-INFO-[日志信息]: /api/login
Thu, 28 Jul 2022 23:45:54-root-app.py-[line:64]-INFO-[日志信息]: reuquest api:/api/login
Thu, 28 Jul 2022 23:50:03-root-app.py-[line:39]-INFO-[日志信息]: /api/login
Thu, 28 Jul 2022 23:50:03-root-app.py-[line:64]-INFO-[日志信息]: reuquest api:/api/login
Thu, 28 Jul 2022 23:50:10-root-app.py-[line:39]-INFO-[日志信息]: /api/login
Thu, 28 Jul 2022 23:50:10-root-app.py-[line:64]-INFO-[日志信息]: reuquest api:/api/login
Fri, 29 Jul 2022 16:36:41-root-app.py-[line:39]-INFO-[日志信息]: /api/login
Fri, 29 Jul 2022 16:36:41-root-app.py-[line:64]-INFO-[日志信息]: reuquest api:/api/login
Fri, 29 Jul 2022 16:37:15-root-app.py-[line:39]-INFO-[日志信息]: /api/login
Fri, 29 Jul 2022 16:37:15-root-app.py-[line:64]-INFO-[日志信息]: reuquest api:/api/login
Fri, 29 Jul 2022 16:37:26-root-app.py-[line:39]-INFO-[日志信息]: /api/login
Fri, 29 Jul 2022 16:37:26-root-app.py-[line:64]-INFO-[日志信息]: reuquest api:/api/login
Fri, 29 Jul 2022 16:39:09-root-app.py-[line:39]-INFO-[日志信息]: /api/login
Fri, 29 Jul 2022 16:39:09-root-app.py-[line:64]-INFO-[日志信息]: reuquest api:/api/login
Fri, 29 Jul 2022 16:39:53-root-app.py-[line:39]-INFO-[日志信息]: /api/login
Fri, 29 Jul 2022 16:39:53-root-app.py-[line:64]-INFO-[日志信息]: reuquest api:/api/login
Fri, 29 Jul 2022 16:39:57-root-app.py-[line:39]-INFO-[日志信息]: /api/login
Fri, 29 Jul 2022 16:39:57-root-app.py-[line:64]-INFO-[日志信息]: reuquest api:/api/login
Fri, 29 Jul 2022 16:41:12-root-app.py-[line:39]-INFO-[日志信息]: /api/login
Fri, 29 Jul 2022 16:41:12-root-app.py-[line:64]-INFO-[日志信息]: reuquest api:/api/login
Fri, 29 Jul 2022 16:41:17-root-app.py-[line:39]-INFO-[日志信息]: /api/login
Fri, 29 Jul 2022 16:41:17-root-app.py-[line:64]-INFO-[日志信息]: reuquest api:/api/login
Fri, 29 Jul 2022 16:41:46-root-app.py-[line:39]-INFO-[日志信息]: /api/login
Fri, 29 Jul 2022 16:41:46-root-app.py-[line:64]-INFO-[日志信息]: reuquest api:/api/login
Fri, 29 Jul 2022 16:41:50-root-app.py-[line:39]-INFO-[日志信息]: /api/login
Fri, 29 Jul 2022 16:41:50-root-app.py-[line:64]-INFO-[日志信息]: reuquest api:/api/login
Fri, 29 Jul 2022 16:42:36-root-app.py-[line:39]-INFO-[日志信息]: /api/login
Fri, 29 Jul 2022 16:42:36-root-app.py-[line:64]-INFO-[日志信息]: reuquest api:/api/login
Fri, 29 Jul 2022 16:42:41-root-app.py-[line:39]-INFO-[日志信息]: /api/login
Fri, 29 Jul 2022 16:42:41-root-app.py-[line:64]-INFO-[日志信息]: reuquest api:/api/login
Fri, 29 Jul 2022 16:43:28-root-app.py-[line:39]-INFO-[日志信息]: /api/login
Fri, 29 Jul 2022 16:43:28-root-app.py-[line:64]-INFO-[日志信息]: reuquest api:/api/login
Fri, 29 Jul 2022 16:43:31-root-app.py-[line:39]-INFO-[日志信息]: /api/login
Fri, 29 Jul 2022 16:43:31-root-app.py-[line:64]-INFO-[日志信息]: reuquest api:/api/login
Fri, 29 Jul 2022 16:46:05-root-app.py-[line:39]-INFO-[日志信息]: /api/login
Fri, 29 Jul 2022 16:46:05-root-app.py-[line:64]-INFO-[日志信息]: reuquest api:/api/login
Fri, 29 Jul 2022 16:46:09-root-app.py-[line:39]-INFO-[日志信息]: /api/login
Fri, 29 Jul 2022 16:46:09-root-app.py-[line:64]-INFO-[日志信息]: reuquest api:/api/login
Fri, 29 Jul 2022 16:46:50-root-app.py-[line:39]-INFO-[日志信息]: /api/login
Fri, 29 Jul 2022 16:46:50-root-app.py-[line:64]-INFO-[日志信息]: reuquest api:/api/login
Fri, 29 Jul 2022 16:46:52-root-app.py-[line:39]-INFO-[日志信息]: /api/login
Fri, 29 Jul 2022 16:46:52-root-app.py-[line:64]-INFO-[日志信息]: reuquest api:/api/login
Fri, 29 Jul 2022 16:47:21-root-app.py-[line:39]-INFO-[日志信息]: /api/login
Fri, 29 Jul 2022 16:47:21-root-app.py-[line:64]-INFO-[日志信息]: reuquest api:/api/login
Fri, 29 Jul 2022 16:48:14-root-app.py-[line:39]-INFO-[日志信息]: /api/login
Fri, 29 Jul 2022 16:48:14-root-app.py-[line:64]-INFO-[日志信息]: reuquest api:/api/login
Fri, 29 Jul 2022 16:48:19-root-app.py-[line:39]-INFO-[日志信息]: /api/login
Fri, 29 Jul 2022 16:48:19-root-app.py-[line:64]-INFO-[日志信息]: reuquest api:/api/login
Fri, 29 Jul 2022 16:49:30-root-app.py-[line:39]-INFO-[日志信息]: /api/login
Fri, 29 Jul 2022 16:49:30-root-app.py-[line:64]-INFO-[日志信息]: reuquest api:/api/login
Fri, 29 Jul 2022 16:49:33-root-app.py-[line:39]-INFO-[日志信息]: /api/login
Fri, 29 Jul 2022 16:49:33-root-app.py-[line:64]-INFO-[日志信息]: reuquest api:/api/login
Fri, 29 Jul 2022 16:52:26-root-app.py-[line:39]-INFO-[日志信息]: /api/login
Fri, 29 Jul 2022 16:52:26-root-app.py-[line:64]-INFO-[日志信息]: reuquest api:/api/login
Fri, 29 Jul 2022 16:52:28-root-app.py-[line:39]-INFO-[日志信息]: /api/login
Fri, 29 Jul 2022 16:52:28-root-app.py-[line:64]-INFO-[日志信息]: reuquest api:/api/login
Fri, 29 Jul 2022 16:54:06-root-app.py-[line:39]-INFO-[日志信息]: /api/login
Fri, 29 Jul 2022 16:54:06-root-app.py-[line:64]-INFO-[日志信息]: reuquest api:/api/login
Fri, 29 Jul 2022 16:54:10-root-app.py-[line:39]-INFO-[日志信息]: /api/login
Fri, 29 Jul 2022 16:54:10-root-app.py-[line:64]-INFO-[日志信息]: reuquest api:/api/login
Fri, 29 Jul 2022 16:56:36-root-app.py-[line:39]-INFO-[日志信息]: /api/login
Fri, 29 Jul 2022 16:56:36-root-app.py-[line:64]-INFO-[日志信息]: reuquest api:/api/login
Fri, 29 Jul 2022 16:57:02-root-app.py-[line:39]-INFO-[日志信息]: /api/login
Fri, 29 Jul 2022 16:57:02-root-app.py-[line:64]-INFO-[日志信息]: reuquest api:/api/login
Fri, 29 Jul 2022 16:57:07-root-app.py-[line:39]-INFO-[日志信息]: /api/login
Fri, 29 Jul 2022 16:57:07-root-app.py-[line:64]-INFO-[日志信息]: reuquest api:/api/login
Fri, 29 Jul 2022 16:59:42-root-app.py-[line:39]-INFO-[日志信息]: /api/login
Fri, 29 Jul 2022 16:59:42-root-app.py-[line:64]-INFO-[日志信息]: reuquest api:/api/login
Fri, 29 Jul 2022 16:59:48-root-app.py-[line:39]-INFO-[日志信息]: /api/login
Fri, 29 Jul 2022 16:59:48-root-app.py-[line:64]-INFO-[日志信息]: reuquest api:/api/login
Fri, 29 Jul 2022 17:02:54-root-app.py-[line:39]-INFO-[日志信息]: /api/login
Fri, 29 Jul 2022 17:02:54-root-app.py-[line:64]-INFO-[日志信息]: reuquest api:/api/login
Fri, 29 Jul 2022 17:02:59-root-app.py-[line:39]-INFO-[日志信息]: /api/login
Fri, 29 Jul 2022 17:02:59-root-app.py-[line:64]-INFO-[日志信息]: reuquest api:/api/login
Fri, 29 Jul 2022 17:05:25-root-app.py-[line:39]-INFO-[日志信息]: /api/login
Fri, 29 Jul 2022 17:05:25-root-app.py-[line:64]-INFO-[日志信息]: reuquest api:/api/login
Fri, 29 Jul 2022 17:05:33-root-app.py-[line:39]-INFO-[日志信息]: /api/login
Fri, 29 Jul 2022 17:05:33-root-app.py-[line:64]-INFO-[日志信息]: reuquest api:/api/login
Fri, 29 Jul 2022 17:05:37-root-app.py-[line:39]-INFO-[日志信息]: /api/login
Fri, 29 Jul 2022 17:05:37-root-app.py-[line:64]-INFO-[日志信息]: reuquest api:/api/login
Fri, 29 Jul 2022 17:08:32-root-app.py-[line:39]-INFO-[日志信息]: /api/login
Fri, 29 Jul 2022 17:08:32-root-app.py-[line:64]-INFO-[日志信息]: reuquest api:/api/login
Fri, 29 Jul 2022 17:08:34-root-app.py-[line:39]-INFO-[日志信息]: /api/login
Fri, 29 Jul 2022 17:08:34-root-app.py-[line:64]-INFO-[日志信息]: reuquest api:/api/login
Fri, 29 Jul 2022 17:12:37-root-app.py-[line:39]-INFO-[日志信息]: /api/login
Fri, 29 Jul 2022 17:12:37-root-app.py-[line:64]-INFO-[日志信息]: reuquest api:/api/login
Fri, 29 Jul 2022 17:12:41-root-app.py-[line:39]-INFO-[日志信息]: /api/login
Fri, 29 Jul 2022 17:12:41-root-app.py-[line:64]-INFO-[日志信息]: reuquest api:/api/login
Fri, 29 Jul 2022 17:28:27-root-app.py-[line:39]-INFO-[日志信息]: /api/login
Fri, 29 Jul 2022 17:28:27-root-app.py-[line:64]-INFO-[日志信息]: reuquest api:/api/login
Fri, 29 Jul 2022 17:30:19-root-app.py-[line:39]-INFO-[日志信息]: /api/login
Fri, 29 Jul 2022 17:30:19-root-app.py-[line:64]-INFO-[日志信息]: reuquest api:/api/login
Fri, 29 Jul 2022 17:30:26-root-app.py-[line:39]-INFO-[日志信息]: /api/login
Fri, 29 Jul 2022 17:30:26-root-app.py-[line:64]-INFO-[日志信息]: reuquest api:/api/login
Fri, 29 Jul 2022 17:31:17-root-app.py-[line:39]-INFO-[日志信息]: /api/login
Fri, 29 Jul 2022 17:31:17-root-app.py-[line:64]-INFO-[日志信息]: reuquest api:/api/login
Fri, 29 Jul 2022 18:26:50-root-app.py-[line:39]-INFO-[日志信息]: /api/login
Fri, 29 Jul 2022 18:26:50-root-app.py-[line:64]-INFO-[日志信息]: reuquest api:/api/login
Fri, 29 Jul 2022 18:27:13-root-app.py-[line:39]-INFO-[日志信息]: /api/login
Fri, 29 Jul 2022 18:27:13-root-app.py-[line:64]-INFO-[日志信息]: reuquest api:/api/login
Fri, 29 Jul 2022 18:27:33-root-app.py-[line:39]-INFO-[日志信息]: /api/login
Fri, 29 Jul 2022 18:27:33-root-app.py-[line:64]-INFO-[日志信息]: reuquest api:/api/login
Fri, 29 Jul 2022 18:27:55-root-app.py-[line:39]-INFO-[日志信息]: /api/login
Fri, 29 Jul 2022 18:27:55-root-app.py-[line:64]-INFO-[日志信息]: reuquest api:/api/login
Fri, 29 Jul 2022 18:28:24-root-app.py-[line:39]-INFO-[日志信息]: /api/login
Fri, 29 Jul 2022 18:28:24-root-app.py-[line:64]-INFO-[日志信息]: reuquest api:/api/login
Fri, 29 Jul 2022 18:28:36-root-app.py-[line:39]-INFO-[日志信息]: /api/login
Fri, 29 Jul 2022 18:28:36-root-app.py-[line:64]-INFO-[日志信息]: reuquest api:/api/login
Fri, 29 Jul 2022 18:28:51-root-app.py-[line:39]-INFO-[日志信息]: /api/login
Fri, 29 Jul 2022 18:28:51-root-app.py-[line:64]-INFO-[日志信息]: reuquest api:/api/login
Fri, 29 Jul 2022 19:13:22-root-app.py-[line:39]-INFO-[日志信息]: /api/login
Fri, 29 Jul 2022 19:13:22-root-app.py-[line:64]-INFO-[日志信息]: reuquest api:/api/login
Fri, 29 Jul 2022 19:13:49-root-app.py-[line:39]-INFO-[日志信息]: /api/login
Fri, 29 Jul 2022 19:13:49-root-app.py-[line:64]-INFO-[日志信息]: reuquest api:/api/login
Fri, 29 Jul 2022 19:13:57-root-app.py-[line:39]-INFO-[日志信息]: /api/login
Fri, 29 Jul 2022 19:13:57-root-app.py-[line:64]-INFO-[日志信息]: reuquest api:/api/login
Fri, 29 Jul 2022 19:14:13-root-app.py-[line:39]-INFO-[日志信息]: /api/login
Fri, 29 Jul 2022 19:14:13-root-app.py-[line:64]-INFO-[日志信息]: reuquest api:/api/login
Fri, 29 Jul 2022 19:15:11-root-app.py-[line:39]-INFO-[日志信息]: /api/login
Fri, 29 Jul 2022 19:15:11-root-app.py-[line:64]-INFO-[日志信息]: reuquest api:/api/login
Fri, 29 Jul 2022 19:15:26-root-app.py-[line:39]-INFO-[日志信息]: /api/login
Fri, 29 Jul 2022 19:15:26-root-app.py-[line:64]-INFO-[日志信息]: reuquest api:/api/login
Fri, 29 Jul 2022 19:15:43-root-app.py-[line:39]-INFO-[日志信息]: /api/login
Fri, 29 Jul 2022 19:15:43-root-app.py-[line:64]-INFO-[日志信息]: reuquest api:/api/login
Fri, 29 Jul 2022 19:16:01-root-app.py-[line:39]-INFO-[日志信息]: /api/login
Fri, 29 Jul 2022 19:16:01-root-app.py-[line:64]-INFO-[日志信息]: reuquest api:/api/login
Fri, 29 Jul 2022 19:16:19-root-app.py-[line:39]-INFO-[日志信息]: /api/login
Fri, 29 Jul 2022 19:16:19-root-app.py-[line:64]-INFO-[日志信息]: reuquest api:/api/login
Fri, 29 Jul 2022 19:16:45-root-app.py-[line:39]-INFO-[日志信息]: /api/login
Fri, 29 Jul 2022 19:16:45-root-app.py-[line:64]-INFO-[日志信息]: reuquest api:/api/login
Fri, 29 Jul 2022 19:16:59-root-app.py-[line:39]-INFO-[日志信息]: /api/login
Fri, 29 Jul 2022 19:16:59-root-app.py-[line:64]-INFO-[日志信息]: reuquest api:/api/login
Fri, 29 Jul 2022 19:19:31-root-app.py-[line:39]-INFO-[日志信息]: /api/login
Fri, 29 Jul 2022 19:19:31-root-app.py-[line:64]-INFO-[日志信息]: reuquest api:/api/login
Fri, 29 Jul 2022 19:19:41-root-app.py-[line:39]-INFO-[日志信息]: /api/login
Fri, 29 Jul 2022 19:19:41-root-app.py-[line:64]-INFO-[日志信息]: reuquest api:/api/login
Fri, 29 Jul 2022 19:20:36-root-app.py-[line:39]-INFO-[日志信息]: /api/login
Fri, 29 Jul 2022 19:20:36-root-app.py-[line:64]-INFO-[日志信息]: reuquest api:/api/login
Fri, 29 Jul 2022 19:20:54-root-app.py-[line:39]-INFO-[日志信息]: /api/login
Fri, 29 Jul 2022 19:20:54-root-app.py-[line:64]-INFO-[日志信息]: reuquest api:/api/login
Fri, 29 Jul 2022 19:22:59-root-app.py-[line:39]-INFO-[日志信息]: /api/login
Fri, 29 Jul 2022 19:22:59-root-app.py-[line:64]-INFO-[日志信息]: reuquest api:/api/login
Fri, 29 Jul 2022 19:23:14-root-app.py-[line:39]-INFO-[日志信息]: /api/login
Fri, 29 Jul 2022 19:23:14-root-app.py-[line:64]-INFO-[日志信息]: reuquest api:/api/login
Fri, 29 Jul 2022 19:24:41-root-app.py-[line:39]-INFO-[日志信息]: /api/login
Fri, 29 Jul 2022 19:24:41-root-app.py-[line:64]-INFO-[日志信息]: reuquest api:/api/login
Fri, 29 Jul 2022 19:25:53-root-app.py-[line:39]-INFO-[日志信息]: /api/login
Fri, 29 Jul 2022 19:25:53-root-app.py-[line:64]-INFO-[日志信息]: reuquest api:/api/login
Fri, 29 Jul 2022 19:26:45-root-app.py-[line:39]-INFO-[日志信息]: /api/login
Fri, 29 Jul 2022 19:26:45-root-app.py-[line:64]-INFO-[日志信息]: reuquest api:/api/login
Fri, 29 Jul 2022 19:28:31-root-app.py-[line:39]-INFO-[日志信息]: /api/login
Fri, 29 Jul 2022 19:28:31-root-app.py-[line:64]-INFO-[日志信息]: reuquest api:/api/login
Fri, 29 Jul 2022 19:29:13-root-app.py-[line:39]-INFO-[日志信息]: /api/login
Fri, 29 Jul 2022 19:29:13-root-app.py-[line:64]-INFO-[日志信息]: reuquest api:/api/login
Fri, 29 Jul 2022 19:29:22-root-app.py-[line:39]-INFO-[日志信息]: /api/login
Fri, 29 Jul 2022 19:29:22-root-app.py-[line:64]-INFO-[日志信息]: reuquest api:/api/login
Fri, 29 Jul 2022 19:41:11-root-app.py-[line:39]-INFO-[日志信息]: /api/login
Fri, 29 Jul 2022 19:41:11-root-app.py-[line:64]-INFO-[日志信息]: reuquest api:/api/login
Fri, 29 Jul 2022 19:41:40-root-app.py-[line:39]-INFO-[日志信息]: /api/login
Fri, 29 Jul 2022 19:41:40-root-app.py-[line:64]-INFO-[日志信息]: reuquest api:/api/login
Fri, 29 Jul 2022 19:42:00-root-app.py-[line:39]-INFO-[日志信息]: /api/login
Fri, 29 Jul 2022 19:42:00-root-app.py-[line:64]-INFO-[日志信息]: reuquest api:/api/login
Fri, 29 Jul 2022 19:43:17-root-app.py-[line:39]-INFO-[日志信息]: /api/login
Fri, 29 Jul 2022 19:43:17-root-app.py-[line:64]-INFO-[日志信息]: reuquest api:/api/login
Fri, 29 Jul 2022 19:44:50-root-app.py-[line:39]-INFO-[日志信息]: /api/login
Fri, 29 Jul 2022 19:44:50-root-app.py-[line:64]-INFO-[日志信息]: reuquest api:/api/login
Fri, 29 Jul 2022 19:46:05-root-app.py-[line:39]-INFO-[日志信息]: /api/login
Fri, 29 Jul 2022 19:46:05-root-app.py-[line:64]-INFO-[日志信息]: reuquest api:/api/login
Fri, 29 Jul 2022 19:47:52-root-app.py-[line:39]-INFO-[日志信息]: /api/login
Fri, 29 Jul 2022 19:47:52-root-app.py-[line:64]-INFO-[日志信息]: reuquest api:/api/login
Fri, 29 Jul 2022 19:49:17-root-app.py-[line:39]-INFO-[日志信息]: /api/login
Fri, 29 Jul 2022 19:49:17-root-app.py-[line:64]-INFO-[日志信息]: reuquest api:/api/login
Fri, 29 Jul 2022 19:55:32-root-app.py-[line:39]-INFO-[日志信息]: /api/login
Fri, 29 Jul 2022 19:55:32-root-app.py-[line:64]-INFO-[日志信息]: reuquest api:/api/login
Fri, 29 Jul 2022 19:55:52-root-app.py-[line:39]-INFO-[日志信息]: /api/login
Fri, 29 Jul 2022 19:55:52-root-app.py-[line:64]-INFO-[日志信息]: reuquest api:/api/login
Fri, 29 Jul 2022 19:59:59-root-app.py-[line:39]-INFO-[日志信息]: /api/login
Fri, 29 Jul 2022 19:59:59-root-app.py-[line:64]-INFO-[日志信息]: reuquest api:/api/login
Fri, 29 Jul 2022 20:01:44-root-app.py-[line:39]-INFO-[日志信息]: /api/login
Fri, 29 Jul 2022 20:01:44-root-app.py-[line:64]-INFO-[日志信息]: reuquest api:/api/login
Fri, 29 Jul 2022 20:08:57-root-app.py-[line:39]-INFO-[日志信息]: /api/login
Fri, 29 Jul 2022 20:08:57-root-app.py-[line:64]-INFO-[日志信息]: reuquest api:/api/login
Fri, 29 Jul 2022 20:10:07-root-app.py-[line:39]-INFO-[日志信息]: /api/login
Fri, 29 Jul 2022 20:10:07-root-app.py-[line:64]-INFO-[日志信息]: reuquest api:/api/login
Fri, 29 Jul 2022 20:54:04-root-app.py-[line:39]-INFO-[日志信息]: /api/login
Fri, 29 Jul 2022 20:54:04-root-app.py-[line:64]-INFO-[日志信息]: reuquest api:/api/login
Fri, 29 Jul 2022 20:54:32-root-app.py-[line:39]-INFO-[日志信息]: /api/login
Fri, 29 Jul 2022 20:54:32-root-app.py-[line:64]-INFO-[日志信息]: reuquest api:/api/login
Fri, 29 Jul 2022 20:54:57-root-app.py-[line:39]-INFO-[日志信息]: /api/login
Fri, 29 Jul 2022 20:54:57-root-app.py-[line:64]-INFO-[日志信息]: reuquest api:/api/login
Fri, 29 Jul 2022 20:57:47-root-app.py-[line:39]-INFO-[日志信息]: /api/login
Fri, 29 Jul 2022 20:57:47-root-app.py-[line:64]-INFO-[日志信息]: reuquest api:/api/login
Fri, 29 Jul 2022 20:58:04-root-app.py-[line:39]-INFO-[日志信息]: /api/login
Fri, 29 Jul 2022 20:58:04-root-app.py-[line:64]-INFO-[日志信息]: reuquest api:/api/login
Fri, 29 Jul 2022 21:14:41-root-app.py-[line:39]-INFO-[日志信息]: /api/login
Fri, 29 Jul 2022 21:14:41-root-app.py-[line:64]-INFO-[日志信息]: reuquest api:/api/login
Fri, 29 Jul 2022 21:16:50-root-app.py-[line:39]-INFO-[日志信息]: /api/login
Fri, 29 Jul 2022 21:16:50-root-app.py-[line:64]-INFO-[日志信息]: reuquest api:/api/login
Fri, 29 Jul 2022 21:17:26-root-app.py-[line:39]-INFO-[日志信息]: /api/login
Fri, 29 Jul 2022 21:17:26-root-app.py-[line:64]-INFO-[日志信息]: reuquest api:/api/login
Fri, 29 Jul 2022 21:18:52-root-app.py-[line:39]-INFO-[日志信息]: /api/login
Fri, 29 Jul 2022 21:18:52-root-app.py-[line:64]-INFO-[日志信息]: reuquest api:/api/login
Fri, 29 Jul 2022 21:18:58-root-app.py-[line:39]-INFO-[日志信息]: /api/login
Fri, 29 Jul 2022 21:18:58-root-app.py-[line:64]-INFO-[日志信息]: reuquest api:/api/login
Fri, 29 Jul 2022 21:19:42-root-app.py-[line:39]-INFO-[日志信息]: /api/login
Fri, 29 Jul 2022 21:19:42-root-app.py-[line:64]-INFO-[日志信息]: reuquest api:/api/login
Fri, 29 Jul 2022 21:21:30-root-app.py-[line:39]-INFO-[日志信息]: /api/login
Fri, 29 Jul 2022 21:21:30-root-app.py-[line:64]-INFO-[日志信息]: reuquest api:/api/login
Fri, 29 Jul 2022 21:23:27-root-app.py-[line:39]-INFO-[日志信息]: /api/login
Fri, 29 Jul 2022 21:23:27-root-app.py-[line:64]-INFO-[日志信息]: reuquest api:/api/login
Fri, 29 Jul 2022 21:33:43-root-app.py-[line:39]-INFO-[日志信息]: /api/login
Fri, 29 Jul 2022 21:33:43-root-app.py-[line:64]-INFO-[日志信息]: reuquest api:/api/login
Fri, 29 Jul 2022 21:34:16-root-app.py-[line:39]-INFO-[日志信息]: /api/login
Fri, 29 Jul 2022 21:34:16-root-app.py-[line:64]-INFO-[日志信息]: reuquest api:/api/login
Fri, 29 Jul 2022 21:35:10-root-app.py-[line:39]-INFO-[日志信息]: /api/login
Fri, 29 Jul 2022 21:35:10-root-app.py-[line:64]-INFO-[日志信息]: reuquest api:/api/login
Fri, 29 Jul 2022 21:37:51-root-app.py-[line:39]-INFO-[日志信息]: /api/login
Fri, 29 Jul 2022 21:37:51-root-app.py-[line:64]-INFO-[日志信息]: reuquest api:/api/login
Fri, 29 Jul 2022 21:39:45-root-app.py-[line:39]-INFO-[日志信息]: /api/login
Fri, 29 Jul 2022 21:39:45-root-app.py-[line:64]-INFO-[日志信息]: reuquest api:/api/login
Fri, 29 Jul 2022 21:40:09-root-app.py-[line:39]-INFO-[日志信息]: /api/login
Fri, 29 Jul 2022 21:40:09-root-app.py-[line:64]-INFO-[日志信息]: reuquest api:/api/login
Fri, 29 Jul 2022 21:42:18-root-app.py-[line:39]-INFO-[日志信息]: /api/login
Fri, 29 Jul 2022 21:42:18-root-app.py-[line:64]-INFO-[日志信息]: reuquest api:/api/login
Fri, 29 Jul 2022 21:43:09-root-app.py-[line:39]-INFO-[日志信息]: /api/login
Fri, 29 Jul 2022 21:43:09-root-app.py-[line:64]-INFO-[日志信息]: reuquest api:/api/login
Fri, 29 Jul 2022 21:43:22-root-app.py-[line:39]-INFO-[日志信息]: /api/login
Fri, 29 Jul 2022 21:43:22-root-app.py-[line:64]-INFO-[日志信息]: reuquest api:/api/login
Fri, 29 Jul 2022 21:43:45-root-app.py-[line:39]-INFO-[日志信息]: /api/login
Fri, 29 Jul 2022 21:43:45-root-app.py-[line:64]-INFO-[日志信息]: reuquest api:/api/login
Fri, 29 Jul 2022 21:44:08-root-app.py-[line:39]-INFO-[日志信息]: /api/login
Fri, 29 Jul 2022 21:44:08-root-app.py-[line:64]-INFO-[日志信息]: reuquest api:/api/login
Fri, 29 Jul 2022 21:45:18-root-app.py-[line:39]-INFO-[日志信息]: /api/login
Fri, 29 Jul 2022 21:45:18-root-app.py-[line:64]-INFO-[日志信息]: reuquest api:/api/login
Fri, 29 Jul 2022 21:45:38-root-app.py-[line:39]-INFO-[日志信息]: /api/login
Fri, 29 Jul 2022 21:45:38-root-app.py-[line:64]-INFO-[日志信息]: reuquest api:/api/login
Fri, 29 Jul 2022 21:45:57-root-app.py-[line:39]-INFO-[日志信息]: /api/login
Fri, 29 Jul 2022 21:45:57-root-app.py-[line:64]-INFO-[日志信息]: reuquest api:/api/login
Fri, 29 Jul 2022 21:58:27-root-app.py-[line:39]-INFO-[日志信息]: /api/login
Fri, 29 Jul 2022 21:58:27-root-app.py-[line:64]-INFO-[日志信息]: reuquest api:/api/login
Fri, 29 Jul 2022 21:59:47-root-app.py-[line:39]-INFO-[日志信息]: /api/login
Fri, 29 Jul 2022 21:59:47-root-app.py-[line:64]-INFO-[日志信息]: reuquest api:/api/login
Fri, 29 Jul 2022 22:00:05-root-app.py-[line:39]-INFO-[日志信息]: /api/login
Fri, 29 Jul 2022 22:00:05-root-app.py-[line:64]-INFO-[日志信息]: reuquest api:/api/login
Fri, 29 Jul 2022 22:01:16-root-app.py-[line:39]-INFO-[日志信息]: /api/login
Fri, 29 Jul 2022 22:01:16-root-app.py-[line:64]-INFO-[日志信息]: reuquest api:/api/login
Fri, 29 Jul 2022 22:03:17-root-app.py-[line:39]-INFO-[日志信息]: /api/login
Fri, 29 Jul 2022 22:03:17-root-app.py-[line:64]-INFO-[日志信息]: reuquest api:/api/login
Fri, 29 Jul 2022 22:04:02-root-app.py-[line:39]-INFO-[日志信息]: /api/login
Fri, 29 Jul 2022 22:04:02-root-app.py-[line:64]-INFO-[日志信息]: reuquest api:/api/login
Fri, 29 Jul 2022 22:04:49-root-app.py-[line:39]-INFO-[日志信息]: /api/login
Fri, 29 Jul 2022 22:04:49-root-app.py-[line:64]-INFO-[日志信息]: reuquest api:/api/login
Fri, 29 Jul 2022 22:05:03-root-app.py-[line:39]-INFO-[日志信息]: /api/login
Fri, 29 Jul 2022 22:05:03-root-app.py-[line:64]-INFO-[日志信息]: reuquest api:/api/login
Fri, 29 Jul 2022 22:06:51-root-app.py-[line:39]-INFO-[日志信息]: /api/login
Fri, 29 Jul 2022 22:06:51-root-app.py-[line:64]-INFO-[日志信息]: reuquest api:/api/login
Fri, 29 Jul 2022 22:07:45-root-app.py-[line:39]-INFO-[日志信息]: /api/login
Fri, 29 Jul 2022 22:07:45-root-app.py-[line:64]-INFO-[日志信息]: reuquest api:/api/login
Fri, 29 Jul 2022 22:08:44-root-app.py-[line:39]-INFO-[日志信息]: /api/login
Fri, 29 Jul 2022 22:08:44-root-app.py-[line:64]-INFO-[日志信息]: reuquest api:/api/login
Fri, 29 Jul 2022 22:09:27-root-app.py-[line:39]-INFO-[日志信息]: /api/login
Fri, 29 Jul 2022 22:09:27-root-app.py-[line:64]-INFO-[日志信息]: reuquest api:/api/login
Fri, 29 Jul 2022 22:10:20-root-app.py-[line:39]-INFO-[日志信息]: /api/login
Fri, 29 Jul 2022 22:10:20-root-app.py-[line:64]-INFO-[日志信息]: reuquest api:/api/login
Fri, 29 Jul 2022 22:11:24-root-app.py-[line:39]-INFO-[日志信息]: /api/login
Fri, 29 Jul 2022 22:11:24-root-app.py-[line:64]-INFO-[日志信息]: reuquest api:/api/login
Fri, 29 Jul 2022 22:12:43-root-app.py-[line:39]-INFO-[日志信息]: /api/login
Fri, 29 Jul 2022 22:12:43-root-app.py-[line:64]-INFO-[日志信息]: reuquest api:/api/login
Fri, 29 Jul 2022 22:13:09-root-app.py-[line:39]-INFO-[日志信息]: /api/login
Fri, 29 Jul 2022 22:13:09-root-app.py-[line:64]-INFO-[日志信息]: reuquest api:/api/login
Fri, 29 Jul 2022 22:26:58-root-app.py-[line:39]-INFO-[日志信息]: /api/login
Fri, 29 Jul 2022 22:26:58-root-app.py-[line:64]-INFO-[日志信息]: reuquest api:/api/login
Fri, 29 Jul 2022 22:27:15-root-app.py-[line:39]-INFO-[日志信息]: /api/login
Fri, 29 Jul 2022 22:27:15-root-app.py-[line:64]-INFO-[日志信息]: reuquest api:/api/login
Fri, 29 Jul 2022 22:29:30-root-app.py-[line:39]-INFO-[日志信息]: /api/login
Fri, 29 Jul 2022 22:29:30-root-app.py-[line:64]-INFO-[日志信息]: reuquest api:/api/login
Fri, 29 Jul 2022 22:30:07-root-app.py-[line:39]-INFO-[日志信息]: /api/login
Fri, 29 Jul 2022 22:30:07-root-app.py-[line:64]-INFO-[日志信息]: reuquest api:/api/login
Fri, 29 Jul 2022 22:30:29-root-app.py-[line:39]-INFO-[日志信息]: /api/login
Fri, 29 Jul 2022 22:30:29-root-app.py-[line:64]-INFO-[日志信息]: reuquest api:/api/login
Fri, 29 Jul 2022 22:37:59-root-app.py-[line:39]-INFO-[日志信息]: /api/login
Fri, 29 Jul 2022 22:37:59-root-app.py-[line:64]-INFO-[日志信息]: reuquest api:/api/login
Fri, 29 Jul 2022 22:40:26-root-app.py-[line:39]-INFO-[日志信息]: /api/login
Fri, 29 Jul 2022 22:40:26-root-app.py-[line:64]-INFO-[日志信息]: reuquest api:/api/login
Fri, 29 Jul 2022 22:41:02-root-app.py-[line:39]-INFO-[日志信息]: /api/login
Fri, 29 Jul 2022 22:41:02-root-app.py-[line:64]-INFO-[日志信息]: reuquest api:/api/login
Fri, 29 Jul 2022 22:41:35-root-app.py-[line:39]-INFO-[日志信息]: /api/login
Fri, 29 Jul 2022 22:41:35-root-app.py-[line:64]-INFO-[日志信息]: reuquest api:/api/login
Fri, 29 Jul 2022 22:42:07-root-app.py-[line:39]-INFO-[日志信息]: /api/login
Fri, 29 Jul 2022 22:42:07-root-app.py-[line:64]-INFO-[日志信息]: reuquest api:/api/login
Fri, 29 Jul 2022 22:51:27-root-app.py-[line:39]-INFO-[日志信息]: /api/login
Fri, 29 Jul 2022 22:51:27-root-app.py-[line:64]-INFO-[日志信息]: reuquest api:/api/login
Fri, 29 Jul 2022 22:51:36-root-app.py-[line:39]-INFO-[日志信息]: /api/login
Fri, 29 Jul 2022 22:51:36-root-app.py-[line:64]-INFO-[日志信息]: reuquest api:/api/login
Fri, 29 Jul 2022 22:53:03-root-app.py-[line:39]-INFO-[日志信息]: /api/login
Fri, 29 Jul 2022 22:53:03-root-app.py-[line:64]-INFO-[日志信息]: reuquest api:/api/login
Fri, 29 Jul 2022 22:56:41-root-app.py-[line:39]-INFO-[日志信息]: /api/login
Fri, 29 Jul 2022 22:56:41-root-app.py-[line:64]-INFO-[日志信息]: reuquest api:/api/login
Fri, 29 Jul 2022 22:58:38-root-app.py-[line:39]-INFO-[日志信息]: /api/login
Fri, 29 Jul 2022 22:58:38-root-app.py-[line:64]-INFO-[日志信息]: reuquest api:/api/login
Fri, 29 Jul 2022 22:59:09-root-app.py-[line:39]-INFO-[日志信息]: /api/login
Fri, 29 Jul 2022 22:59:09-root-app.py-[line:64]-INFO-[日志信息]: reuquest api:/api/login
Fri, 29 Jul 2022 23:07:29-root-app.py-[line:39]-INFO-[日志信息]: /api/login
Fri, 29 Jul 2022 23:07:29-root-app.py-[line:64]-INFO-[日志信息]: reuquest api:/api/login
Fri, 29 Jul 2022 23:07:41-root-app.py-[line:39]-INFO-[日志信息]: /api/login
Fri, 29 Jul 2022 23:07:41-root-app.py-[line:64]-INFO-[日志信息]: reuquest api:/api/login
Fri, 29 Jul 2022 23:07:50-root-app.py-[line:39]-INFO-[日志信息]: /api/login
Fri, 29 Jul 2022 23:07:50-root-app.py-[line:64]-INFO-[日志信息]: reuquest api:/api/login
Fri, 29 Jul 2022 23:07:58-root-app.py-[line:39]-INFO-[日志信息]: /api/login
Fri, 29 Jul 2022 23:07:58-root-app.py-[line:64]-INFO-[日志信息]: reuquest api:/api/login
Fri, 29 Jul 2022 23:08:10-root-app.py-[line:39]-INFO-[日志信息]: /api/login
Fri, 29 Jul 2022 23:08:10-root-app.py-[line:64]-INFO-[日志信息]: reuquest api:/api/login
Fri, 29 Jul 2022 23:10:46-root-app.py-[line:39]-INFO-[日志信息]: /api/login
Fri, 29 Jul 2022 23:10:46-root-app.py-[line:64]-INFO-[日志信息]: reuquest api:/api/login
Fri, 29 Jul 2022 23:11:10-root-app.py-[line:39]-INFO-[日志信息]: /api/login
Fri, 29 Jul 2022 23:11:10-root-app.py-[line:64]-INFO-[日志信息]: reuquest api:/api/login
Fri, 29 Jul 2022 23:12:09-root-app.py-[line:39]-INFO-[日志信息]: /api/login
Fri, 29 Jul 2022 23:12:09-root-app.py-[line:64]-INFO-[日志信息]: reuquest api:/api/login
Fri, 29 Jul 2022 23:12:36-root-app.py-[line:39]-INFO-[日志信息]: /api/login
Fri, 29 Jul 2022 23:12:36-root-app.py-[line:64]-INFO-[日志信息]: reuquest api:/api/login
Fri, 29 Jul 2022 23:13:08-root-app.py-[line:39]-INFO-[日志信息]: /api/login
Fri, 29 Jul 2022 23:13:08-root-app.py-[line:64]-INFO-[日志信息]: reuquest api:/api/login
Fri, 29 Jul 2022 23:14:42-root-app.py-[line:39]-INFO-[日志信息]: /api/login
Fri, 29 Jul 2022 23:14:42-root-app.py-[line:64]-INFO-[日志信息]: reuquest api:/api/login
Fri, 29 Jul 2022 23:14:50-root-app.py-[line:39]-INFO-[日志信息]: /api/login
Fri, 29 Jul 2022 23:14:50-root-app.py-[line:64]-INFO-[日志信息]: reuquest api:/api/login
Fri, 29 Jul 2022 23:15:24-root-app.py-[line:39]-INFO-[日志信息]: /api/login
Fri, 29 Jul 2022 23:15:24-root-app.py-[line:64]-INFO-[日志信息]: reuquest api:/api/login
Fri, 29 Jul 2022 23:15:33-root-app.py-[line:39]-INFO-[日志信息]: /api/login
Fri, 29 Jul 2022 23:15:33-root-app.py-[line:64]-INFO-[日志信息]: reuquest api:/api/login
Fri, 29 Jul 2022 23:50:15-root-app.py-[line:39]-INFO-[日志信息]: /api/login
Fri, 29 Jul 2022 23:50:15-root-app.py-[line:64]-INFO-[日志信息]: reuquest api:/api/login
Fri, 29 Jul 2022 23:51:03-root-app.py-[line:39]-INFO-[日志信息]: /api/login
Fri, 29 Jul 2022 23:51:03-root-app.py-[line:64]-INFO-[日志信息]: reuquest api:/api/login
Fri, 29 Jul 2022 23:51:37-root-app.py-[line:39]-INFO-[日志信息]: /api/login
Fri, 29 Jul 2022 23:51:37-root-app.py-[line:64]-INFO-[日志信息]: reuquest api:/api/login
Fri, 29 Jul 2022 23:52:32-root-app.py-[line:39]-INFO-[日志信息]: /api/login
Fri, 29 Jul 2022 23:52:32-root-app.py-[line:64]-INFO-[日志信息]: reuquest api:/api/login
Fri, 29 Jul 2022 23:53:24-root-app.py-[line:39]-INFO-[日志信息]: /api/login
Fri, 29 Jul 2022 23:53:24-root-app.py-[line:64]-INFO-[日志信息]: reuquest api:/api/login
Fri, 29 Jul 2022 23:53:45-root-app.py-[line:39]-INFO-[日志信息]: /api/login
Fri, 29 Jul 2022 23:53:45-root-app.py-[line:64]-INFO-[日志信息]: reuquest api:/api/login
Fri, 29 Jul 2022 23:54:16-root-app.py-[line:39]-INFO-[日志信息]: /api/login
Fri, 29 Jul 2022 23:54:16-root-app.py-[line:64]-INFO-[日志信息]: reuquest api:/api/login
Fri, 29 Jul 2022 23:54:49-root-app.py-[line:39]-INFO-[日志信息]: /api/login
Fri, 29 Jul 2022 23:54:49-root-app.py-[line:64]-INFO-[日志信息]: reuquest api:/api/login
Fri, 29 Jul 2022 23:55:02-root-app.py-[line:39]-INFO-[日志信息]: /api/login
Fri, 29 Jul 2022 23:55:02-root-app.py-[line:64]-INFO-[日志信息]: reuquest api:/api/login
Fri, 29 Jul 2022 23:55:45-root-app.py-[line:39]-INFO-[日志信息]: /api/login
Fri, 29 Jul 2022 23:55:45-root-app.py-[line:64]-INFO-[日志信息]: reuquest api:/api/login
Fri, 29 Jul 2022 23:57:01-root-app.py-[line:39]-INFO-[日志信息]: /api/login
Fri, 29 Jul 2022 23:57:01-root-app.py-[line:64]-INFO-[日志信息]: reuquest api:/api/login
Fri, 29 Jul 2022 23:57:24-root-app.py-[line:39]-INFO-[日志信息]: /api/login
Fri, 29 Jul 2022 23:57:24-root-app.py-[line:64]-INFO-[日志信息]: reuquest api:/api/login
Fri, 29 Jul 2022 23:57:40-root-app.py-[line:39]-INFO-[日志信息]: /api/login
Fri, 29 Jul 2022 23:57:40-root-app.py-[line:64]-INFO-[日志信息]: reuquest api:/api/login
Fri, 29 Jul 2022 23:58:03-root-app.py-[line:39]-INFO-[日志信息]: /api/login
Fri, 29 Jul 2022 23:58:03-root-app.py-[line:64]-INFO-[日志信息]: reuquest api:/api/login
Sat, 30 Jul 2022 00:05:54-root-app.py-[line:39]-INFO-[日志信息]: /api/login
Sat, 30 Jul 2022 00:05:54-root-app.py-[line:64]-INFO-[日志信息]: reuquest api:/api/login
Sat, 30 Jul 2022 00:11:15-root-app.py-[line:39]-INFO-[日志信息]: /api/login
Sat, 30 Jul 2022 00:11:15-root-app.py-[line:64]-INFO-[日志信息]: reuquest api:/api/login
Sat, 30 Jul 2022 00:16:41-root-app.py-[line:39]-INFO-[日志信息]: /api/login
Sat, 30 Jul 2022 00:16:41-root-app.py-[line:64]-INFO-[日志信息]: reuquest api:/api/login
Sat, 30 Jul 2022 00:17:09-root-app.py-[line:39]-INFO-[日志信息]: /api/login
Sat, 30 Jul 2022 00:17:09-root-app.py-[line:64]-INFO-[日志信息]: reuquest api:/api/login
Sat, 30 Jul 2022 00:19:37-root-app.py-[line:39]-INFO-[日志信息]: /api/login
Sat, 30 Jul 2022 00:19:37-root-app.py-[line:64]-INFO-[日志信息]: reuquest api:/api/login
Sat, 30 Jul 2022 00:22:46-root-app.py-[line:39]-INFO-[日志信息]: /api/login
Sat, 30 Jul 2022 00:22:46-root-app.py-[line:64]-INFO-[日志信息]: reuquest api:/api/login
Sat, 30 Jul 2022 00:23:44-root-app.py-[line:39]-INFO-[日志信息]: /api/login
Sat, 30 Jul 2022 00:23:44-root-app.py-[line:64]-INFO-[日志信息]: reuquest api:/api/login
Sat, 30 Jul 2022 00:23:49-root-app.py-[line:39]-INFO-[日志信息]: /api/login
Sat, 30 Jul 2022 00:23:49-root-app.py-[line:64]-INFO-[日志信息]: reuquest api:/api/login
Sat, 30 Jul 2022 00:24:03-root-app.py-[line:39]-INFO-[日志信息]: /api/login
Sat, 30 Jul 2022 00:24:03-root-app.py-[line:64]-INFO-[日志信息]: reuquest api:/api/login
Sat, 30 Jul 2022 00:26:53-root-app.py-[line:39]-INFO-[日志信息]: /api/login
Sat, 30 Jul 2022 00:26:53-root-app.py-[line:64]-INFO-[日志信息]: reuquest api:/api/login
Sat, 30 Jul 2022 00:27:36-root-app.py-[line:39]-INFO-[日志信息]: /api/login
Sat, 30 Jul 2022 00:27:36-root-app.py-[line:64]-INFO-[日志信息]: reuquest api:/api/login
Sat, 30 Jul 2022 00:28:19-root-app.py-[line:39]-INFO-[日志信息]: /api/login
Sat, 30 Jul 2022 00:28:19-root-app.py-[line:64]-INFO-[日志信息]: reuquest api:/api/login
Sat, 30 Jul 2022 00:31:13-root-app.py-[line:39]-INFO-[日志信息]: /api/login
Sat, 30 Jul 2022 00:31:13-root-app.py-[line:64]-INFO-[日志信息]: reuquest api:/api/login
Sat, 30 Jul 2022 00:31:55-root-app.py-[line:39]-INFO-[日志信息]: /api/login
Sat, 30 Jul 2022 00:31:55-root-app.py-[line:64]-INFO-[日志信息]: reuquest api:/api/login
Sat, 30 Jul 2022 00:32:12-root-app.py-[line:39]-INFO-[日志信息]: /api/login
Sat, 30 Jul 2022 00:32:12-root-app.py-[line:64]-INFO-[日志信息]: reuquest api:/api/login
Sat, 30 Jul 2022 00:33:41-root-app.py-[line:39]-INFO-[日志信息]: /api/login
Sat, 30 Jul 2022 00:33:41-root-app.py-[line:64]-INFO-[日志信息]: reuquest api:/api/login
Sat, 30 Jul 2022 00:33:48-root-app.py-[line:39]-INFO-[日志信息]: /api/login
Sat, 30 Jul 2022 00:33:48-root-app.py-[line:64]-INFO-[日志信息]: reuquest api:/api/login
Sat, 30 Jul 2022 00:34:31-root-app.py-[line:39]-INFO-[日志信息]: /api/login
Sat, 30 Jul 2022 00:34:31-root-app.py-[line:64]-INFO-[日志信息]: reuquest api:/api/login
Sat, 30 Jul 2022 00:36:04-root-app.py-[line:39]-INFO-[日志信息]: /api/login
Sat, 30 Jul 2022 00:36:04-root-app.py-[line:64]-INFO-[日志信息]: reuquest api:/api/login
Sat, 30 Jul 2022 00:36:12-root-app.py-[line:39]-INFO-[日志信息]: /api/login
Sat, 30 Jul 2022 00:36:12-root-app.py-[line:64]-INFO-[日志信息]: reuquest api:/api/login
Sat, 30 Jul 2022 00:37:59-root-app.py-[line:39]-INFO-[日志信息]: /api/login
Sat, 30 Jul 2022 00:37:59-root-app.py-[line:64]-INFO-[日志信息]: reuquest api:/api/login
Sat, 30 Jul 2022 00:39:09-root-app.py-[line:39]-INFO-[日志信息]: /api/login
Sat, 30 Jul 2022 00:39:09-root-app.py-[line:64]-INFO-[日志信息]: reuquest api:/api/login
Sat, 30 Jul 2022 00:39:21-root-app.py-[line:39]-INFO-[日志信息]: /api/login
Sat, 30 Jul 2022 00:39:21-root-app.py-[line:64]-INFO-[日志信息]: reuquest api:/api/login
Sat, 30 Jul 2022 00:39:48-root-app.py-[line:39]-INFO-[日志信息]: /api/login
Sat, 30 Jul 2022 00:39:48-root-app.py-[line:64]-INFO-[日志信息]: reuquest api:/api/login
Sat, 30 Jul 2022 00:39:56-root-app.py-[line:39]-INFO-[日志信息]: /api/login
Sat, 30 Jul 2022 00:39:56-root-app.py-[line:64]-INFO-[日志信息]: reuquest api:/api/login
Sat, 30 Jul 2022 00:40:18-root-app.py-[line:39]-INFO-[日志信息]: /api/login
Sat, 30 Jul 2022 00:40:18-root-app.py-[line:64]-INFO-[日志信息]: reuquest api:/api/login
Wed, 03 Aug 2022 08:24:11-root-app.py-[line:39]-INFO-[日志信息]: /api/login
Wed, 03 Aug 2022 08:24:11-root-app.py-[line:64]-INFO-[日志信息]: reuquest api:/api/login
Wed, 03 Aug 2022 08:25:41-root-app.py-[line:39]-INFO-[日志信息]: /api/login
Wed, 03 Aug 2022 08:25:41-root-app.py-[line:64]-INFO-[日志信息]: reuquest api:/api/login
Wed, 03 Aug 2022 08:26:56-root-app.py-[line:39]-INFO-[日志信息]: /api/login
Wed, 03 Aug 2022 08:26:56-root-app.py-[line:64]-INFO-[日志信息]: reuquest api:/api/login
Wed, 03 Aug 2022 08:29:30-root-app.py-[line:39]-INFO-[日志信息]: /api/login
Wed, 03 Aug 2022 08:29:30-root-app.py-[line:64]-INFO-[日志信息]: reuquest api:/api/login
Wed, 03 Aug 2022 08:40:26-root-app.py-[line:39]-INFO-[日志信息]: /api/login
Wed, 03 Aug 2022 08:40:26-root-app.py-[line:64]-INFO-[日志信息]: reuquest api:/api/login
Wed, 03 Aug 2022 08:41:33-root-app.py-[line:39]-INFO-[日志信息]: /api/login
Wed, 03 Aug 2022 08:41:33-root-app.py-[line:64]-INFO-[日志信息]: reuquest api:/api/login
Wed, 03 Aug 2022 08:42:10-root-app.py-[line:39]-INFO-[日志信息]: /api/login
Wed, 03 Aug 2022 08:42:10-root-app.py-[line:64]-INFO-[日志信息]: reuquest api:/api/login
Wed, 03 Aug 2022 08:46:09-root-app.py-[line:39]-INFO-[日志信息]: /api/login
Wed, 03 Aug 2022 08:46:09-root-app.py-[line:64]-INFO-[日志信息]: reuquest api:/api/login
Wed, 03 Aug 2022 08:48:44-root-app.py-[line:39]-INFO-[日志信息]: /api/login
Wed, 03 Aug 2022 08:48:44-root-app.py-[line:64]-INFO-[日志信息]: reuquest api:/api/login
Wed, 03 Aug 2022 08:49:20-root-app.py-[line:39]-INFO-[日志信息]: /api/login
Wed, 03 Aug 2022 08:49:20-root-app.py-[line:64]-INFO-[日志信息]: reuquest api:/api/login
Wed, 03 Aug 2022 08:51:09-root-app.py-[line:39]-INFO-[日志信息]: /api/login
Wed, 03 Aug 2022 08:51:09-root-app.py-[line:64]-INFO-[日志信息]: reuquest api:/api/login
Wed, 03 Aug 2022 08:51:53-root-app.py-[line:39]-INFO-[日志信息]: /api/login
Wed, 03 Aug 2022 08:51:53-root-app.py-[line:64]-INFO-[日志信息]: reuquest api:/api/login
Wed, 03 Aug 2022 08:52:10-root-app.py-[line:39]-INFO-[日志信息]: /api/login
Wed, 03 Aug 2022 08:52:10-root-app.py-[line:64]-INFO-[日志信息]: reuquest api:/api/login
Wed, 03 Aug 2022 08:54:01-root-app.py-[line:39]-INFO-[日志信息]: /api/login
Wed, 03 Aug 2022 08:54:01-root-app.py-[line:64]-INFO-[日志信息]: reuquest api:/api/login
Wed, 03 Aug 2022 08:56:13-root-app.py-[line:39]-INFO-[日志信息]: /api/login
Wed, 03 Aug 2022 08:56:13-root-app.py-[line:64]-INFO-[日志信息]: reuquest api:/api/login
Wed, 03 Aug 2022 08:58:08-root-app.py-[line:39]-INFO-[日志信息]: /api/login
Wed, 03 Aug 2022 08:58:08-root-app.py-[line:64]-INFO-[日志信息]: reuquest api:/api/login
Wed, 03 Aug 2022 08:59:00-root-app.py-[line:39]-INFO-[日志信息]: /api/login
Wed, 03 Aug 2022 08:59:00-root-app.py-[line:64]-INFO-[日志信息]: reuquest api:/api/login
Wed, 03 Aug 2022 09:05:08-root-app.py-[line:39]-INFO-[日志信息]: /api/login
Wed, 03 Aug 2022 09:05:08-root-app.py-[line:64]-INFO-[日志信息]: reuquest api:/api/login
Wed, 03 Aug 2022 10:50:15-root-app.py-[line:39]-INFO-[日志信息]: /api/login
Wed, 03 Aug 2022 10:50:15-root-app.py-[line:64]-INFO-[日志信息]: reuquest api:/api/login
Wed, 03 Aug 2022 10:52:16-root-app.py-[line:39]-INFO-[日志信息]: /api/login
Wed, 03 Aug 2022 10:52:16-root-app.py-[line:64]-INFO-[日志信息]: reuquest api:/api/login
Wed, 03 Aug 2022 10:53:47-root-app.py-[line:39]-INFO-[日志信息]: /api/login
Wed, 03 Aug 2022 10:53:47-root-app.py-[line:64]-INFO-[日志信息]: reuquest api:/api/login
Wed, 03 Aug 2022 10:59:30-root-app.py-[line:39]-INFO-[日志信息]: /api/login
Wed, 03 Aug 2022 10:59:30-root-app.py-[line:64]-INFO-[日志信息]: reuquest api:/api/login
Wed, 03 Aug 2022 11:01:29-root-app.py-[line:39]-INFO-[日志信息]: /api/login
Wed, 03 Aug 2022 11:01:29-root-app.py-[line:64]-INFO-[日志信息]: reuquest api:/api/login
Wed, 03 Aug 2022 11:03:04-root-app.py-[line:39]-INFO-[日志信息]: /api/login
Wed, 03 Aug 2022 11:03:04-root-app.py-[line:64]-INFO-[日志信息]: reuquest api:/api/login
Wed, 03 Aug 2022 11:04:25-root-app.py-[line:39]-INFO-[日志信息]: /api/login
Wed, 03 Aug 2022 11:04:25-root-app.py-[line:64]-INFO-[日志信息]: reuquest api:/api/login
Wed, 03 Aug 2022 11:04:30-root-app.py-[line:39]-INFO-[日志信息]: /api/login
Wed, 03 Aug 2022 11:04:30-root-app.py-[line:64]-INFO-[日志信息]: reuquest api:/api/login
Wed, 03 Aug 2022 11:09:04-root-app.py-[line:39]-INFO-[日志信息]: /api/login
Wed, 03 Aug 2022 11:09:04-root-app.py-[line:64]-INFO-[日志信息]: reuquest api:/api/login
Wed, 03 Aug 2022 11:09:39-root-app.py-[line:39]-INFO-[日志信息]: /api/login
Wed, 03 Aug 2022 11:09:39-root-app.py-[line:64]-INFO-[日志信息]: reuquest api:/api/login
Wed, 03 Aug 2022 11:12:03-root-app.py-[line:39]-INFO-[日志信息]: /api/login
Wed, 03 Aug 2022 11:12:03-root-app.py-[line:64]-INFO-[日志信息]: reuquest api:/api/login
Wed, 03 Aug 2022 11:12:34-root-app.py-[line:39]-INFO-[日志信息]: /api/login
Wed, 03 Aug 2022 11:12:34-root-app.py-[line:64]-INFO-[日志信息]: reuquest api:/api/login
Wed, 03 Aug 2022 11:14:14-root-app.py-[line:39]-INFO-[日志信息]: /api/login
Wed, 03 Aug 2022 11:14:14-root-app.py-[line:64]-INFO-[日志信息]: reuquest api:/api/login
Wed, 03 Aug 2022 11:17:47-root-app.py-[line:39]-INFO-[日志信息]: /api/login
Wed, 03 Aug 2022 11:17:47-root-app.py-[line:64]-INFO-[日志信息]: reuquest api:/api/login
Wed, 03 Aug 2022 11:19:07-root-app.py-[line:39]-INFO-[日志信息]: /api/login
Wed, 03 Aug 2022 11:19:07-root-app.py-[line:64]-INFO-[日志信息]: reuquest api:/api/login
Wed, 03 Aug 2022 11:19:57-root-app.py-[line:39]-INFO-[日志信息]: /api/login
Wed, 03 Aug 2022 11:19:57-root-app.py-[line:64]-INFO-[日志信息]: reuquest api:/api/login
Wed, 03 Aug 2022 11:20:18-root-app.py-[line:39]-INFO-[日志信息]: /api/login
Wed, 03 Aug 2022 11:20:18-root-app.py-[line:64]-INFO-[日志信息]: reuquest api:/api/login
Wed, 03 Aug 2022 11:20:28-root-app.py-[line:39]-INFO-[日志信息]: /api/login
Wed, 03 Aug 2022 11:20:28-root-app.py-[line:64]-INFO-[日志信息]: reuquest api:/api/login
Wed, 03 Aug 2022 11:21:29-root-app.py-[line:39]-INFO-[日志信息]: /api/login
Wed, 03 Aug 2022 11:21:29-root-app.py-[line:64]-INFO-[日志信息]: reuquest api:/api/login
Wed, 03 Aug 2022 11:23:44-root-app.py-[line:39]-INFO-[日志信息]: /api/login
Wed, 03 Aug 2022 11:23:44-root-app.py-[line:64]-INFO-[日志信息]: reuquest api:/api/login
Wed, 03 Aug 2022 11:24:59-root-app.py-[line:39]-INFO-[日志信息]: /api/login
Wed, 03 Aug 2022 11:24:59-root-app.py-[line:64]-INFO-[日志信息]: reuquest api:/api/login
Wed, 03 Aug 2022 11:29:29-root-app.py-[line:39]-INFO-[日志信息]: /api/login
Wed, 03 Aug 2022 11:29:29-root-app.py-[line:64]-INFO-[日志信息]: reuquest api:/api/login
Wed, 03 Aug 2022 11:32:55-root-app.py-[line:39]-INFO-[日志信息]: /api/login
Wed, 03 Aug 2022 11:32:55-root-app.py-[line:64]-INFO-[日志信息]: reuquest api:/api/login
Wed, 03 Aug 2022 11:33:47-root-app.py-[line:39]-INFO-[日志信息]: /api/login
Wed, 03 Aug 2022 11:33:47-root-app.py-[line:64]-INFO-[日志信息]: reuquest api:/api/login
Wed, 03 Aug 2022 11:34:07-root-app.py-[line:39]-INFO-[日志信息]: /api/login
Wed, 03 Aug 2022 11:34:07-root-app.py-[line:64]-INFO-[日志信息]: reuquest api:/api/login
Wed, 03 Aug 2022 11:34:57-root-app.py-[line:39]-INFO-[日志信息]: /api/login
Wed, 03 Aug 2022 11:34:57-root-app.py-[line:64]-INFO-[日志信息]: reuquest api:/api/login
Wed, 03 Aug 2022 11:36:55-root-app.py-[line:39]-INFO-[日志信息]: /api/login
Wed, 03 Aug 2022 11:36:55-root-app.py-[line:64]-INFO-[日志信息]: reuquest api:/api/login
Wed, 03 Aug 2022 11:38:56-root-app.py-[line:39]-INFO-[日志信息]: /api/login
Wed, 03 Aug 2022 11:38:56-root-app.py-[line:64]-INFO-[日志信息]: reuquest api:/api/login
Wed, 03 Aug 2022 11:39:16-root-app.py-[line:39]-INFO-[日志信息]: /api/login
Wed, 03 Aug 2022 11:39:16-root-app.py-[line:64]-INFO-[日志信息]: reuquest api:/api/login
Wed, 03 Aug 2022 11:39:16-root-app.py-[line:39]-INFO-[日志信息]: /api/login
Wed, 03 Aug 2022 11:39:16-root-app.py-[line:64]-INFO-[日志信息]: reuquest api:/api/login
Wed, 03 Aug 2022 14:45:35-root-app.py-[line:39]-INFO-[日志信息]: /api/login
Wed, 03 Aug 2022 14:45:35-root-app.py-[line:64]-INFO-[日志信息]: reuquest api:/api/login
Wed, 03 Aug 2022 14:45:50-root-app.py-[line:39]-INFO-[日志信息]: /api/login
Wed, 03 Aug 2022 14:45:50-root-app.py-[line:64]-INFO-[日志信息]: reuquest api:/api/login
Wed, 03 Aug 2022 14:45:50-root-app.py-[line:39]-INFO-[日志信息]: /api/login
Wed, 03 Aug 2022 14:45:50-root-app.py-[line:64]-INFO-[日志信息]: reuquest api:/api/login
Wed, 03 Aug 2022 14:49:28-root-app.py-[line:39]-INFO-[日志信息]: /api/login
Wed, 03 Aug 2022 14:49:28-root-app.py-[line:64]-INFO-[日志信息]: reuquest api:/api/login
Wed, 03 Aug 2022 14:50:25-root-app.py-[line:39]-INFO-[日志信息]: /api/login
Wed, 03 Aug 2022 14:50:25-root-app.py-[line:64]-INFO-[日志信息]: reuquest api:/api/login
Wed, 03 Aug 2022 14:50:33-root-app.py-[line:39]-INFO-[日志信息]: /api/login
Wed, 03 Aug 2022 14:50:33-root-app.py-[line:64]-INFO-[日志信息]: reuquest api:/api/login
Wed, 03 Aug 2022 14:50:34-root-app.py-[line:39]-INFO-[日志信息]: /api/login
Wed, 03 Aug 2022 14:50:34-root-app.py-[line:64]-INFO-[日志信息]: reuquest api:/api/login
Wed, 03 Aug 2022 14:51:05-root-app.py-[line:39]-INFO-[日志信息]: /api/login
Wed, 03 Aug 2022 14:51:05-root-app.py-[line:64]-INFO-[日志信息]: reuquest api:/api/login
Wed, 03 Aug 2022 14:51:34-root-app.py-[line:39]-INFO-[日志信息]: /api/login
Wed, 03 Aug 2022 14:51:34-root-app.py-[line:64]-INFO-[日志信息]: reuquest api:/api/login
Wed, 03 Aug 2022 14:51:40-root-app.py-[line:39]-INFO-[日志信息]: /api/login
Wed, 03 Aug 2022 14:51:40-root-app.py-[line:64]-INFO-[日志信息]: reuquest api:/api/login
Wed, 03 Aug 2022 14:54:00-root-app.py-[line:39]-INFO-[日志信息]: /api/login
Wed, 03 Aug 2022 14:54:00-root-app.py-[line:64]-INFO-[日志信息]: reuquest api:/api/login
Wed, 03 Aug 2022 14:54:17-root-app.py-[line:39]-INFO-[日志信息]: /api/login
Wed, 03 Aug 2022 14:54:17-root-app.py-[line:64]-INFO-[日志信息]: reuquest api:/api/login
Wed, 03 Aug 2022 14:54:38-root-app.py-[line:39]-INFO-[日志信息]: /api/login
Wed, 03 Aug 2022 14:54:38-root-app.py-[line:64]-INFO-[日志信息]: reuquest api:/api/login
Wed, 03 Aug 2022 14:55:55-root-app.py-[line:39]-INFO-[日志信息]: /api/login
Wed, 03 Aug 2022 14:55:55-root-app.py-[line:64]-INFO-[日志信息]: reuquest api:/api/login
Wed, 03 Aug 2022 14:56:02-root-app.py-[line:39]-INFO-[日志信息]: /api/login
Wed, 03 Aug 2022 14:56:02-root-app.py-[line:64]-INFO-[日志信息]: reuquest api:/api/login
Wed, 03 Aug 2022 14:56:12-root-app.py-[line:39]-INFO-[日志信息]: /api/login
Wed, 03 Aug 2022 14:56:12-root-app.py-[line:64]-INFO-[日志信息]: reuquest api:/api/login
Wed, 03 Aug 2022 14:58:10-root-app.py-[line:39]-INFO-[日志信息]: /api/login
Wed, 03 Aug 2022 14:58:10-root-app.py-[line:64]-INFO-[日志信息]: reuquest api:/api/login
Wed, 03 Aug 2022 14:58:52-root-app.py-[line:39]-INFO-[日志信息]: /api/login
Wed, 03 Aug 2022 14:58:52-root-app.py-[line:64]-INFO-[日志信息]: reuquest api:/api/login
Wed, 03 Aug 2022 14:59:10-root-app.py-[line:39]-INFO-[日志信息]: /api/login
Wed, 03 Aug 2022 14:59:10-root-app.py-[line:64]-INFO-[日志信息]: reuquest api:/api/login
Wed, 03 Aug 2022 14:59:25-root-app.py-[line:39]-INFO-[日志信息]: /api/login
Wed, 03 Aug 2022 14:59:25-root-app.py-[line:64]-INFO-[日志信息]: reuquest api:/api/login
Wed, 03 Aug 2022 15:03:59-root-app.py-[line:39]-INFO-[日志信息]: /api/login
Wed, 03 Aug 2022 15:03:59-root-app.py-[line:64]-INFO-[日志信息]: reuquest api:/api/login
Wed, 03 Aug 2022 15:06:33-root-app.py-[line:39]-INFO-[日志信息]: /api/login
Wed, 03 Aug 2022 15:06:33-root-app.py-[line:64]-INFO-[日志信息]: reuquest api:/api/login
Wed, 03 Aug 2022 15:06:37-root-app.py-[line:39]-INFO-[日志信息]: /api/login
Wed, 03 Aug 2022 15:06:37-root-app.py-[line:64]-INFO-[日志信息]: reuquest api:/api/login
Wed, 03 Aug 2022 15:11:04-root-app.py-[line:39]-INFO-[日志信息]: /api/login
Wed, 03 Aug 2022 15:11:04-root-app.py-[line:64]-INFO-[日志信息]: reuquest api:/api/login
Wed, 03 Aug 2022 15:11:08-root-app.py-[line:39]-INFO-[日志信息]: /api/login
Wed, 03 Aug 2022 15:11:08-root-app.py-[line:64]-INFO-[日志信息]: reuquest api:/api/login
Wed, 03 Aug 2022 15:12:13-root-app.py-[line:39]-INFO-[日志信息]: /api/login
Wed, 03 Aug 2022 15:12:13-root-app.py-[line:64]-INFO-[日志信息]: reuquest api:/api/login
Wed, 03 Aug 2022 15:12:20-root-app.py-[line:39]-INFO-[日志信息]: /api/login
Wed, 03 Aug 2022 15:12:20-root-app.py-[line:64]-INFO-[日志信息]: reuquest api:/api/login
Wed, 03 Aug 2022 15:14:34-root-app.py-[line:39]-INFO-[日志信息]: /api/login
Wed, 03 Aug 2022 15:14:34-root-app.py-[line:64]-INFO-[日志信息]: reuquest api:/api/login
Wed, 03 Aug 2022 15:14:38-root-app.py-[line:39]-INFO-[日志信息]: /api/login
Wed, 03 Aug 2022 15:14:38-root-app.py-[line:64]-INFO-[日志信息]: reuquest api:/api/login
Wed, 03 Aug 2022 15:15:17-root-app.py-[line:39]-INFO-[日志信息]: /api/login
Wed, 03 Aug 2022 15:15:17-root-app.py-[line:64]-INFO-[日志信息]: reuquest api:/api/login
Wed, 03 Aug 2022 15:15:21-root-app.py-[line:39]-INFO-[日志信息]: /api/login
Wed, 03 Aug 2022 15:15:21-root-app.py-[line:64]-INFO-[日志信息]: reuquest api:/api/login
Wed, 03 Aug 2022 15:16:21-root-app.py-[line:39]-INFO-[日志信息]: /api/login
Wed, 03 Aug 2022 15:16:21-root-app.py-[line:64]-INFO-[日志信息]: reuquest api:/api/login
Wed, 03 Aug 2022 15:16:25-root-app.py-[line:39]-INFO-[日志信息]: /api/login
Wed, 03 Aug 2022 15:16:25-root-app.py-[line:64]-INFO-[日志信息]: reuquest api:/api/login
Wed, 03 Aug 2022 17:58:57-root-app.py-[line:39]-INFO-[日志信息]: /api/login
Wed, 03 Aug 2022 17:58:57-root-app.py-[line:64]-INFO-[日志信息]: reuquest api:/api/login
Wed, 03 Aug 2022 18:00:17-root-app.py-[line:39]-INFO-[日志信息]: /api/login
Wed, 03 Aug 2022 18:00:17-root-app.py-[line:64]-INFO-[日志信息]: reuquest api:/api/login
Wed, 03 Aug 2022 18:05:43-root-app.py-[line:39]-INFO-[日志信息]: /api/login
Wed, 03 Aug 2022 18:05:43-root-app.py-[line:64]-INFO-[日志信息]: reuquest api:/api/login
Wed, 03 Aug 2022 18:06:38-root-app.py-[line:39]-INFO-[日志信息]: /api/login
Wed, 03 Aug 2022 18:06:38-root-app.py-[line:64]-INFO-[日志信息]: reuquest api:/api/login
Wed, 03 Aug 2022 18:07:46-root-app.py-[line:39]-INFO-[日志信息]: /api/login
Wed, 03 Aug 2022 18:07:46-root-app.py-[line:64]-INFO-[日志信息]: reuquest api:/api/login
Wed, 03 Aug 2022 18:10:35-root-app.py-[line:39]-INFO-[日志信息]: /api/login
Wed, 03 Aug 2022 18:10:35-root-app.py-[line:64]-INFO-[日志信息]: reuquest api:/api/login
Wed, 03 Aug 2022 18:11:23-root-app.py-[line:39]-INFO-[日志信息]: /api/login
Wed, 03 Aug 2022 18:11:23-root-app.py-[line:64]-INFO-[日志信息]: reuquest api:/api/login
Wed, 03 Aug 2022 18:16:40-root-app.py-[line:39]-INFO-[日志信息]: /api/login
Wed, 03 Aug 2022 18:16:40-root-app.py-[line:64]-INFO-[日志信息]: reuquest api:/api/login
Wed, 03 Aug 2022 18:18:05-root-app.py-[line:39]-INFO-[日志信息]: /api/login
Wed, 03 Aug 2022 18:18:05-root-app.py-[line:64]-INFO-[日志信息]: reuquest api:/api/login
Wed, 03 Aug 2022 18:21:44-root-app.py-[line:39]-INFO-[日志信息]: /api/login
Wed, 03 Aug 2022 18:21:44-root-app.py-[line:64]-INFO-[日志信息]: reuquest api:/api/login
Wed, 03 Aug 2022 18:22:59-root-app.py-[line:39]-INFO-[日志信息]: /api/login
Wed, 03 Aug 2022 18:22:59-root-app.py-[line:64]-INFO-[日志信息]: reuquest api:/api/login
Wed, 03 Aug 2022 18:23:58-root-app.py-[line:39]-INFO-[日志信息]: /api/login
Wed, 03 Aug 2022 18:23:58-root-app.py-[line:64]-INFO-[日志信息]: reuquest api:/api/login
Wed, 03 Aug 2022 18:24:38-root-app.py-[line:39]-INFO-[日志信息]: /api/login
Wed, 03 Aug 2022 18:24:38-root-app.py-[line:64]-INFO-[日志信息]: reuquest api:/api/login
Wed, 03 Aug 2022 18:25:14-root-app.py-[line:39]-INFO-[日志信息]: /api/login
Wed, 03 Aug 2022 18:25:14-root-app.py-[line:64]-INFO-[日志信息]: reuquest api:/api/login
Wed, 03 Aug 2022 18:26:31-root-app.py-[line:39]-INFO-[日志信息]: /api/login
Wed, 03 Aug 2022 18:26:31-root-app.py-[line:64]-INFO-[日志信息]: reuquest api:/api/login
Wed, 03 Aug 2022 18:27:30-root-app.py-[line:39]-INFO-[日志信息]: /api/login
Wed, 03 Aug 2022 18:27:30-root-app.py-[line:64]-INFO-[日志信息]: reuquest api:/api/login
Wed, 03 Aug 2022 18:29:00-root-app.py-[line:39]-INFO-[日志信息]: /api/login
Wed, 03 Aug 2022 18:29:00-root-app.py-[line:64]-INFO-[日志信息]: reuquest api:/api/login
Wed, 03 Aug 2022 18:29:39-root-app.py-[line:39]-INFO-[日志信息]: /api/login
Wed, 03 Aug 2022 18:29:39-root-app.py-[line:64]-INFO-[日志信息]: reuquest api:/api/login
Wed, 03 Aug 2022 18:32:30-root-app.py-[line:39]-INFO-[日志信息]: /api/login
Wed, 03 Aug 2022 18:32:30-root-app.py-[line:64]-INFO-[日志信息]: reuquest api:/api/login
Wed, 03 Aug 2022 18:36:43-root-app.py-[line:39]-INFO-[日志信息]: /api/login
Wed, 03 Aug 2022 18:36:43-root-app.py-[line:64]-INFO-[日志信息]: reuquest api:/api/login
Wed, 03 Aug 2022 18:38:51-root-app.py-[line:39]-INFO-[日志信息]: /api/login
Wed, 03 Aug 2022 18:38:51-root-app.py-[line:64]-INFO-[日志信息]: reuquest api:/api/login
Wed, 03 Aug 2022 18:39:55-root-app.py-[line:39]-INFO-[日志信息]: /api/login
Wed, 03 Aug 2022 18:39:55-root-app.py-[line:64]-INFO-[日志信息]: reuquest api:/api/login
Wed, 03 Aug 2022 18:40:37-root-app.py-[line:39]-INFO-[日志信息]: /api/login
Wed, 03 Aug 2022 18:40:37-root-app.py-[line:64]-INFO-[日志信息]: reuquest api:/api/login
Wed, 03 Aug 2022 18:43:17-root-app.py-[line:39]-INFO-[日志信息]: /api/login
Wed, 03 Aug 2022 18:43:17-root-app.py-[line:64]-INFO-[日志信息]: reuquest api:/api/login
Wed, 03 Aug 2022 18:43:31-root-app.py-[line:39]-INFO-[日志信息]: /api/login
Wed, 03 Aug 2022 18:43:31-root-app.py-[line:64]-INFO-[日志信息]: reuquest api:/api/login
Wed, 03 Aug 2022 18:46:11-root-app.py-[line:39]-INFO-[日志信息]: /api/login
Wed, 03 Aug 2022 18:46:11-root-app.py-[line:64]-INFO-[日志信息]: reuquest api:/api/login
Wed, 03 Aug 2022 18:48:53-root-app.py-[line:39]-INFO-[日志信息]: /api/login
Wed, 03 Aug 2022 18:48:53-root-app.py-[line:64]-INFO-[日志信息]: reuquest api:/api/login
Wed, 03 Aug 2022 18:51:21-root-app.py-[line:39]-INFO-[日志信息]: /api/login
Wed, 03 Aug 2022 18:51:21-root-app.py-[line:64]-INFO-[日志信息]: reuquest api:/api/login
Wed, 03 Aug 2022 18:54:50-root-app.py-[line:39]-INFO-[日志信息]: /api/login
Wed, 03 Aug 2022 18:54:50-root-app.py-[line:64]-INFO-[日志信息]: reuquest api:/api/login
Wed, 03 Aug 2022 18:56:41-root-app.py-[line:39]-INFO-[日志信息]: /api/login
Wed, 03 Aug 2022 18:56:41-root-app.py-[line:64]-INFO-[日志信息]: reuquest api:/api/login
Wed, 03 Aug 2022 18:57:39-root-app.py-[line:39]-INFO-[日志信息]: /api/login
Wed, 03 Aug 2022 18:57:39-root-app.py-[line:64]-INFO-[日志信息]: reuquest api:/api/login
Wed, 03 Aug 2022 19:02:12-root-app.py-[line:39]-INFO-[日志信息]: /api/login
Wed, 03 Aug 2022 19:02:12-root-app.py-[line:64]-INFO-[日志信息]: reuquest api:/api/login
Wed, 03 Aug 2022 19:03:48-root-app.py-[line:39]-INFO-[日志信息]: /api/login
Wed, 03 Aug 2022 19:03:48-root-app.py-[line:64]-INFO-[日志信息]: reuquest api:/api/login
Wed, 03 Aug 2022 19:06:26-root-app.py-[line:39]-INFO-[日志信息]: /api/login
Wed, 03 Aug 2022 19:06:26-root-app.py-[line:64]-INFO-[日志信息]: reuquest api:/api/login
Wed, 03 Aug 2022 19:07:56-root-app.py-[line:39]-INFO-[日志信息]: /api/login
Wed, 03 Aug 2022 19:07:56-root-app.py-[line:64]-INFO-[日志信息]: reuquest api:/api/login
Wed, 03 Aug 2022 19:08:33-root-app.py-[line:39]-INFO-[日志信息]: /api/login
Wed, 03 Aug 2022 19:08:33-root-app.py-[line:64]-INFO-[日志信息]: reuquest api:/api/login
Wed, 03 Aug 2022 19:09:17-root-app.py-[line:39]-INFO-[日志信息]: /api/login
Wed, 03 Aug 2022 19:09:17-root-app.py-[line:64]-INFO-[日志信息]: reuquest api:/api/login
Wed, 03 Aug 2022 19:10:10-root-app.py-[line:39]-INFO-[日志信息]: /api/login
Wed, 03 Aug 2022 19:10:10-root-app.py-[line:64]-INFO-[日志信息]: reuquest api:/api/login
Wed, 03 Aug 2022 20:32:38-root-app.py-[line:39]-INFO-[日志信息]: /api/login
Wed, 03 Aug 2022 20:32:38-root-app.py-[line:64]-INFO-[日志信息]: reuquest api:/api/login
Wed, 03 Aug 2022 20:37:11-root-app.py-[line:39]-INFO-[日志信息]: /api/login
Wed, 03 Aug 2022 20:37:11-root-app.py-[line:64]-INFO-[日志信息]: reuquest api:/api/login
Wed, 03 Aug 2022 20:42:39-root-app.py-[line:39]-INFO-[日志信息]: /api/login
Wed, 03 Aug 2022 20:42:39-root-app.py-[line:64]-INFO-[日志信息]: reuquest api:/api/login
Wed, 03 Aug 2022 21:18:15-root-app.py-[line:39]-INFO-[日志信息]: /api/login
Wed, 03 Aug 2022 21:18:15-root-app.py-[line:64]-INFO-[日志信息]: reuquest api:/api/login
Thu, 04 Aug 2022 16:18:42-root-app.py-[line:39]-INFO-[日志信息]: /api/login
Thu, 04 Aug 2022 16:18:42-root-app.py-[line:64]-INFO-[日志信息]: reuquest api:/api/login
Thu, 04 Aug 2022 16:20:20-root-app.py-[line:39]-INFO-[日志信息]: /api/login
Thu, 04 Aug 2022 16:20:20-root-app.py-[line:64]-INFO-[日志信息]: reuquest api:/api/login
Thu, 04 Aug 2022 16:21:22-root-app.py-[line:39]-INFO-[日志信息]: /api/login
Thu, 04 Aug 2022 16:21:22-root-app.py-[line:64]-INFO-[日志信息]: reuquest api:/api/login
Thu, 04 Aug 2022 16:44:50-root-app.py-[line:39]-INFO-[日志信息]: /api/login
Thu, 04 Aug 2022 16:44:50-root-app.py-[line:64]-INFO-[日志信息]: reuquest api:/api/login
Thu, 04 Aug 2022 17:50:00-root-app.py-[line:39]-INFO-[日志信息]: /api/login
Thu, 04 Aug 2022 17:50:00-root-app.py-[line:64]-INFO-[日志信息]: reuquest api:/api/login
Thu, 04 Aug 2022 17:50:33-root-app.py-[line:39]-INFO-[日志信息]: /api/login
Thu, 04 Aug 2022 17:50:33-root-app.py-[line:64]-INFO-[日志信息]: reuquest api:/api/login
Thu, 04 Aug 2022 17:52:24-root-app.py-[line:39]-INFO-[日志信息]: /api/login
Thu, 04 Aug 2022 17:52:24-root-app.py-[line:64]-INFO-[日志信息]: reuquest api:/api/login
Thu, 04 Aug 2022 17:53:17-root-app.py-[line:39]-INFO-[日志信息]: /api/login
Thu, 04 Aug 2022 17:53:17-root-app.py-[line:64]-INFO-[日志信息]: reuquest api:/api/login
Thu, 04 Aug 2022 17:53:42-root-app.py-[line:39]-INFO-[日志信息]: /api/login
Thu, 04 Aug 2022 17:53:42-root-app.py-[line:64]-INFO-[日志信息]: reuquest api:/api/login
Thu, 04 Aug 2022 17:54:27-root-app.py-[line:39]-INFO-[日志信息]: /api/login
Thu, 04 Aug 2022 17:54:27-root-app.py-[line:64]-INFO-[日志信息]: reuquest api:/api/login
Thu, 04 Aug 2022 17:56:13-root-app.py-[line:39]-INFO-[日志信息]: /api/login
Thu, 04 Aug 2022 17:56:13-root-app.py-[line:64]-INFO-[日志信息]: reuquest api:/api/login
Thu, 04 Aug 2022 17:57:45-root-app.py-[line:39]-INFO-[日志信息]: /api/login
Thu, 04 Aug 2022 17:57:45-root-app.py-[line:64]-INFO-[日志信息]: reuquest api:/api/login
Thu, 04 Aug 2022 18:00:21-root-app.py-[line:39]-INFO-[日志信息]: /api/login
Thu, 04 Aug 2022 18:00:21-root-app.py-[line:64]-INFO-[日志信息]: reuquest api:/api/login
Thu, 04 Aug 2022 18:03:02-root-app.py-[line:39]-INFO-[日志信息]: /api/login
Thu, 04 Aug 2022 18:03:02-root-app.py-[line:64]-INFO-[日志信息]: reuquest api:/api/login
Thu, 04 Aug 2022 18:05:17-root-app.py-[line:39]-INFO-[日志信息]: /api/login
Thu, 04 Aug 2022 18:05:17-root-app.py-[line:64]-INFO-[日志信息]: reuquest api:/api/login
Thu, 04 Aug 2022 18:05:55-root-app.py-[line:39]-INFO-[日志信息]: /api/login
Thu, 04 Aug 2022 18:05:55-root-app.py-[line:64]-INFO-[日志信息]: reuquest api:/api/login
Thu, 04 Aug 2022 18:17:50-root-app.py-[line:39]-INFO-[日志信息]: /api/login
Thu, 04 Aug 2022 18:17:50-root-app.py-[line:64]-INFO-[日志信息]: reuquest api:/api/login
Thu, 04 Aug 2022 18:18:16-root-app.py-[line:39]-INFO-[日志信息]: /api/login
Thu, 04 Aug 2022 18:18:16-root-app.py-[line:64]-INFO-[日志信息]: reuquest api:/api/login
Thu, 04 Aug 2022 18:19:10-root-app.py-[line:39]-INFO-[日志信息]: /api/login
Thu, 04 Aug 2022 18:19:10-root-app.py-[line:64]-INFO-[日志信息]: reuquest api:/api/login
Thu, 04 Aug 2022 18:20:25-root-app.py-[line:39]-INFO-[日志信息]: /api/login
Thu, 04 Aug 2022 18:20:25-root-app.py-[line:64]-INFO-[日志信息]: reuquest api:/api/login
Thu, 04 Aug 2022 18:23:24-root-app.py-[line:39]-INFO-[日志信息]: /api/login
Thu, 04 Aug 2022 18:23:24-root-app.py-[line:64]-INFO-[日志信息]: reuquest api:/api/login
Thu, 04 Aug 2022 18:43:56-root-app.py-[line:39]-INFO-[日志信息]: /api/login
Thu, 04 Aug 2022 18:43:56-root-app.py-[line:64]-INFO-[日志信息]: reuquest api:/api/login
Thu, 04 Aug 2022 18:46:41-root-app.py-[line:39]-INFO-[日志信息]: /api/login
Thu, 04 Aug 2022 18:46:41-root-app.py-[line:64]-INFO-[日志信息]: reuquest api:/api/login
Thu, 04 Aug 2022 18:48:37-root-app.py-[line:39]-INFO-[日志信息]: /api/login
Thu, 04 Aug 2022 18:48:37-root-app.py-[line:64]-INFO-[日志信息]: reuquest api:/api/login
Thu, 04 Aug 2022 18:55:28-root-app.py-[line:39]-INFO-[日志信息]: /api/login
Thu, 04 Aug 2022 18:55:28-root-app.py-[line:64]-INFO-[日志信息]: reuquest api:/api/login
Thu, 04 Aug 2022 19:05:17-root-app.py-[line:39]-INFO-[日志信息]: /api/login
Thu, 04 Aug 2022 19:05:17-root-app.py-[line:64]-INFO-[日志信息]: reuquest api:/api/login
Thu, 04 Aug 2022 19:05:33-root-app.py-[line:39]-INFO-[日志信息]: /api/login
Thu, 04 Aug 2022 19:05:33-root-app.py-[line:64]-INFO-[日志信息]: reuquest api:/api/login
Thu, 04 Aug 2022 19:06:09-root-app.py-[line:39]-INFO-[日志信息]: /api/login
Thu, 04 Aug 2022 19:06:09-root-app.py-[line:64]-INFO-[日志信息]: reuquest api:/api/login
Thu, 04 Aug 2022 19:07:22-root-app.py-[line:39]-INFO-[日志信息]: /api/login
Thu, 04 Aug 2022 19:07:22-root-app.py-[line:64]-INFO-[日志信息]: reuquest api:/api/login
Thu, 04 Aug 2022 19:21:15-root-app.py-[line:39]-INFO-[日志信息]: /api/login
Thu, 04 Aug 2022 19:21:15-root-app.py-[line:64]-INFO-[日志信息]: reuquest api:/api/login
Thu, 04 Aug 2022 19:24:08-root-app.py-[line:39]-INFO-[日志信息]: /api/login
Thu, 04 Aug 2022 19:24:08-root-app.py-[line:64]-INFO-[日志信息]: reuquest api:/api/login
Thu, 04 Aug 2022 19:26:46-root-app.py-[line:39]-INFO-[日志信息]: /api/login
Thu, 04 Aug 2022 19:26:46-root-app.py-[line:64]-INFO-[日志信息]: reuquest api:/api/login
Thu, 04 Aug 2022 19:28:16-root-app.py-[line:39]-INFO-[日志信息]: /api/login
Thu, 04 Aug 2022 19:28:16-root-app.py-[line:64]-INFO-[日志信息]: reuquest api:/api/login
Thu, 04 Aug 2022 19:28:53-root-app.py-[line:39]-INFO-[日志信息]: /api/login
Thu, 04 Aug 2022 19:28:53-root-app.py-[line:64]-INFO-[日志信息]: reuquest api:/api/login
Thu, 04 Aug 2022 19:29:36-root-app.py-[line:39]-INFO-[日志信息]: /api/login
Thu, 04 Aug 2022 19:29:36-root-app.py-[line:64]-INFO-[日志信息]: reuquest api:/api/login
Thu, 04 Aug 2022 19:59:01-root-app.py-[line:39]-INFO-[日志信息]: /api/login
Thu, 04 Aug 2022 19:59:01-root-app.py-[line:64]-INFO-[日志信息]: reuquest api:/api/login
Thu, 04 Aug 2022 20:04:07-root-app.py-[line:39]-INFO-[日志信息]: /api/login
Thu, 04 Aug 2022 20:04:07-root-app.py-[line:64]-INFO-[日志信息]: reuquest api:/api/login
Thu, 04 Aug 2022 20:11:34-root-app.py-[line:39]-INFO-[日志信息]: /api/login
Thu, 04 Aug 2022 20:11:34-root-app.py-[line:64]-INFO-[日志信息]: reuquest api:/api/login
Thu, 04 Aug 2022 20:16:44-root-app.py-[line:39]-INFO-[日志信息]: /api/login
Thu, 04 Aug 2022 20:16:44-root-app.py-[line:64]-INFO-[日志信息]: reuquest api:/api/login
Thu, 04 Aug 2022 20:20:02-root-app.py-[line:39]-INFO-[日志信息]: /api/login
Thu, 04 Aug 2022 20:20:02-root-app.py-[line:64]-INFO-[日志信息]: reuquest api:/api/login
Thu, 04 Aug 2022 20:22:13-root-app.py-[line:39]-INFO-[日志信息]: /api/login
Thu, 04 Aug 2022 20:22:13-root-app.py-[line:64]-INFO-[日志信息]: reuquest api:/api/login
Thu, 04 Aug 2022 20:22:20-root-app.py-[line:39]-INFO-[日志信息]: /api/login
Thu, 04 Aug 2022 20:22:20-root-app.py-[line:64]-INFO-[日志信息]: reuquest api:/api/login
Thu, 04 Aug 2022 20:25:51-root-app.py-[line:39]-INFO-[日志信息]: /api/login
Thu, 04 Aug 2022 20:25:51-root-app.py-[line:64]-INFO-[日志信息]: reuquest api:/api/login
Thu, 04 Aug 2022 20:25:54-root-app.py-[line:39]-INFO-[日志信息]: /api/login
Thu, 04 Aug 2022 20:25:54-root-app.py-[line:64]-INFO-[日志信息]: reuquest api:/api/login
Thu, 04 Aug 2022 20:32:02-root-app.py-[line:39]-INFO-[日志信息]: /api/login
Thu, 04 Aug 2022 20:32:02-root-app.py-[line:64]-INFO-[日志信息]: reuquest api:/api/login
Thu, 04 Aug 2022 20:32:08-root-app.py-[line:39]-INFO-[日志信息]: /api/login
Thu, 04 Aug 2022 20:32:08-root-app.py-[line:64]-INFO-[日志信息]: reuquest api:/api/login
Thu, 04 Aug 2022 20:35:02-root-app.py-[line:39]-INFO-[日志信息]: /api/login
Thu, 04 Aug 2022 20:35:02-root-app.py-[line:64]-INFO-[日志信息]: reuquest api:/api/login
Thu, 04 Aug 2022 20:35:07-root-app.py-[line:39]-INFO-[日志信息]: /api/login
Thu, 04 Aug 2022 20:35:07-root-app.py-[line:64]-INFO-[日志信息]: reuquest api:/api/login
Thu, 04 Aug 2022 21:11:50-root-app.py-[line:39]-INFO-[日志信息]: /api/login
Thu, 04 Aug 2022 21:11:50-root-app.py-[line:64]-INFO-[日志信息]: reuquest api:/api/login
Thu, 04 Aug 2022 21:16:07-root-app.py-[line:39]-INFO-[日志信息]: /api/login
Thu, 04 Aug 2022 21:16:07-root-app.py-[line:64]-INFO-[日志信息]: reuquest api:/api/login
Thu, 04 Aug 2022 21:18:26-root-app.py-[line:39]-INFO-[日志信息]: /api/login
Thu, 04 Aug 2022 21:18:26-root-app.py-[line:64]-INFO-[日志信息]: reuquest api:/api/login
Thu, 04 Aug 2022 21:22:52-root-app.py-[line:39]-INFO-[日志信息]: /api/login
Thu, 04 Aug 2022 21:22:52-root-app.py-[line:64]-INFO-[日志信息]: reuquest api:/api/login
Thu, 04 Aug 2022 21:24:03-root-app.py-[line:39]-INFO-[日志信息]: /api/login
Thu, 04 Aug 2022 21:24:03-root-app.py-[line:64]-INFO-[日志信息]: reuquest api:/api/login
Thu, 04 Aug 2022 21:32:10-root-app.py-[line:39]-INFO-[日志信息]: /api/login
Thu, 04 Aug 2022 21:32:10-root-app.py-[line:64]-INFO-[日志信息]: reuquest api:/api/login
Thu, 04 Aug 2022 21:33:22-root-app.py-[line:39]-INFO-[日志信息]: /api/login
Thu, 04 Aug 2022 21:33:22-root-app.py-[line:64]-INFO-[日志信息]: reuquest api:/api/login
Thu, 04 Aug 2022 21:36:21-root-app.py-[line:39]-INFO-[日志信息]: /api/login
Thu, 04 Aug 2022 21:36:21-root-app.py-[line:64]-INFO-[日志信息]: reuquest api:/api/login
Thu, 04 Aug 2022 21:41:10-root-app.py-[line:39]-INFO-[日志信息]: /api/login
Thu, 04 Aug 2022 21:41:10-root-app.py-[line:64]-INFO-[日志信息]: reuquest api:/api/login
Thu, 04 Aug 2022 21:44:26-root-app.py-[line:39]-INFO-[日志信息]: /api/login
Thu, 04 Aug 2022 21:44:26-root-app.py-[line:64]-INFO-[日志信息]: reuquest api:/api/login
Thu, 04 Aug 2022 21:46:56-root-app.py-[line:39]-INFO-[日志信息]: /api/login
Thu, 04 Aug 2022 21:46:56-root-app.py-[line:64]-INFO-[日志信息]: reuquest api:/api/login
Thu, 04 Aug 2022 21:48:00-root-app.py-[line:39]-INFO-[日志信息]: /api/login
Thu, 04 Aug 2022 21:48:00-root-app.py-[line:64]-INFO-[日志信息]: reuquest api:/api/login
Thu, 04 Aug 2022 21:48:45-root-app.py-[line:39]-INFO-[日志信息]: /api/login
Thu, 04 Aug 2022 21:48:45-root-app.py-[line:64]-INFO-[日志信息]: reuquest api:/api/login
Thu, 04 Aug 2022 21:50:19-root-app.py-[line:39]-INFO-[日志信息]: /api/login
Thu, 04 Aug 2022 21:50:19-root-app.py-[line:64]-INFO-[日志信息]: reuquest api:/api/login
Thu, 04 Aug 2022 21:50:42-root-app.py-[line:39]-INFO-[日志信息]: /api/login
Thu, 04 Aug 2022 21:50:42-root-app.py-[line:64]-INFO-[日志信息]: reuquest api:/api/login
Thu, 04 Aug 2022 21:54:23-root-app.py-[line:39]-INFO-[日志信息]: /api/login
Thu, 04 Aug 2022 21:54:23-root-app.py-[line:64]-INFO-[日志信息]: reuquest api:/api/login
Thu, 04 Aug 2022 21:54:46-root-app.py-[line:39]-INFO-[日志信息]: /api/login
Thu, 04 Aug 2022 21:54:46-root-app.py-[line:64]-INFO-[日志信息]: reuquest api:/api/login
Thu, 04 Aug 2022 21:55:01-root-app.py-[line:39]-INFO-[日志信息]: /api/login
Thu, 04 Aug 2022 21:55:02-root-app.py-[line:64]-INFO-[日志信息]: reuquest api:/api/login
Thu, 04 Aug 2022 22:11:36-root-app.py-[line:39]-INFO-[日志信息]: /api/login
Thu, 04 Aug 2022 22:11:36-root-app.py-[line:64]-INFO-[日志信息]: reuquest api:/api/login
Thu, 04 Aug 2022 22:12:11-root-app.py-[line:39]-INFO-[日志信息]: /api/login
Thu, 04 Aug 2022 22:12:11-root-app.py-[line:64]-INFO-[日志信息]: reuquest api:/api/login
Thu, 04 Aug 2022 22:16:18-root-app.py-[line:39]-INFO-[日志信息]: /api/login
Thu, 04 Aug 2022 22:16:18-root-app.py-[line:64]-INFO-[日志信息]: reuquest api:/api/login
Thu, 04 Aug 2022 22:17:18-root-app.py-[line:39]-INFO-[日志信息]: /api/login
Thu, 04 Aug 2022 22:17:18-root-app.py-[line:64]-INFO-[日志信息]: reuquest api:/api/login
Thu, 04 Aug 2022 22:18:41-root-app.py-[line:39]-INFO-[日志信息]: /api/login
Thu, 04 Aug 2022 22:18:41-root-app.py-[line:64]-INFO-[日志信息]: reuquest api:/api/login
Thu, 04 Aug 2022 22:26:00-root-app.py-[line:39]-INFO-[日志信息]: /api/login
Thu, 04 Aug 2022 22:26:00-root-app.py-[line:64]-INFO-[日志信息]: reuquest api:/api/login
Thu, 04 Aug 2022 22:31:57-root-app.py-[line:39]-INFO-[日志信息]: /api/login
Thu, 04 Aug 2022 22:31:57-root-app.py-[line:64]-INFO-[日志信息]: reuquest api:/api/login
Thu, 04 Aug 2022 22:39:53-root-app.py-[line:39]-INFO-[日志信息]: /api/login
Thu, 04 Aug 2022 22:39:53-root-app.py-[line:64]-INFO-[日志信息]: reuquest api:/api/login
Thu, 04 Aug 2022 22:40:41-root-app.py-[line:39]-INFO-[日志信息]: /api/login
Thu, 04 Aug 2022 22:40:41-root-app.py-[line:64]-INFO-[日志信息]: reuquest api:/api/login
Thu, 04 Aug 2022 22:41:23-root-app.py-[line:39]-INFO-[日志信息]: /api/login
Thu, 04 Aug 2022 22:41:23-root-app.py-[line:64]-INFO-[日志信息]: reuquest api:/api/login
Thu, 04 Aug 2022 22:43:03-root-app.py-[line:39]-INFO-[日志信息]: /api/login
Thu, 04 Aug 2022 22:43:03-root-app.py-[line:64]-INFO-[日志信息]: reuquest api:/api/login
Thu, 04 Aug 2022 22:45:24-root-app.py-[line:39]-INFO-[日志信息]: /api/login
Thu, 04 Aug 2022 22:45:24-root-app.py-[line:64]-INFO-[日志信息]: reuquest api:/api/login
Thu, 04 Aug 2022 22:46:29-root-app.py-[line:39]-INFO-[日志信息]: /api/login
Thu, 04 Aug 2022 22:46:29-root-app.py-[line:64]-INFO-[日志信息]: reuquest api:/api/login
Thu, 04 Aug 2022 22:48:09-root-app.py-[line:39]-INFO-[日志信息]: /api/login
Thu, 04 Aug 2022 22:48:09-root-app.py-[line:64]-INFO-[日志信息]: reuquest api:/api/login
Thu, 04 Aug 2022 22:48:46-root-app.py-[line:39]-INFO-[日志信息]: /api/login
Thu, 04 Aug 2022 22:48:46-root-app.py-[line:64]-INFO-[日志信息]: reuquest api:/api/login
Thu, 04 Aug 2022 22:49:33-root-app.py-[line:39]-INFO-[日志信息]: /api/login
Thu, 04 Aug 2022 22:49:33-root-app.py-[line:64]-INFO-[日志信息]: reuquest api:/api/login
Thu, 04 Aug 2022 22:52:47-root-app.py-[line:39]-INFO-[日志信息]: /api/login
Thu, 04 Aug 2022 22:52:47-root-app.py-[line:64]-INFO-[日志信息]: reuquest api:/api/login
Thu, 04 Aug 2022 22:53:13-root-app.py-[line:39]-INFO-[日志信息]: /api/login
Thu, 04 Aug 2022 22:53:13-root-app.py-[line:64]-INFO-[日志信息]: reuquest api:/api/login
Thu, 04 Aug 2022 22:54:18-root-app.py-[line:39]-INFO-[日志信息]: /api/login
Thu, 04 Aug 2022 22:54:18-root-app.py-[line:64]-INFO-[日志信息]: reuquest api:/api/login
Thu, 04 Aug 2022 22:55:44-root-app.py-[line:39]-INFO-[日志信息]: /api/login
Thu, 04 Aug 2022 22:55:44-root-app.py-[line:64]-INFO-[日志信息]: reuquest api:/api/login
Thu, 04 Aug 2022 22:56:14-root-app.py-[line:39]-INFO-[日志信息]: /api/login
Thu, 04 Aug 2022 22:56:14-root-app.py-[line:64]-INFO-[日志信息]: reuquest api:/api/login
Thu, 04 Aug 2022 22:58:19-root-app.py-[line:39]-INFO-[日志信息]: /api/login
Thu, 04 Aug 2022 22:58:19-root-app.py-[line:64]-INFO-[日志信息]: reuquest api:/api/login
Thu, 04 Aug 2022 23:03:48-root-app.py-[line:39]-INFO-[日志信息]: /api/login
Thu, 04 Aug 2022 23:03:48-root-app.py-[line:64]-INFO-[日志信息]: reuquest api:/api/login
Thu, 04 Aug 2022 23:04:56-root-app.py-[line:39]-INFO-[日志信息]: /api/login
Thu, 04 Aug 2022 23:04:56-root-app.py-[line:64]-INFO-[日志信息]: reuquest api:/api/login
Thu, 04 Aug 2022 23:06:23-root-app.py-[line:39]-INFO-[日志信息]: /api/login
Thu, 04 Aug 2022 23:06:23-root-app.py-[line:64]-INFO-[日志信息]: reuquest api:/api/login
Thu, 04 Aug 2022 23:09:28-root-app.py-[line:39]-INFO-[日志信息]: /api/login
Thu, 04 Aug 2022 23:09:28-root-app.py-[line:64]-INFO-[日志信息]: reuquest api:/api/login
Thu, 04 Aug 2022 23:12:08-root-app.py-[line:39]-INFO-[日志信息]: /api/login
Thu, 04 Aug 2022 23:12:08-root-app.py-[line:64]-INFO-[日志信息]: reuquest api:/api/login
Thu, 04 Aug 2022 23:13:27-root-app.py-[line:39]-INFO-[日志信息]: /api/login
Thu, 04 Aug 2022 23:13:27-root-app.py-[line:64]-INFO-[日志信息]: reuquest api:/api/login
Thu, 04 Aug 2022 23:16:07-root-app.py-[line:39]-INFO-[日志信息]: /api/login
Thu, 04 Aug 2022 23:16:07-root-app.py-[line:64]-INFO-[日志信息]: reuquest api:/api/login
Fri, 05 Aug 2022 09:51:00-root-app.py-[line:39]-INFO-[日志信息]: /api/login
Fri, 05 Aug 2022 09:51:00-root-app.py-[line:64]-INFO-[日志信息]: reuquest api:/api/login
Fri, 05 Aug 2022 09:53:00-root-app.py-[line:39]-INFO-[日志信息]: /api/login
Fri, 05 Aug 2022 09:53:00-root-app.py-[line:64]-INFO-[日志信息]: reuquest api:/api/login
Fri, 05 Aug 2022 09:53:28-root-app.py-[line:39]-INFO-[日志信息]: /api/login
Fri, 05 Aug 2022 09:53:28-root-app.py-[line:64]-INFO-[日志信息]: reuquest api:/api/login
Fri, 05 Aug 2022 10:03:10-root-app.py-[line:39]-INFO-[日志信息]: /api/login
Fri, 05 Aug 2022 10:03:10-root-app.py-[line:64]-INFO-[日志信息]: reuquest api:/api/login
Fri, 05 Aug 2022 10:07:48-root-app.py-[line:39]-INFO-[日志信息]: /api/login
Fri, 05 Aug 2022 10:07:48-root-app.py-[line:64]-INFO-[日志信息]: reuquest api:/api/login
Fri, 05 Aug 2022 10:10:09-root-app.py-[line:39]-INFO-[日志信息]: /api/login
Fri, 05 Aug 2022 10:10:09-root-app.py-[line:64]-INFO-[日志信息]: reuquest api:/api/login
Fri, 05 Aug 2022 10:11:28-root-app.py-[line:39]-INFO-[日志信息]: /api/login
Fri, 05 Aug 2022 10:11:28-root-app.py-[line:64]-INFO-[日志信息]: reuquest api:/api/login
Fri, 05 Aug 2022 10:36:30-root-app.py-[line:39]-INFO-[日志信息]: /api/login
Fri, 05 Aug 2022 10:36:30-root-app.py-[line:64]-INFO-[日志信息]: reuquest api:/api/login
Fri, 05 Aug 2022 10:37:14-root-app.py-[line:39]-INFO-[日志信息]: /api/login
Fri, 05 Aug 2022 10:37:14-root-app.py-[line:64]-INFO-[日志信息]: reuquest api:/api/login
Fri, 05 Aug 2022 10:38:29-root-app.py-[line:39]-INFO-[日志信息]: /api/login
Fri, 05 Aug 2022 10:38:29-root-app.py-[line:64]-INFO-[日志信息]: reuquest api:/api/login
Fri, 05 Aug 2022 10:39:04-root-app.py-[line:39]-INFO-[日志信息]: /api/login
Fri, 05 Aug 2022 10:39:04-root-app.py-[line:64]-INFO-[日志信息]: reuquest api:/api/login
Fri, 05 Aug 2022 10:39:34-root-app.py-[line:39]-INFO-[日志信息]: /api/login
Fri, 05 Aug 2022 10:39:34-root-app.py-[line:64]-INFO-[日志信息]: reuquest api:/api/login
Fri, 05 Aug 2022 10:43:13-root-app.py-[line:39]-INFO-[日志信息]: /api/login
Fri, 05 Aug 2022 10:43:13-root-app.py-[line:64]-INFO-[日志信息]: reuquest api:/api/login
Fri, 05 Aug 2022 10:43:28-root-app.py-[line:39]-INFO-[日志信息]: /api/login
Fri, 05 Aug 2022 10:43:28-root-app.py-[line:64]-INFO-[日志信息]: reuquest api:/api/login
Fri, 05 Aug 2022 10:46:40-root-app.py-[line:39]-INFO-[日志信息]: /api/login
Fri, 05 Aug 2022 10:46:40-root-app.py-[line:64]-INFO-[日志信息]: reuquest api:/api/login
Fri, 05 Aug 2022 10:47:38-root-app.py-[line:39]-INFO-[日志信息]: /api/login
Fri, 05 Aug 2022 10:47:38-root-app.py-[line:64]-INFO-[日志信息]: reuquest api:/api/login
Fri, 05 Aug 2022 10:48:09-root-app.py-[line:39]-INFO-[日志信息]: /api/login
Fri, 05 Aug 2022 10:48:09-root-app.py-[line:64]-INFO-[日志信息]: reuquest api:/api/login
Fri, 05 Aug 2022 10:49:37-root-app.py-[line:39]-INFO-[日志信息]: /api/login
Fri, 05 Aug 2022 10:49:37-root-app.py-[line:64]-INFO-[日志信息]: reuquest api:/api/login
Fri, 05 Aug 2022 11:18:29-root-app.py-[line:39]-INFO-[日志信息]: /api/login
Fri, 05 Aug 2022 11:18:29-root-app.py-[line:64]-INFO-[日志信息]: reuquest api:/api/login
Fri, 05 Aug 2022 11:18:59-root-app.py-[line:39]-INFO-[日志信息]: /api/login
Fri, 05 Aug 2022 11:18:59-root-app.py-[line:64]-INFO-[日志信息]: reuquest api:/api/login
Fri, 05 Aug 2022 11:22:16-root-app.py-[line:39]-INFO-[日志信息]: /api/login
Fri, 05 Aug 2022 11:22:16-root-app.py-[line:64]-INFO-[日志信息]: reuquest api:/api/login
Fri, 05 Aug 2022 12:19:02-root-app.py-[line:39]-INFO-[日志信息]: /api/login
Fri, 05 Aug 2022 12:19:02-root-app.py-[line:64]-INFO-[日志信息]: reuquest api:/api/login
Fri, 05 Aug 2022 12:21:44-root-app.py-[line:39]-INFO-[日志信息]: /api/login
Fri, 05 Aug 2022 12:21:44-root-app.py-[line:64]-INFO-[日志信息]: reuquest api:/api/login
Fri, 05 Aug 2022 12:22:40-root-app.py-[line:39]-INFO-[日志信息]: /api/login
Fri, 05 Aug 2022 12:22:40-root-app.py-[line:64]-INFO-[日志信息]: reuquest api:/api/login
Fri, 05 Aug 2022 12:23:26-root-app.py-[line:39]-INFO-[日志信息]: /api/login
Fri, 05 Aug 2022 12:23:26-root-app.py-[line:64]-INFO-[日志信息]: reuquest api:/api/login
Fri, 05 Aug 2022 12:24:51-root-app.py-[line:39]-INFO-[日志信息]: /api/login
Fri, 05 Aug 2022 12:24:51-root-app.py-[line:64]-INFO-[日志信息]: reuquest api:/api/login
Fri, 05 Aug 2022 12:27:10-root-app.py-[line:39]-INFO-[日志信息]: /api/login
Fri, 05 Aug 2022 12:27:10-root-app.py-[line:64]-INFO-[日志信息]: reuquest api:/api/login
Fri, 05 Aug 2022 12:29:12-root-app.py-[line:39]-INFO-[日志信息]: /api/login
Fri, 05 Aug 2022 12:29:12-root-app.py-[line:64]-INFO-[日志信息]: reuquest api:/api/login
Fri, 05 Aug 2022 12:29:19-root-app.py-[line:39]-INFO-[日志信息]: /api/login
Fri, 05 Aug 2022 12:29:19-root-app.py-[line:64]-INFO-[日志信息]: reuquest api:/api/login
Fri, 05 Aug 2022 13:24:10-root-app.py-[line:39]-INFO-[日志信息]: /api/login
Fri, 05 Aug 2022 13:24:10-root-app.py-[line:64]-INFO-[日志信息]: reuquest api:/api/login
Fri, 05 Aug 2022 13:25:48-root-app.py-[line:39]-INFO-[日志信息]: /api/login
Fri, 05 Aug 2022 13:25:48-root-app.py-[line:64]-INFO-[日志信息]: reuquest api:/api/login
Fri, 05 Aug 2022 13:26:26-root-app.py-[line:39]-INFO-[日志信息]: /api/login
Fri, 05 Aug 2022 13:26:26-root-app.py-[line:64]-INFO-[日志信息]: reuquest api:/api/login
Fri, 05 Aug 2022 13:26:55-root-app.py-[line:39]-INFO-[日志信息]: /api/login
Fri, 05 Aug 2022 13:26:55-root-app.py-[line:64]-INFO-[日志信息]: reuquest api:/api/login
Fri, 05 Aug 2022 13:27:20-root-app.py-[line:39]-INFO-[日志信息]: /api/login
Fri, 05 Aug 2022 13:27:20-root-app.py-[line:64]-INFO-[日志信息]: reuquest api:/api/login
Fri, 05 Aug 2022 13:27:30-root-app.py-[line:39]-INFO-[日志信息]: /api/login
Fri, 05 Aug 2022 13:27:30-root-app.py-[line:64]-INFO-[日志信息]: reuquest api:/api/login
Fri, 05 Aug 2022 13:29:51-root-app.py-[line:39]-INFO-[日志信息]: /api/login
Fri, 05 Aug 2022 13:29:51-root-app.py-[line:64]-INFO-[日志信息]: reuquest api:/api/login
Fri, 05 Aug 2022 13:30:09-root-app.py-[line:39]-INFO-[日志信息]: /api/login
Fri, 05 Aug 2022 13:30:09-root-app.py-[line:64]-INFO-[日志信息]: reuquest api:/api/login
Fri, 05 Aug 2022 13:31:38-root-app.py-[line:39]-INFO-[日志信息]: /api/login
Fri, 05 Aug 2022 13:31:38-root-app.py-[line:64]-INFO-[日志信息]: reuquest api:/api/login
Fri, 05 Aug 2022 13:31:51-root-app.py-[line:39]-INFO-[日志信息]: /api/login
Fri, 05 Aug 2022 13:31:51-root-app.py-[line:64]-INFO-[日志信息]: reuquest api:/api/login
Fri, 05 Aug 2022 14:03:57-root-app.py-[line:39]-INFO-[日志信息]: /api/login
Fri, 05 Aug 2022 14:03:57-root-app.py-[line:64]-INFO-[日志信息]: reuquest api:/api/login
Fri, 05 Aug 2022 14:30:16-root-app.py-[line:39]-INFO-[日志信息]: /api/login
Fri, 05 Aug 2022 14:30:16-root-app.py-[line:64]-INFO-[日志信息]: reuquest api:/api/login
Fri, 05 Aug 2022 14:32:21-root-app.py-[line:39]-INFO-[日志信息]: /api/login
Fri, 05 Aug 2022 14:32:21-root-app.py-[line:64]-INFO-[日志信息]: reuquest api:/api/login
Fri, 05 Aug 2022 14:32:56-root-app.py-[line:39]-INFO-[日志信息]: /api/login
Fri, 05 Aug 2022 14:32:56-root-app.py-[line:64]-INFO-[日志信息]: reuquest api:/api/login
Fri, 05 Aug 2022 14:33:26-root-app.py-[line:39]-INFO-[日志信息]: /api/login
Fri, 05 Aug 2022 14:33:26-root-app.py-[line:64]-INFO-[日志信息]: reuquest api:/api/login
Fri, 05 Aug 2022 14:33:55-root-app.py-[line:39]-INFO-[日志信息]: /api/login
Fri, 05 Aug 2022 14:33:55-root-app.py-[line:64]-INFO-[日志信息]: reuquest api:/api/login
Fri, 05 Aug 2022 14:36:54-root-app.py-[line:39]-INFO-[日志信息]: /api/login
Fri, 05 Aug 2022 14:36:54-root-app.py-[line:64]-INFO-[日志信息]: reuquest api:/api/login
Fri, 05 Aug 2022 14:37:41-root-app.py-[line:39]-INFO-[日志信息]: /api/login
Fri, 05 Aug 2022 14:37:41-root-app.py-[line:64]-INFO-[日志信息]: reuquest api:/api/login
Fri, 05 Aug 2022 14:38:18-root-app.py-[line:39]-INFO-[日志信息]: /api/login
Fri, 05 Aug 2022 14:38:18-root-app.py-[line:64]-INFO-[日志信息]: reuquest api:/api/login
Fri, 05 Aug 2022 14:39:00-root-app.py-[line:39]-INFO-[日志信息]: /api/login
Fri, 05 Aug 2022 14:39:00-root-app.py-[line:64]-INFO-[日志信息]: reuquest api:/api/login
Fri, 05 Aug 2022 14:40:20-root-app.py-[line:39]-INFO-[日志信息]: /api/login
Fri, 05 Aug 2022 14:40:20-root-app.py-[line:64]-INFO-[日志信息]: reuquest api:/api/login
Fri, 05 Aug 2022 14:42:24-root-app.py-[line:39]-INFO-[日志信息]: /api/login
Fri, 05 Aug 2022 14:42:24-root-app.py-[line:64]-INFO-[日志信息]: reuquest api:/api/login
Fri, 05 Aug 2022 14:43:09-root-app.py-[line:39]-INFO-[日志信息]: /api/login
Fri, 05 Aug 2022 14:43:09-root-app.py-[line:64]-INFO-[日志信息]: reuquest api:/api/login
Fri, 05 Aug 2022 15:06:15-root-app.py-[line:39]-INFO-[日志信息]: /api/login
Fri, 05 Aug 2022 15:06:15-root-app.py-[line:64]-INFO-[日志信息]: reuquest api:/api/login
Fri, 05 Aug 2022 15:06:26-root-app.py-[line:39]-INFO-[日志信息]: /api/login
Fri, 05 Aug 2022 15:06:26-root-app.py-[line:64]-INFO-[日志信息]: reuquest api:/api/login
Fri, 05 Aug 2022 15:50:43-root-app.py-[line:39]-INFO-[日志信息]: /api/login
Fri, 05 Aug 2022 15:50:43-root-app.py-[line:64]-INFO-[日志信息]: reuquest api:/api/login
